###############################################################################
#
# IAR C/C++ Compiler V10.10.1.4655 for 8051               26/Mar/2023  16:30:17
# Copyright 2004-2017 IAR Systems AB.
# Standalone license - IAR Embedded Workbench for 8051
#
#    Core               =  plain
#    Code model         =  banked
#    Data model         =  large
#    Calling convention =  xdata reentrant
#    Constant location  =  data_rom
#    Dptr setup         =  1,16
#                          
#    Source file        =  
#        D:\×ÀÃæ\¡¶ZigBee3.0¿ª·¢Ö¸ÄÏ¡·ÅäÌ××ÊÔ´£¨¸½¼Ó²¿·Ö£©\¿ÎÍâÆª£ºÏîÄ¿ÊµÕ½\»ùÓÚZigbeeµÄÎÂÊª¶È
#        &
#        ¹âÕÕ¶È²É¼¯ÏµÍ³\ZigBeeÉè±¸¶Ë¹Ì¼şÓëÔ´Âë\Ô´Âë\Components\hal\target\CC2530EB\hal_key.c
#    Command line       =  
#        -f C:\Users\11148\AppData\Local\Temp\EWBD90.tmp
#        ("D:\×ÀÃæ\¡¶ZigBee3.0¿ª·¢Ö¸ÄÏ¡·ÅäÌ××ÊÔ´£¨¸½¼Ó²¿·Ö£©\¿ÎÍâÆª£ºÏîÄ¿ÊµÕ½\»ùÓÚZigbeeµÄÎÂÊª¶È
#        &
#        ¹âÕÕ¶È²É¼¯ÏµÍ³\ZigBeeÉè±¸¶Ë¹Ì¼şÓëÔ´Âë\Ô´Âë\Components\hal\target\CC2530EB\hal_key.c"
#        -D SECURE=1 -D TC_LINKKEY_JOIN -D NV_INIT -D NV_RESTORE -D xZTOOL_P1
#        -D xMT_TASK -D xMT_APP_FUNC -D xMT_SYS_FUNC -D xMT_ZDO_FUNC -D
#        xMT_ZDO_MGMT -D xMT_APP_CNF_FUNC -D LCD_SUPPORTED=DEBUG -D
#        MULTICAST_ENABLED=FALSE -D ZCL_READ -D ZCL_DISCOVER -D ZCL_WRITE -D
#        ZCL_BASIC -D ZCL_IDENTIFY -D ZCL_ON_OFF -D ZCL_GROUPS -D
#        ZCL_LEVEL_CTRL -D HAL_KEY=TRUE -D xISR_KEYINTERRUPT -D HAL_UART=TRUE
#        -D INT_HEAP_LEN=2048 -D HAL_LCD=TRUE -D HAL_LCD_OLED12864=TRUE -lC
#        "D:\×ÀÃæ\¡¶ZigBee3.0¿ª·¢Ö¸ÄÏ¡·ÅäÌ××ÊÔ´£¨¸½¼Ó²¿·Ö£©\¿ÎÍâÆª£ºÏîÄ¿ÊµÕ½\»ùÓÚZigbeeµÄÎÂÊª¶È
#        &
#        ¹âÕÕ¶È²É¼¯ÏµÍ³\ZigBeeÉè±¸¶Ë¹Ì¼şÓëÔ´Âë\Ô´Âë\Projects\CC2530\Category\Coordinator\List"
#        -lA
#        "D:\×ÀÃæ\¡¶ZigBee3.0¿ª·¢Ö¸ÄÏ¡·ÅäÌ××ÊÔ´£¨¸½¼Ó²¿·Ö£©\¿ÎÍâÆª£ºÏîÄ¿ÊµÕ½\»ùÓÚZigbeeµÄÎÂÊª¶È
#        &
#        ¹âÕÕ¶È²É¼¯ÏµÍ³\ZigBeeÉè±¸¶Ë¹Ì¼şÓëÔ´Âë\Ô´Âë\Projects\CC2530\Category\Coordinator\List"
#        --diag_suppress Pe001,Pa010 -o
#        "D:\×ÀÃæ\¡¶ZigBee3.0¿ª·¢Ö¸ÄÏ¡·ÅäÌ××ÊÔ´£¨¸½¼Ó²¿·Ö£©\¿ÎÍâÆª£ºÏîÄ¿ÊµÕ½\»ùÓÚZigbeeµÄÎÂÊª¶È
#        &
#        ¹âÕÕ¶È²É¼¯ÏµÍ³\ZigBeeÉè±¸¶Ë¹Ì¼şÓëÔ´Âë\Ô´Âë\Projects\CC2530\Category\Coordinator\Obj"
#        -e --debug --core=plain --dptr=16,1 --data_model=large
#        --code_model=banked --calling_convention=xdata_reentrant
#        --place_constants=data_rom --nr_virtual_regs 16 -f
#        "D:\×ÀÃæ\¡¶ZigBee3.0¿ª·¢Ö¸ÄÏ¡·ÅäÌ××ÊÔ´£¨¸½¼Ó²¿·Ö£©\¿ÎÍâÆª£ºÏîÄ¿ÊµÕ½\»ùÓÚZigbeeµÄÎÂÊª¶È
#        &
#        ¹âÕÕ¶È²É¼¯ÏµÍ³\ZigBeeÉè±¸¶Ë¹Ì¼şÓëÔ´Âë\Ô´Âë\Projects\CC2530\Tools\f8wCoord.cfg"
#        (-DCPU32MHZ -DROOT=__near_func -DMAC_CFG_APP_PENDING_QUEUE=TRUE
#        -DMAC_CFG_TX_DATA_MAX=5 -DMAC_CFG_TX_MAX=8 -DMAC_CFG_RX_MAX=5
#        -DZDO_COORDINATOR -DRTR_NWK) -f
#        "D:\×ÀÃæ\¡¶ZigBee3.0¿ª·¢Ö¸ÄÏ¡·ÅäÌ××ÊÔ´£¨¸½¼Ó²¿·Ö£©\¿ÎÍâÆª£ºÏîÄ¿ÊµÕ½\»ùÓÚZigbeeµÄÎÂÊª¶È
#        &
#        ¹âÕÕ¶È²É¼¯ÏµÍ³\ZigBeeÉè±¸¶Ë¹Ì¼şÓëÔ´Âë\Ô´Âë\Projects\CC2530\Tools\f8wConfig.cfg"
#        (-DZIGBEEPRO -DSECURE=1 -DZG_SECURE_DYNAMIC=0 -DREFLECTOR
#        -DDEFAULT_CHANLIST=0x00000800 -DZDAPP_CONFIG_PAN_ID=0x0402
#        -DNWK_START_DELAY=100 -DEXTENDED_JOINING_RANDOM_MASK=0x007F
#        -DBEACON_REQUEST_DELAY=100 -DBEACON_REQ_DELAY_MASK=0x00FF
#        -DLINK_STATUS_JITTER_MASK=0x007F -DROUTE_EXPIRY_TIME=30
#        -DAPSC_ACK_WAIT_DURATION_POLLED=3000 -DNWK_INDIRECT_MSG_TIMEOUT=7
#        -DMAX_RREQ_ENTRIES=8 -DAPSC_MAX_FRAME_RETRIES=3
#        -DNWK_MAX_DATA_RETRIES=2 -DMAX_POLL_FAILURE_RETRIES=2 -DMAX_BCAST=9
#        -DAPS_MAX_GROUPS=16 -DMAX_RTG_ENTRIES=40 -DNWK_MAX_BINDING_ENTRIES=4
#        -DMAX_BINDING_CLUSTER_IDS=4 "-DDEFAULT_KEY={0x5a, 0x69, 0x67, 0x42,
#        0x65,0x65, 0x41, 0x6c, 0x6c, 0x69, 0x61, 0x6e, 0x63, 0x65, 0x30,
#        0x39}" -DMAC_MAX_FRAME_SIZE=116 -DZDNWKMGR_MIN_TRANSMISSIONS=20
#        "-DCONST=const __code" -DGENERIC=__generic -DRFD_RCVC_ALWAYS_ON=FALSE
#        -DPOLL_RATE=1000 -DQUEUED_POLL_RATE=100 -DRESPONSE_POLL_RATE=100
#        -DREJOIN_POLL_RATE=440 -DREJOIN_BACKOFF=900000 -DREJOIN_SCAN=900000
#        -DENABLE_LED4_DISABLE_S1) -f
#        "D:\×ÀÃæ\¡¶ZigBee3.0¿ª·¢Ö¸ÄÏ¡·ÅäÌ××ÊÔ´£¨¸½¼Ó²¿·Ö£©\¿ÎÍâÆª£ºÏîÄ¿ÊµÕ½\»ùÓÚZigbeeµÄÎÂÊª¶È
#        &
#        ¹âÕÕ¶È²É¼¯ÏµÍ³\ZigBeeÉè±¸¶Ë¹Ì¼şÓëÔ´Âë\Ô´Âë\Projects\CC2530\Tools\f8wZCL.cfg"
#        -I
#        "D:\×ÀÃæ\¡¶ZigBee3.0¿ª·¢Ö¸ÄÏ¡·ÅäÌ××ÊÔ´£¨¸½¼Ó²¿·Ö£©\¿ÎÍâÆª£ºÏîÄ¿ÊµÕ½\»ùÓÚZigbeeµÄÎÂÊª¶È
#        & ¹âÕÕ¶È²É¼¯ÏµÍ³\ZigBeeÉè±¸¶Ë¹Ì¼şÓëÔ´Âë\Ô´Âë\Projects\CC2530\" -I
#        "D:\×ÀÃæ\¡¶ZigBee3.0¿ª·¢Ö¸ÄÏ¡·ÅäÌ××ÊÔ´£¨¸½¼Ó²¿·Ö£©\¿ÎÍâÆª£ºÏîÄ¿ÊµÕ½\»ùÓÚZigbeeµÄÎÂÊª¶È
#        &
#        ¹âÕÕ¶È²É¼¯ÏµÍ³\ZigBeeÉè±¸¶Ë¹Ì¼şÓëÔ´Âë\Ô´Âë\Projects\CC2530\..\..\Components\hal\include\"
#        -I
#        "D:\×ÀÃæ\¡¶ZigBee3.0¿ª·¢Ö¸ÄÏ¡·ÅäÌ××ÊÔ´£¨¸½¼Ó²¿·Ö£©\¿ÎÍâÆª£ºÏîÄ¿ÊµÕ½\»ùÓÚZigbeeµÄÎÂÊª¶È
#        &
#        ¹âÕÕ¶È²É¼¯ÏµÍ³\ZigBeeÉè±¸¶Ë¹Ì¼şÓëÔ´Âë\Ô´Âë\Projects\CC2530\..\..\Components\hal\target\CC2530EB\"
#        -I
#        "D:\×ÀÃæ\¡¶ZigBee3.0¿ª·¢Ö¸ÄÏ¡·ÅäÌ××ÊÔ´£¨¸½¼Ó²¿·Ö£©\¿ÎÍâÆª£ºÏîÄ¿ÊµÕ½\»ùÓÚZigbeeµÄÎÂÊª¶È
#        &
#        ¹âÕÕ¶È²É¼¯ÏµÍ³\ZigBeeÉè±¸¶Ë¹Ì¼şÓëÔ´Âë\Ô´Âë\Projects\CC2530\..\..\Components\hal\userspace\"
#        -I
#        "D:\×ÀÃæ\¡¶ZigBee3.0¿ª·¢Ö¸ÄÏ¡·ÅäÌ××ÊÔ´£¨¸½¼Ó²¿·Ö£©\¿ÎÍâÆª£ºÏîÄ¿ÊµÕ½\»ùÓÚZigbeeµÄÎÂÊª¶È
#        &
#        ¹âÕÕ¶È²É¼¯ÏµÍ³\ZigBeeÉè±¸¶Ë¹Ì¼şÓëÔ´Âë\Ô´Âë\Projects\CC2530\..\..\Components\mac\include\"
#        -I
#        "D:\×ÀÃæ\¡¶ZigBee3.0¿ª·¢Ö¸ÄÏ¡·ÅäÌ××ÊÔ´£¨¸½¼Ó²¿·Ö£©\¿ÎÍâÆª£ºÏîÄ¿ÊµÕ½\»ùÓÚZigbeeµÄÎÂÊª¶È
#        &
#        ¹âÕÕ¶È²É¼¯ÏµÍ³\ZigBeeÉè±¸¶Ë¹Ì¼şÓëÔ´Âë\Ô´Âë\Projects\CC2530\..\..\Components\mac\high_level\"
#        -I
#        "D:\×ÀÃæ\¡¶ZigBee3.0¿ª·¢Ö¸ÄÏ¡·ÅäÌ××ÊÔ´£¨¸½¼Ó²¿·Ö£©\¿ÎÍâÆª£ºÏîÄ¿ÊµÕ½\»ùÓÚZigbeeµÄÎÂÊª¶È
#        &
#        ¹âÕÕ¶È²É¼¯ÏµÍ³\ZigBeeÉè±¸¶Ë¹Ì¼şÓëÔ´Âë\Ô´Âë\Projects\CC2530\..\..\Components\mac\low_level\srf04\"
#        -I
#        "D:\×ÀÃæ\¡¶ZigBee3.0¿ª·¢Ö¸ÄÏ¡·ÅäÌ××ÊÔ´£¨¸½¼Ó²¿·Ö£©\¿ÎÍâÆª£ºÏîÄ¿ÊµÕ½\»ùÓÚZigbeeµÄÎÂÊª¶È
#        &
#        ¹âÕÕ¶È²É¼¯ÏµÍ³\ZigBeeÉè±¸¶Ë¹Ì¼şÓëÔ´Âë\Ô´Âë\Projects\CC2530\..\..\Components\mac\low_level\srf04\single_chip\"
#        -I
#        "D:\×ÀÃæ\¡¶ZigBee3.0¿ª·¢Ö¸ÄÏ¡·ÅäÌ××ÊÔ´£¨¸½¼Ó²¿·Ö£©\¿ÎÍâÆª£ºÏîÄ¿ÊµÕ½\»ùÓÚZigbeeµÄÎÂÊª¶È
#        &
#        ¹âÕÕ¶È²É¼¯ÏµÍ³\ZigBeeÉè±¸¶Ë¹Ì¼şÓëÔ´Âë\Ô´Âë\Projects\CC2530\..\..\Components\mt\"
#        -I
#        "D:\×ÀÃæ\¡¶ZigBee3.0¿ª·¢Ö¸ÄÏ¡·ÅäÌ××ÊÔ´£¨¸½¼Ó²¿·Ö£©\¿ÎÍâÆª£ºÏîÄ¿ÊµÕ½\»ùÓÚZigbeeµÄÎÂÊª¶È
#        &
#        ¹âÕÕ¶È²É¼¯ÏµÍ³\ZigBeeÉè±¸¶Ë¹Ì¼şÓëÔ´Âë\Ô´Âë\Projects\CC2530\..\..\Components\osal\include\"
#        -I
#        "D:\×ÀÃæ\¡¶ZigBee3.0¿ª·¢Ö¸ÄÏ¡·ÅäÌ××ÊÔ´£¨¸½¼Ó²¿·Ö£©\¿ÎÍâÆª£ºÏîÄ¿ÊµÕ½\»ùÓÚZigbeeµÄÎÂÊª¶È
#        &
#        ¹âÕÕ¶È²É¼¯ÏµÍ³\ZigBeeÉè±¸¶Ë¹Ì¼şÓëÔ´Âë\Ô´Âë\Projects\CC2530\..\..\Components\services\saddr\"
#        -I
#        "D:\×ÀÃæ\¡¶ZigBee3.0¿ª·¢Ö¸ÄÏ¡·ÅäÌ××ÊÔ´£¨¸½¼Ó²¿·Ö£©\¿ÎÍâÆª£ºÏîÄ¿ÊµÕ½\»ùÓÚZigbeeµÄÎÂÊª¶È
#        &
#        ¹âÕÕ¶È²É¼¯ÏµÍ³\ZigBeeÉè±¸¶Ë¹Ì¼şÓëÔ´Âë\Ô´Âë\Projects\CC2530\..\..\Components\services\sdata\"
#        -I
#        "D:\×ÀÃæ\¡¶ZigBee3.0¿ª·¢Ö¸ÄÏ¡·ÅäÌ××ÊÔ´£¨¸½¼Ó²¿·Ö£©\¿ÎÍâÆª£ºÏîÄ¿ÊµÕ½\»ùÓÚZigbeeµÄÎÂÊª¶È
#        &
#        ¹âÕÕ¶È²É¼¯ÏµÍ³\ZigBeeÉè±¸¶Ë¹Ì¼şÓëÔ´Âë\Ô´Âë\Projects\CC2530\..\..\Components\stack\af\"
#        -I
#        "D:\×ÀÃæ\¡¶ZigBee3.0¿ª·¢Ö¸ÄÏ¡·ÅäÌ××ÊÔ´£¨¸½¼Ó²¿·Ö£©\¿ÎÍâÆª£ºÏîÄ¿ÊµÕ½\»ùÓÚZigbeeµÄÎÂÊª¶È
#        &
#        ¹âÕÕ¶È²É¼¯ÏµÍ³\ZigBeeÉè±¸¶Ë¹Ì¼şÓëÔ´Âë\Ô´Âë\Projects\CC2530\..\..\Components\stack\bdb\"
#        -I
#        "D:\×ÀÃæ\¡¶ZigBee3.0¿ª·¢Ö¸ÄÏ¡·ÅäÌ××ÊÔ´£¨¸½¼Ó²¿·Ö£©\¿ÎÍâÆª£ºÏîÄ¿ÊµÕ½\»ùÓÚZigbeeµÄÎÂÊª¶È
#        &
#        ¹âÕÕ¶È²É¼¯ÏµÍ³\ZigBeeÉè±¸¶Ë¹Ì¼şÓëÔ´Âë\Ô´Âë\Projects\CC2530\..\..\Components\stack\gp\"
#        -I
#        "D:\×ÀÃæ\¡¶ZigBee3.0¿ª·¢Ö¸ÄÏ¡·ÅäÌ××ÊÔ´£¨¸½¼Ó²¿·Ö£©\¿ÎÍâÆª£ºÏîÄ¿ÊµÕ½\»ùÓÚZigbeeµÄÎÂÊª¶È
#        &
#        ¹âÕÕ¶È²É¼¯ÏµÍ³\ZigBeeÉè±¸¶Ë¹Ì¼şÓëÔ´Âë\Ô´Âë\Projects\CC2530\..\..\Components\stack\nwk\"
#        -I
#        "D:\×ÀÃæ\¡¶ZigBee3.0¿ª·¢Ö¸ÄÏ¡·ÅäÌ××ÊÔ´£¨¸½¼Ó²¿·Ö£©\¿ÎÍâÆª£ºÏîÄ¿ÊµÕ½\»ùÓÚZigbeeµÄÎÂÊª¶È
#        &
#        ¹âÕÕ¶È²É¼¯ÏµÍ³\ZigBeeÉè±¸¶Ë¹Ì¼şÓëÔ´Âë\Ô´Âë\Projects\CC2530\..\..\Components\stack\sapi\"
#        -I
#        "D:\×ÀÃæ\¡¶ZigBee3.0¿ª·¢Ö¸ÄÏ¡·ÅäÌ××ÊÔ´£¨¸½¼Ó²¿·Ö£©\¿ÎÍâÆª£ºÏîÄ¿ÊµÕ½\»ùÓÚZigbeeµÄÎÂÊª¶È
#        &
#        ¹âÕÕ¶È²É¼¯ÏµÍ³\ZigBeeÉè±¸¶Ë¹Ì¼şÓëÔ´Âë\Ô´Âë\Projects\CC2530\..\..\Components\stack\sec\"
#        -I
#        "D:\×ÀÃæ\¡¶ZigBee3.0¿ª·¢Ö¸ÄÏ¡·ÅäÌ××ÊÔ´£¨¸½¼Ó²¿·Ö£©\¿ÎÍâÆª£ºÏîÄ¿ÊµÕ½\»ùÓÚZigbeeµÄÎÂÊª¶È
#        &
#        ¹âÕÕ¶È²É¼¯ÏµÍ³\ZigBeeÉè±¸¶Ë¹Ì¼şÓëÔ´Âë\Ô´Âë\Projects\CC2530\..\..\Components\stack\sys\"
#        -I
#        "D:\×ÀÃæ\¡¶ZigBee3.0¿ª·¢Ö¸ÄÏ¡·ÅäÌ××ÊÔ´£¨¸½¼Ó²¿·Ö£©\¿ÎÍâÆª£ºÏîÄ¿ÊµÕ½\»ùÓÚZigbeeµÄÎÂÊª¶È
#        &
#        ¹âÕÕ¶È²É¼¯ÏµÍ³\ZigBeeÉè±¸¶Ë¹Ì¼şÓëÔ´Âë\Ô´Âë\Projects\CC2530\..\..\Components\stack\zcl\"
#        -I
#        "D:\×ÀÃæ\¡¶ZigBee3.0¿ª·¢Ö¸ÄÏ¡·ÅäÌ××ÊÔ´£¨¸½¼Ó²¿·Ö£©\¿ÎÍâÆª£ºÏîÄ¿ÊµÕ½\»ùÓÚZigbeeµÄÎÂÊª¶È
#        &
#        ¹âÕÕ¶È²É¼¯ÏµÍ³\ZigBeeÉè±¸¶Ë¹Ì¼şÓëÔ´Âë\Ô´Âë\Projects\CC2530\..\..\Components\stack\zdo\"
#        -I
#        "D:\×ÀÃæ\¡¶ZigBee3.0¿ª·¢Ö¸ÄÏ¡·ÅäÌ××ÊÔ´£¨¸½¼Ó²¿·Ö£©\¿ÎÍâÆª£ºÏîÄ¿ÊµÕ½\»ùÓÚZigbeeµÄÎÂÊª¶È
#        &
#        ¹âÕÕ¶È²É¼¯ÏµÍ³\ZigBeeÉè±¸¶Ë¹Ì¼şÓëÔ´Âë\Ô´Âë\Projects\CC2530\..\..\Components\zmac\"
#        -I
#        "D:\×ÀÃæ\¡¶ZigBee3.0¿ª·¢Ö¸ÄÏ¡·ÅäÌ××ÊÔ´£¨¸½¼Ó²¿·Ö£©\¿ÎÍâÆª£ºÏîÄ¿ÊµÕ½\»ùÓÚZigbeeµÄÎÂÊª¶È
#        &
#        ¹âÕÕ¶È²É¼¯ÏµÍ³\ZigBeeÉè±¸¶Ë¹Ì¼şÓëÔ´Âë\Ô´Âë\Projects\CC2530\..\..\Components\zmac\f8w\"
#        -I
#        "D:\×ÀÃæ\¡¶ZigBee3.0¿ª·¢Ö¸ÄÏ¡·ÅäÌ××ÊÔ´£¨¸½¼Ó²¿·Ö£©\¿ÎÍâÆª£ºÏîÄ¿ÊµÕ½\»ùÓÚZigbeeµÄÎÂÊª¶È
#        &
#        ¹âÕÕ¶È²É¼¯ÏµÍ³\ZigBeeÉè±¸¶Ë¹Ì¼şÓëÔ´Âë\Ô´Âë\Projects\CC2530\..\..\Applications\"
#        -Ohz --require_prototypes)
#    Locale             =  Chinese (Simplified)_China.936
#    List file          =  
#        D:\×ÀÃæ\¡¶ZigBee3.0¿ª·¢Ö¸ÄÏ¡·ÅäÌ××ÊÔ´£¨¸½¼Ó²¿·Ö£©\¿ÎÍâÆª£ºÏîÄ¿ÊµÕ½\»ùÓÚZigbeeµÄÎÂÊª¶È
#        &
#        ¹âÕÕ¶È²É¼¯ÏµÍ³\ZigBeeÉè±¸¶Ë¹Ì¼şÓëÔ´Âë\Ô´Âë\Projects\CC2530\Category\Coordinator\List\hal_key.lst
#    Object file        =  
#        D:\×ÀÃæ\¡¶ZigBee3.0¿ª·¢Ö¸ÄÏ¡·ÅäÌ××ÊÔ´£¨¸½¼Ó²¿·Ö£©\¿ÎÍâÆª£ºÏîÄ¿ÊµÕ½\»ùÓÚZigbeeµÄÎÂÊª¶È
#        &
#        ¹âÕÕ¶È²É¼¯ÏµÍ³\ZigBeeÉè±¸¶Ë¹Ì¼şÓëÔ´Âë\Ô´Âë\Projects\CC2530\Category\Coordinator\Obj\hal_key.r51
#
###############################################################################

D:\×ÀÃæ\¡¶ZigBee3.0¿ª·¢Ö¸ÄÏ¡·ÅäÌ××ÊÔ´£¨¸½¼Ó²¿·Ö£©\¿ÎÍâÆª£ºÏîÄ¿ÊµÕ½\»ùÓÚZigbeeµÄÎÂÊª¶È & ¹âÕÕ¶È²É¼¯ÏµÍ³\ZigBeeÉè±¸¶Ë¹Ì¼şÓëÔ´Âë\Ô´Âë\Components\hal\target\CC2530EB\hal_key.c
      1          /**************************************************************************************************
      2            Filename:       hal_key.c
      3            Revised:        $Date: 2010-09-15 19:02:45 -0700 (Wed, 15 Sep 2010) $
      4            Revision:       $Revision: 23815 $
      5          
      6            Description:    This file contains the interface to the HAL KEY Service.
      7          
      8          
      9            Copyright 2006-2010 Texas Instruments Incorporated. All rights reserved.
     10          
     11            IMPORTANT: Your use of this Software is limited to those specific rights
     12            granted under the terms of a software license agreement between the user
     13            who downloaded the software, his/her employer (which must be your employer)
     14            and Texas Instruments Incorporated (the "License").  You may not use this
     15            Software unless you agree to abide by the terms of the License. The License
     16            limits your use, and you acknowledge, that the Software may not be modified,
     17            copied or distributed unless embedded on a Texas Instruments microcontroller
     18            or used solely and exclusively in conjunction with a Texas Instruments radio
     19            frequency transceiver, which is integrated into your product.  Other than for
     20            the foregoing purpose, you may not use, reproduce, copy, prepare derivative
     21            works of, modify, distribute, perform, display or sell this Software and/or
     22            its documentation for any purpose.
     23          
     24            YOU FURTHER ACKNOWLEDGE AND AGREE THAT THE SOFTWARE AND DOCUMENTATION ARE
     25            PROVIDED “AS IS” WITHOUT WARRANTY OF ANY KIND, EITHER EXPRESS OR IMPLIED,
     26            INCLUDING WITHOUT LIMITATION, ANY WARRANTY OF MERCHANTABILITY, TITLE,
     27            NON-INFRINGEMENT AND FITNESS FOR A PARTICULAR PURPOSE. IN NO EVENT SHALL
     28            TEXAS INSTRUMENTS OR ITS LICENSORS BE LIABLE OR OBLIGATED UNDER CONTRACT,
     29            NEGLIGENCE, STRICT LIABILITY, CONTRIBUTION, BREACH OF WARRANTY, OR OTHER
     30            LEGAL EQUITABLE THEORY ANY DIRECT OR INDIRECT DAMAGES OR EXPENSES
     31            INCLUDING BUT NOT LIMITED TO ANY INCIDENTAL, SPECIAL, INDIRECT, PUNITIVE
     32            OR CONSEQUENTIAL DAMAGES, LOST PROFITS OR LOST DATA, COST OF PROCUREMENT
     33            OF SUBSTITUTE GOODS, TECHNOLOGY, SERVICES, OR ANY CLAIMS BY THIRD PARTIES
     34            (INCLUDING BUT NOT LIMITED TO ANY DEFENSE THEREOF), OR OTHER SIMILAR COSTS.
     35          
     36            Should you have any questions regarding your right to use this Software,
     37            contact Texas Instruments Incorporated at www.TI.com.
     38          **************************************************************************************************/
     39          /*********************************************************************
     40           NOTE: If polling is used, the hal_driver task schedules the KeyRead()
     41                 to occur every 100ms.  This should be long enough to naturally
     42                 debounce the keys.  The KeyRead() function remembers the key
     43                 state of the previous poll and will only return a non-zero
     44                 value if the key state changes.
     45          
     46           NOTE: If interrupts are used, the KeyRead() function is scheduled
     47                 25ms after the interrupt occurs by the ISR.  This delay is used
     48                 for key debouncing.  The ISR disables any further Key interrupt
     49                 until KeyRead() is executed.  KeyRead() will re-enable Key
     50                 interrupts after executing.  Unlike polling, when interrupts
     51                 are enabled, the previous key state is not remembered.  This
     52                 means that KeyRead() will return the current state of the keys
     53                 (not a change in state of the keys).
     54          
     55           NOTE: If interrupts are used, the KeyRead() fucntion is scheduled by
     56                 the ISR.  Therefore, the joystick movements will only be detected
     57                 during a pushbutton interrupt caused by S1 or the center joystick
     58                 pushbutton.
     59          
     60           NOTE: When a switch like S1 is pushed, the S1 signal goes from a normally
     61                 high state to a low state.  This transition is typically clean.  The
     62                 duration of the low state is around 200ms.  When the signal returns
     63                 to the high state, there is a high likelihood of signal bounce, which
     64                 causes a unwanted interrupts.  Normally, we would set the interrupt
     65                 edge to falling edge to generate an interrupt when S1 is pushed, but
     66                 because of the signal bounce, it is better to set the edge to rising
     67                 edge to generate an interrupt when S1 is released.  The debounce logic
     68                 can then filter out the signal bounce.  The result is that we typically
     69                 get only 1 interrupt per button push.  This mechanism is not totally
     70                 foolproof because occasionally, signal bound occurs during the falling
     71                 edge as well.  A similar mechanism is used to handle the joystick
     72                 pushbutton on the DB.  For the EB, we do not have independent control
     73                 of the interrupt edge for the S1 and center joystick pushbutton.  As
     74                 a result, only one or the other pushbuttons work reasonably well with
     75                 interrupts.  The default is the make the S1 switch on the EB work more
     76                 reliably.
     77          
     78          *********************************************************************/
     79          
     80          /**************************************************************************************************
     81           *                                            INCLUDES
     82           **************************************************************************************************/
     83          #include "hal_mcu.h"

   \                                 In  segment SFR_AN, at 0x80
   \   union <unnamed> volatile __sfr _A_P0
   \                     _A_P0:
   \   000000                DS 1

   \                                 In  segment SFR_AN, at 0x89
   \   unsigned char volatile __sfr P0IFG
   \                     P0IFG:
   \   000000                DS 1

   \                                 In  segment SFR_AN, at 0x8c
   \   unsigned char volatile __sfr PICTL
   \                     PICTL:
   \   000000                DS 1

   \                                 In  segment SFR_AN, at 0xa8
   \   union <unnamed> volatile __sfr _A_IEN0
   \                     _A_IEN0:
   \   000000                DS 1

   \                                 In  segment SFR_AN, at 0xab
   \   unsigned char volatile __sfr P0IEN
   \                     P0IEN:
   \   000000                DS 1

   \                                 In  segment SFR_AN, at 0xb8
   \   union <unnamed> volatile __sfr _A_IEN1
   \                     _A_IEN1:
   \   000000                DS 1

   \                                 In  segment SFR_AN, at 0xc0
   \   union <unnamed> volatile __sfr _A_IRCON
   \                     _A_IRCON:
   \   000000                DS 1

   \                                 In  segment SFR_AN, at 0xf3
   \   unsigned char volatile __sfr P0SEL
   \                     P0SEL:
   \   000000                DS 1

   \                                 In  segment SFR_AN, at 0xfd
   \   unsigned char volatile __sfr P0DIR
   \                     P0DIR:
   \   000000                DS 1
     84          #include "hal_defs.h"
     85          #include "hal_types.h"
     86          #include "hal_board.h"
     87          #include "hal_drivers.h"
     88          #include "hal_adc.h"
     89          #include "hal_key.h"
     90          #include "osal.h"
     91          
     92          #if (defined HAL_KEY) && (HAL_KEY == TRUE)
     93          
     94          /**************************************************************************************************
     95           *                                              MACROS
     96           **************************************************************************************************/
     97          
     98          /**************************************************************************************************
     99           *                                            CONSTANTS
    100           **************************************************************************************************/
    101          #define HAL_KEY_RISING_EDGE   0
    102          #define HAL_KEY_FALLING_EDGE  1
    103          
    104          #define HAL_KEY_DEBOUNCE_VALUE  25
    105          
    106          /* CPU port interrupt */
    107          #define HAL_KEY_CPU_PORT_0_IF P0IF
    108          
    109          /* SW_6 is at P0.1 */
    110          #define HAL_KEY_SW_6_PORT   P0
    111          #define HAL_KEY_SW_6_BIT    BV(1)
    112          #define HAL_KEY_SW_6_SEL    P0SEL
    113          #define HAL_KEY_SW_6_DIR    P0DIR
    114          
    115          /* edge interrupt */
    116          #define HAL_KEY_SW_6_EDGEBIT  BV(0)
    117          #define HAL_KEY_SW_6_EDGE     HAL_KEY_FALLING_EDGE
    118          
    119          /* SW_6 interrupts */
    120          #define HAL_KEY_SW_6_IEN      IEN1  /* CPU interrupt mask register */
    121          #define HAL_KEY_SW_6_IENBIT   BV(5) /* Mask bit for all of Port_0 */
    122          #define HAL_KEY_SW_6_ICTL     P0IEN /* Port Interrupt Control register */
    123          #define HAL_KEY_SW_6_ICTLBIT  BV(1) /* P0IEN - P0.1 enable/disable bit */
    124          #define HAL_KEY_SW_6_PXIFG    P0IFG /* Interrupt flag at source */
    125          
    126          
    127          /**************************************************************************************************
    128           *                                            TYPEDEFS
    129           **************************************************************************************************/
    130          
    131          
    132          /**************************************************************************************************
    133           *                                        GLOBAL VARIABLES
    134           **************************************************************************************************/

   \                                 In  segment XDATA_Z, align 1, keep-with-next
    135          static uint8 halKeySavedKeys;     /* used to store previous key state in polling mode */
   \                     halKeySavedKeys:
   \   000000                DS 1
   \   000001                REQUIRE __INIT_XDATA_Z

   \                                 In  segment XDATA_Z, align 1, keep-with-next
    136          static halKeyCBack_t pHalKeyProcessFunction;
   \                     pHalKeyProcessFunction:
   \   000000                DS 2
   \   000002                REQUIRE __INIT_XDATA_Z

   \                                 In  segment XDATA_Z, align 1, keep-with-next
    137          static uint8 HalKeyConfigured;
   \                     HalKeyConfigured:
   \   000000                DS 1
   \   000001                REQUIRE __INIT_XDATA_Z

   \                                 In  segment XDATA_Z, align 1, keep-with-next
    138          bool Hal_KeyIntEnable;            /* interrupt enable/disable flag */
   \                     Hal_KeyIntEnable:
   \   000000                DS 1
   \   000001                REQUIRE __INIT_XDATA_Z
    139          
    140          /**************************************************************************************************
    141           *                                        FUNCTIONS - Local
    142           **************************************************************************************************/
    143          void halProcessKeyInterrupt(void);
    144          
    145          
    146          
    147          /**************************************************************************************************
    148           *                                        FUNCTIONS - API
    149           **************************************************************************************************/
    150          
    151          
    152          /**************************************************************************************************
    153           * @fn      HalKeyInit
    154           *
    155           * @brief   Initilize Key Service
    156           *
    157           * @param   none
    158           *
    159           * @return  None
    160           **************************************************************************************************/

   \                                 In  segment BANKED_CODE, align 1, keep-with-next
    161          void HalKeyInit( void )
   \                     HalKeyInit:
    162          {
   \   000000   C082         PUSH      DPL
   \   000002   C083         PUSH      DPH
   \   000004                ; Saved register size: 2
   \   000004                ; Auto size: 0
    163            /* Initialize previous key to 0 */
    164            halKeySavedKeys = 0;
   \   000004   90....       MOV       DPTR,#halKeySavedKeys
   \   000007   E4           CLR       A
   \   000008   F0           MOVX      @DPTR,A
    165          
    166            HAL_KEY_SW_6_SEL &= ~(HAL_KEY_SW_6_BIT);    /* Set pin function to GPIO */
   \   000009   53F3FD       ANL       0xf3,#0xfd
    167            HAL_KEY_SW_6_DIR &= ~(HAL_KEY_SW_6_BIT);    /* Set pin direction to Input */
   \   00000C   53FDFD       ANL       0xfd,#0xfd
    168          
    169            /* Initialize callback function */
    170            pHalKeyProcessFunction  = NULL;
   \   00000F   90....       MOV       DPTR,#pHalKeyProcessFunction
   \   000012   F0           MOVX      @DPTR,A
   \   000013   A3           INC       DPTR
   \   000014   F0           MOVX      @DPTR,A
    171          
    172            /* Start with key is not configured */
    173            HalKeyConfigured = FALSE;
   \   000015   90....       MOV       DPTR,#HalKeyConfigured
   \   000018   F0           MOVX      @DPTR,A
    174          }
   \   000019   02....       LJMP      ?Subroutine0 & 0xFFFF
   \   00001C                REQUIRE P0SEL
   \   00001C                REQUIRE P0DIR

   \                                 In  segment BANKED_CODE, align 1, keep-with-next
   \                     ?Subroutine0:
   \   000000   D083         POP       DPH
   \   000002   D082         POP       DPL
   \   000004   02....       LJMP      ?BRET
    175          
    176          
    177          /**************************************************************************************************
    178           * @fn      HalKeyConfig
    179           *
    180           * @brief   Configure the Key serivce
    181           *
    182           * @param   interruptEnable - TRUE/FALSE, enable/disable interrupt
    183           *          cback - pointer to the CallBack function
    184           *
    185           * @return  None
    186           **************************************************************************************************/

   \                                 In  segment BANKED_CODE, align 1, keep-with-next
    187          void HalKeyConfig (bool interruptEnable, halKeyCBack_t cback)
   \                     HalKeyConfig:
    188          {
   \   000000   74F7         MOV       A,#-0x9
   \   000002   12....       LCALL     ?BANKED_ENTER_XDATA
   \   000005                ; Saved register size: 9
   \   000005                ; Auto size: 0
   \   000005   E9           MOV       A,R1
    189            /* Enable/Disable Interrupt or */
    190            Hal_KeyIntEnable = interruptEnable;
   \   000006   90....       MOV       DPTR,#Hal_KeyIntEnable
   \   000009   F0           MOVX      @DPTR,A
    191          
    192            /* Register the callback fucntion */
    193            pHalKeyProcessFunction = cback;
   \   00000A   90....       MOV       DPTR,#pHalKeyProcessFunction
   \   00000D   EA           MOV       A,R2
   \   00000E   F0           MOVX      @DPTR,A
   \   00000F   A3           INC       DPTR
   \   000010   EB           MOV       A,R3
   \   000011   F0           MOVX      @DPTR,A
    194          
    195            /* Determine if interrupt is enable or not */
    196            if (Hal_KeyIntEnable)
   \   000012   90....       MOV       DPTR,#Hal_KeyIntEnable
   \   000015   E0           MOVX      A,@DPTR
   \   000016   6024         JZ        ??HalKeyConfig_0
    197            {
    198              /* Rising/Falling edge configuratinn */
    199          
    200              PICTL &= ~(HAL_KEY_SW_6_EDGEBIT);    /* Clear the edge bit */
   \   000018   538CFE       ANL       0x8c,#0xfe
    201              /* For falling edge, the bit must be set. */
    202            #if (HAL_KEY_SW_6_EDGE == HAL_KEY_FALLING_EDGE)
    203              PICTL |= HAL_KEY_SW_6_EDGEBIT;
   \   00001B   438C01       ORL       0x8c,#0x1
    204            #endif
    205          
    206              /* Interrupt configuration:
    207               * - Enable interrupt generation at the port
    208               * - Enable CPU interrupt
    209               * - Clear any pending interrupt
    210               */
    211              HAL_KEY_SW_6_ICTL |= HAL_KEY_SW_6_ICTLBIT;
   \   00001E   43AB02       ORL       0xab,#0x2
    212              HAL_KEY_SW_6_IEN |= HAL_KEY_SW_6_IENBIT;
   \   000021   D2BD         SETB      0xb8.5
    213              HAL_KEY_SW_6_PXIFG = ~(HAL_KEY_SW_6_BIT);
   \   000023   7589FD       MOV       0x89,#-0x3
    214          
    215              /* Do this only after the hal_key is configured - to work with sleep stuff */
    216              if (HalKeyConfigured == TRUE)
   \   000026   90....       MOV       DPTR,#HalKeyConfigured
   \   000029   E0           MOVX      A,@DPTR
   \   00002A   6401         XRL       A,#0x1
   \   00002C   701F         JNZ       ??HalKeyConfig_1
    217              {
    218                osal_stop_timerEx(Hal_TaskID, HAL_KEY_EVENT);  /* Cancel polling if active */
   \   00002E                ; Setup parameters for call to function osal_stop_timerEx
   \   00002E   7A10         MOV       R2,#0x10
   \   000030   7B00         MOV       R3,#0x0
   \   000032   90....       MOV       DPTR,#Hal_TaskID
   \   000035   E0           MOVX      A,@DPTR
   \   000036   F9           MOV       R1,A
   \   000037   12....       LCALL     `??osal_stop_timerEx::?relay`; Banked call to: osal_stop_timerEx
   \   00003A   8011         SJMP      ??HalKeyConfig_1
    219              }
    220            }
    221            else    /* Interrupts NOT enabled */
    222            {
    223              HAL_KEY_SW_6_ICTL &= ~(HAL_KEY_SW_6_ICTLBIT); /* don't generate interrupt */
   \                     ??HalKeyConfig_0:
   \   00003C   53ABFD       ANL       0xab,#0xfd
    224              HAL_KEY_SW_6_IEN &= ~(HAL_KEY_SW_6_IENBIT);   /* Clear interrupt enable bit */
   \   00003F   C2BD         CLR       0xb8.5
    225          
    226              osal_set_event(Hal_TaskID, HAL_KEY_EVENT);
   \   000041                ; Setup parameters for call to function osal_set_event
   \   000041   7A10         MOV       R2,#0x10
   \   000043   7B00         MOV       R3,#0x0
   \   000045   90....       MOV       DPTR,#Hal_TaskID
   \   000048   E0           MOVX      A,@DPTR
   \   000049   F9           MOV       R1,A
   \   00004A   12....       LCALL     `??osal_set_event::?relay`; Banked call to: osal_set_event
    227            }
    228          
    229            /* Key now is configured */
    230            HalKeyConfigured = TRUE;
   \                     ??HalKeyConfig_1:
   \   00004D   90....       MOV       DPTR,#HalKeyConfigured
   \   000050   7401         MOV       A,#0x1
   \   000052   F0           MOVX      @DPTR,A
    231          }
   \   000053   FF           MOV       R7,A
   \   000054   02....       LJMP      ?BANKED_LEAVE_XDATA
   \   000057                REQUIRE PICTL
   \   000057                REQUIRE P0IEN
   \   000057                REQUIRE _A_IEN1
   \   000057                REQUIRE P0IFG
    232          
    233          
    234          /**************************************************************************************************
    235           * @fn      HalKeyRead
    236           *
    237           * @brief   Read the current value of a key
    238           *
    239           * @param   None
    240           *
    241           * @return  keys - current keys status
    242           **************************************************************************************************/

   \                                 In  segment BANKED_CODE, align 1, keep-with-next
    243          uint8 HalKeyRead ( void )
   \                     HalKeyRead:
    244          {
   \   000000                ; Saved register size: 0
   \   000000                ; Auto size: 0
    245            uint8 keys = 0;
   \   000000   7900         MOV       R1,#0x0
    246          
    247            if (HAL_PUSH_BUTTON1())
   \   000002   A281         MOV       C,0x80.1
   \   000004   4002         JC        ??HalKeyRead_0
    248            {
    249              keys |= HAL_KEY_SW_6;
   \   000006   7920         MOV       R1,#0x20
    250            }
    251            
    252            return keys;
   \                     ??HalKeyRead_0:
   \   000008   02....       LJMP      ?BRET
   \   00000B                REQUIRE _A_P0
    253          }
    254          
    255          
    256          /**************************************************************************************************
    257           * @fn      HalKeyPoll
    258           *
    259           * @brief   Called by hal_driver to poll the keys
    260           *
    261           * @param   None
    262           *
    263           * @return  None
    264           **************************************************************************************************/

   \                                 In  segment BANKED_CODE, align 1, keep-with-next
    265          void HalKeyPoll (void)
   \                     HalKeyPoll:
    266          {
   \   000000   C082         PUSH      DPL
   \   000002   C083         PUSH      DPH
   \   000004                ; Saved register size: 2
   \   000004                ; Auto size: 0
    267            uint8 keys = 0;
   \   000004   7900         MOV       R1,#0x0
    268          
    269            /* If interrupts are not enabled, previous key status and current key status
    270             * are compared to find out if a key has changed status.
    271             */
    272            if (!Hal_KeyIntEnable)
   \   000006   90....       MOV       DPTR,#Hal_KeyIntEnable
   \   000009   E0           MOVX      A,@DPTR
   \   00000A   7008         JNZ       ??HalKeyPoll_0
    273            {
    274              if (keys == halKeySavedKeys)
   \   00000C   90....       MOV       DPTR,#halKeySavedKeys
   \   00000F   E0           MOVX      A,@DPTR
   \   000010   6024         JZ        ??HalKeyPoll_1
    275              {
    276                /* Exit - since no keys have changed */
    277                return;
    278              }
    279              /* Store the current keys for comparation next time */
    280              halKeySavedKeys = keys;
   \   000012   E4           CLR       A
   \   000013   F0           MOVX      @DPTR,A
    281            }
    282            else
    283            {
    284              /* Key interrupt handled here */
    285            }
    286          
    287            if (HAL_PUSH_BUTTON1())
   \                     ??HalKeyPoll_0:
   \   000014   A281         MOV       C,0x80.1
   \   000016   4002         JC        ??HalKeyPoll_2
    288            {
    289              keys |= HAL_KEY_SW_6;
   \   000018   7920         MOV       R1,#0x20
    290            }
    291          
    292            /* Invoke Callback if new keys were depressed */
    293            if (pHalKeyProcessFunction
    294          #ifdef HAL_LEGACY_KEYS
    295              && keys //in legacy modes, only report key presses and do not report when a key is released
    296          #endif
    297              )
   \                     ??HalKeyPoll_2:
   \   00001A   90....       MOV       DPTR,#pHalKeyProcessFunction
   \   00001D   E0           MOVX      A,@DPTR
   \   00001E   FA           MOV       R2,A
   \   00001F   A3           INC       DPTR
   \   000020   E0           MOVX      A,@DPTR
   \   000021   FB           MOV       R3,A
   \   000022   EA           MOV       A,R2
   \   000023   4B           ORL       A,R3
   \   000024   6010         JZ        ??HalKeyPoll_1
    298            {
    299              (pHalKeyProcessFunction) (keys, HAL_KEY_STATE_NORMAL);
   \   000026                ; Setup parameters for indirect call
   \   000026   7A00         MOV       R2,#0x0
   \   000028   90....       MOV       DPTR,#pHalKeyProcessFunction
   \   00002B   E0           MOVX      A,@DPTR
   \   00002C   F8           MOV       R0,A
   \   00002D   A3           INC       DPTR
   \   00002E   E0           MOVX      A,@DPTR
   \   00002F   F583         MOV       DPH,A
   \   000031   8882         MOV       DPL,R0
   \   000033   12....       LCALL     ?CALL_IND
    300            }
    301          }
   \                     ??HalKeyPoll_1:
   \   000036   80..         SJMP      ?Subroutine0
   \   000038                REQUIRE _A_P0
    302          
    303          
    304          /**************************************************************************************************
    305           * @fn      halProcessKeyInterrupt
    306           *
    307           * @brief   Checks to see if it's a valid key interrupt, saves interrupt driven key states for
    308           *          processing by HalKeyRead(), and debounces keys by scheduling HalKeyRead() 25ms later.
    309           *
    310           * @param
    311           *
    312           * @return
    313           **************************************************************************************************/

   \                                 In  segment BANKED_CODE, align 1, keep-with-next
    314          void halProcessKeyInterrupt (void)
   \                     halProcessKeyInterrupt:
    315          {
   \   000000   C082         PUSH      DPL
   \   000002   C083         PUSH      DPH
   \   000004                ; Saved register size: 2
   \   000004                ; Auto size: 0
    316            bool valid=FALSE;
    317          
    318            if (HAL_KEY_SW_6_PXIFG & HAL_KEY_SW_6_BIT)  /* Interrupt Flag has been set */
   \   000004   E589         MOV       A,0x89
   \   000006   A2E1         MOV       C,0xE0 /* A   */.1
   \   000008   501A         JNC       ??halProcessKeyInterrupt_0
    319            {
    320              HAL_KEY_SW_6_PXIFG = ~(HAL_KEY_SW_6_BIT); /* Clear Interrupt Flag */
   \   00000A   7589FD       MOV       0x89,#-0x3
    321              valid = TRUE;
    322            }
    323          
    324            if (valid)
    325            {
    326              osal_start_timerEx (Hal_TaskID, HAL_KEY_EVENT, HAL_KEY_DEBOUNCE_VALUE);
   \   00000D                ; Setup parameters for call to function osal_start_timerEx
   \   00000D   90....       MOV       DPTR,#__Constant_19
   \   000010   12....       LCALL     ?PUSH_XSTACK8_X_FOUR
   \   000013   7A10         MOV       R2,#0x10
   \   000015   7B00         MOV       R3,#0x0
   \   000017   90....       MOV       DPTR,#Hal_TaskID
   \   00001A   E0           MOVX      A,@DPTR
   \   00001B   F9           MOV       R1,A
   \   00001C   12....       LCALL     `??osal_start_timerEx::?relay`; Banked call to: osal_start_timerEx
   \   00001F   7404         MOV       A,#0x4
   \   000021   12....       LCALL     ?DEALLOC_XSTACK8
    327            }
    328          }
   \                     ??halProcessKeyInterrupt_0:
   \   000024                REQUIRE ?Subroutine0
   \   000024                REQUIRE P0IFG
   \   000024                ; // Fall through to label ?Subroutine0
    329          
    330          /**************************************************************************************************
    331           * @fn      HalKeyEnterSleep
    332           *
    333           * @brief  - Get called to enter sleep mode
    334           *
    335           * @param
    336           *
    337           * @return
    338           **************************************************************************************************/

   \                                 In  segment BANKED_CODE, align 1, keep-with-next
    339          void HalKeyEnterSleep ( void )
   \                     HalKeyEnterSleep:
    340          {
   \   000000                ; Saved register size: 0
   \   000000                ; Auto size: 0
    341          }
   \   000000   02....       LJMP      ?BRET
    342          
    343          /**************************************************************************************************
    344           * @fn      HalKeyExitSleep
    345           *
    346           * @brief   - Get called when sleep is over
    347           *
    348           * @param
    349           *
    350           * @return  - return saved keys
    351           **************************************************************************************************/

   \                                 In  segment BANKED_CODE, align 1, keep-with-next
    352          uint8 HalKeyExitSleep ( void )
   \                     HalKeyExitSleep:
    353          {
   \   000000   C082         PUSH      DPL
   \   000002   C083         PUSH      DPH
   \   000004                ; Saved register size: 2
   \   000004                ; Auto size: 0
    354            /* Wake up and read keys */
    355            return ( HalKeyRead () );
   \   000004                ; Setup parameters for call to function HalKeyRead
   \   000004   12....       LCALL     `??HalKeyRead::?relay`; Banked call to: HalKeyRead
   \   000007   80..         SJMP      ?Subroutine0
    356          }
    357          
    358          /***************************************************************************************************
    359           *                                    INTERRUPT SERVICE ROUTINE
    360           ***************************************************************************************************/
    361          
    362          /**************************************************************************************************
    363           * @fn      halKeyPort0Isr
    364           *
    365           * @brief   Port0 ISR
    366           *
    367           * @param
    368           *
    369           * @return
    370           **************************************************************************************************/

   \                                 In  segment NEAR_CODE, align 1, keep-with-next
    371          HAL_ISR_FUNCTION( halKeyPort0Isr, P0INT_VECTOR )
   \                     halKeyPort0Isr:
    372          {
   \   000000   C0E0         PUSH      A
   \   000002   74F2         MOV       A,#-0xe
   \   000004   12....       LCALL     ?INTERRUPT_ENTER_XSP
   \   000007                ; Saved register size: 14
   \   000007                ; Auto size: 0
    373            HAL_ENTER_ISR();
   \   000007   A2AF         MOV       C,0xa8.7
   \   000009   E4           CLR       A
   \   00000A   33           RLC       A
   \   00000B   FE           MOV       R6,A
   \   00000C   D2AF         SETB      0xa8.7
    374          
    375            if (HAL_KEY_SW_6_PXIFG & HAL_KEY_SW_6_BIT)
   \   00000E   E589         MOV       A,0x89
   \   000010   A2E1         MOV       C,0xE0 /* A   */.1
   \   000012   5003         JNC       ??halKeyPort0Isr_0
    376            {
    377              halProcessKeyInterrupt();
   \   000014                ; Setup parameters for call to function halProcessKeyInterrupt
   \   000014   12....       LCALL     `??halProcessKeyInterrupt::?relay`; Banked call to: halProcessKeyInterrupt
    378            }
    379          
    380            /*
    381              Clear the CPU interrupt flag for Port_0
    382              PxIFG has to be cleared before PxIF
    383            */
    384            HAL_KEY_SW_6_PXIFG = 0;
   \                     ??halKeyPort0Isr_0:
   \   000017   758900       MOV       0x89,#0x0
    385            HAL_KEY_CPU_PORT_0_IF = 0;
   \   00001A   C2C5         CLR       0xc0.5
    386            
    387            CLEAR_SLEEP_MODE();
    388            HAL_EXIT_ISR();
   \   00001C   EE           MOV       A,R6
   \   00001D   A2E0         MOV       C,0xE0 /* A   */.0
   \   00001F   92AF         MOV       0xa8.7,C
    389          }
   \   000021   7F01         MOV       R7,#0x1
   \   000023   02....       LJMP      ?INTERRUPT_LEAVE_XSP
   \   000026                REQUIRE _A_IEN0
   \   000026                REQUIRE P0IFG
   \   000026                REQUIRE _A_IRCON

   \                                 In  segment INTVEC, offset 0x6b, root
   \                     `??halKeyPort0Isr::??INTVEC 107`:
   \   00006B   02....       LJMP       (halKeyPort0Isr)

   \                                 In  segment XDATA_ROM_C, align 1
   \                     __Constant_19:
   \   000000   19000000     DD 25

   \                                 In  segment BANK_RELAYS, align 1
   \                     `??HalKeyInit::?relay`:
   \   000000   12....       LCALL   ?BDISPATCH
   \   000003   ......       DC24    HalKeyInit

   \                                 In  segment BANK_RELAYS, align 1
   \                     `??HalKeyConfig::?relay`:
   \   000000   12....       LCALL   ?BDISPATCH
   \   000003   ......       DC24    HalKeyConfig

   \                                 In  segment BANK_RELAYS, align 1
   \                     `??HalKeyRead::?relay`:
   \   000000   12....       LCALL   ?BDISPATCH
   \   000003   ......       DC24    HalKeyRead

   \                                 In  segment BANK_RELAYS, align 1
   \                     `??HalKeyPoll::?relay`:
   \   000000   12....       LCALL   ?BDISPATCH
   \   000003   ......       DC24    HalKeyPoll

   \                                 In  segment BANK_RELAYS, align 1
   \                     `??halProcessKeyInterrupt::?relay`:
   \   000000   12....       LCALL   ?BDISPATCH
   \   000003   ......       DC24    halProcessKeyInterrupt

   \                                 In  segment BANK_RELAYS, align 1
   \                     `??HalKeyEnterSleep::?relay`:
   \   000000   12....       LCALL   ?BDISPATCH
   \   000003   ......       DC24    HalKeyEnterSleep

   \                                 In  segment BANK_RELAYS, align 1
   \                     `??HalKeyExitSleep::?relay`:
   \   000000   12....       LCALL   ?BDISPATCH
   \   000003   ......       DC24    HalKeyExitSleep
    390          
    391          
    392          #else
    393          
    394          
    395          void HalKeyInit(void){}
    396          void HalKeyConfig(bool interruptEnable, halKeyCBack_t cback){}
    397          uint8 HalKeyRead(void){ return 0;}
    398          void HalKeyPoll(void){}
    399          
    400          #endif /* HAL_KEY */
    401          
    402          
    403          
    404          /**************************************************************************************************
    405          **************************************************************************************************/

   Maximum stack usage in bytes:

   ISTACK XSTACK Function
   ------ ------ --------
      0      9   HalKeyConfig
        0      9   -> osal_set_event
        0      9   -> osal_stop_timerEx
      0      0   HalKeyEnterSleep
      2      0   HalKeyExitSleep
        2      0   -> HalKeyRead
      2      0   HalKeyInit
      2      0   HalKeyPoll
      0      0   HalKeyRead
      0     14   halKeyPort0Isr
        0     14   -> halProcessKeyInterrupt
      2     18   halProcessKeyInterrupt
        2      4   -> osal_start_timerEx


   Segment part sizes:

   Bytes  Function/Label
   -----  --------------
       7  ?Subroutine0
      87  HalKeyConfig
       6  HalKeyConfig::?relay
       1  HalKeyConfigured
       3  HalKeyEnterSleep
       6  HalKeyEnterSleep::?relay
       9  HalKeyExitSleep
       6  HalKeyExitSleep::?relay
      28  HalKeyInit
       6  HalKeyInit::?relay
      56  HalKeyPoll
       6  HalKeyPoll::?relay
      11  HalKeyRead
       6  HalKeyRead::?relay
       1  Hal_KeyIntEnable
       1  P0DIR
       1  P0IEN
       1  P0IFG
       1  P0SEL
       1  PICTL
       1  _A_IEN0
       1  _A_IEN1
       1  _A_IRCON
       1  _A_P0
       4  __Constant_19
      38  halKeyPort0Isr
       3  halKeyPort0Isr::??INTVEC 107
       1  halKeySavedKeys
      36  halProcessKeyInterrupt
       6  halProcessKeyInterrupt::?relay
       2  pHalKeyProcessFunction

 
 237 bytes in segment BANKED_CODE
  42 bytes in segment BANK_RELAYS
   3 bytes in segment INTVEC
  38 bytes in segment NEAR_CODE
   9 bytes in segment SFR_AN
   4 bytes in segment XDATA_ROM_C
   5 bytes in segment XDATA_Z
 
  80 bytes of CODE     memory (+ 3 bytes shared)
   0 bytes of CONST    memory (+ 4 bytes shared)
   0 bytes of DATA     memory (+ 9 bytes shared)
 237 bytes of HUGECODE memory
   5 bytes of XDATA    memory

Errors: none
Warnings: none
