###############################################################################
#
# IAR C/C++ Compiler V10.10.1.4655 for 8051               26/Mar/2023  16:31:32
# Copyright 2004-2017 IAR Systems AB.
# Standalone license - IAR Embedded Workbench for 8051
#
#    Core               =  plain
#    Code model         =  banked
#    Data model         =  large
#    Calling convention =  xdata reentrant
#    Constant location  =  data_rom
#    Dptr setup         =  1,16
#                          
#    Source file        =  
#        D:\桌面\《ZigBee3.0开发指南》配套资源（附加部分）\课外篇：项目实战\基于Zigbee的温湿度
#        &
#        光照度采集系统\ZigBee设备端固件与源码\源码\Components\zmac\f8w\zmac_cb.c
#    Command line       =  
#        -f C:\Users\11148\AppData\Local\Temp\EWE340.tmp
#        ("D:\桌面\《ZigBee3.0开发指南》配套资源（附加部分）\课外篇：项目实战\基于Zigbee的温湿度
#        &
#        光照度采集系统\ZigBee设备端固件与源码\源码\Components\zmac\f8w\zmac_cb.c"
#        -D SECURE=1 -D TC_LINKKEY_JOIN -D NV_INIT -D NV_RESTORE -D xZTOOL_P1
#        -D xMT_TASK -D xMT_APP_FUNC -D xMT_SYS_FUNC -D xMT_ZDO_FUNC -D
#        xMT_ZDO_MGMT -D xMT_APP_CNF_FUNC -D LCD_SUPPORTED=DEBUG -D
#        MULTICAST_ENABLED=FALSE -D ZCL_READ -D ZCL_DISCOVER -D ZCL_WRITE -D
#        ZCL_BASIC -D ZCL_IDENTIFY -D ZCL_ON_OFF -D ZCL_GROUPS -D
#        ZCL_LEVEL_CTRL -D HAL_KEY=FALSE -D xISR_KEYINTERRUPT -D HAL_UART=TRUE
#        -D INT_HEAP_LEN=2048 -D HAL_LCD=TRUE -D HAL_LCD_OLED12864=TRUE -D
#        HAL_ADC=TRUE -D HAL_DHT11=TRUE -lC
#        "D:\桌面\《ZigBee3.0开发指南》配套资源（附加部分）\课外篇：项目实战\基于Zigbee的温湿度
#        &
#        光照度采集系统\ZigBee设备端固件与源码\源码\Projects\CC2530\Category\Router\List"
#        -lA
#        "D:\桌面\《ZigBee3.0开发指南》配套资源（附加部分）\课外篇：项目实战\基于Zigbee的温湿度
#        &
#        光照度采集系统\ZigBee设备端固件与源码\源码\Projects\CC2530\Category\Router\List"
#        --diag_suppress Pe001,Pa010 -o
#        "D:\桌面\《ZigBee3.0开发指南》配套资源（附加部分）\课外篇：项目实战\基于Zigbee的温湿度
#        &
#        光照度采集系统\ZigBee设备端固件与源码\源码\Projects\CC2530\Category\Router\Obj"
#        -e --debug --core=plain --dptr=16,1 --data_model=large
#        --code_model=banked --calling_convention=xdata_reentrant
#        --place_constants=data_rom --nr_virtual_regs 16 -f
#        "D:\桌面\《ZigBee3.0开发指南》配套资源（附加部分）\课外篇：项目实战\基于Zigbee的温湿度
#        &
#        光照度采集系统\ZigBee设备端固件与源码\源码\Projects\CC2530\Tools\f8wRouter.cfg"
#        (-DCPU32MHZ -DROOT=__near_func -DMAC_CFG_APP_PENDING_QUEUE=TRUE
#        -DMAC_CFG_TX_DATA_MAX=5 -DMAC_CFG_TX_MAX=8 -DMAC_CFG_RX_MAX=5
#        -DRTR_NWK) -f
#        "D:\桌面\《ZigBee3.0开发指南》配套资源（附加部分）\课外篇：项目实战\基于Zigbee的温湿度
#        &
#        光照度采集系统\ZigBee设备端固件与源码\源码\Projects\CC2530\Tools\f8wConfig.cfg"
#        (-DZIGBEEPRO -DSECURE=1 -DZG_SECURE_DYNAMIC=0 -DREFLECTOR
#        -DDEFAULT_CHANLIST=0x00000800 -DZDAPP_CONFIG_PAN_ID=0x0402
#        -DNWK_START_DELAY=100 -DEXTENDED_JOINING_RANDOM_MASK=0x007F
#        -DBEACON_REQUEST_DELAY=100 -DBEACON_REQ_DELAY_MASK=0x00FF
#        -DLINK_STATUS_JITTER_MASK=0x007F -DROUTE_EXPIRY_TIME=30
#        -DAPSC_ACK_WAIT_DURATION_POLLED=3000 -DNWK_INDIRECT_MSG_TIMEOUT=7
#        -DMAX_RREQ_ENTRIES=8 -DAPSC_MAX_FRAME_RETRIES=3
#        -DNWK_MAX_DATA_RETRIES=2 -DMAX_POLL_FAILURE_RETRIES=2 -DMAX_BCAST=9
#        -DAPS_MAX_GROUPS=16 -DMAX_RTG_ENTRIES=40 -DNWK_MAX_BINDING_ENTRIES=4
#        -DMAX_BINDING_CLUSTER_IDS=4 "-DDEFAULT_KEY={0x5a, 0x69, 0x67, 0x42,
#        0x65,0x65, 0x41, 0x6c, 0x6c, 0x69, 0x61, 0x6e, 0x63, 0x65, 0x30,
#        0x39}" -DMAC_MAX_FRAME_SIZE=116 -DZDNWKMGR_MIN_TRANSMISSIONS=20
#        "-DCONST=const __code" -DGENERIC=__generic -DRFD_RCVC_ALWAYS_ON=FALSE
#        -DPOLL_RATE=1000 -DQUEUED_POLL_RATE=100 -DRESPONSE_POLL_RATE=100
#        -DREJOIN_POLL_RATE=440 -DREJOIN_BACKOFF=900000 -DREJOIN_SCAN=900000
#        -DENABLE_LED4_DISABLE_S1) -f
#        "D:\桌面\《ZigBee3.0开发指南》配套资源（附加部分）\课外篇：项目实战\基于Zigbee的温湿度
#        &
#        光照度采集系统\ZigBee设备端固件与源码\源码\Projects\CC2530\Tools\f8wZCL.cfg"
#        -I
#        "D:\桌面\《ZigBee3.0开发指南》配套资源（附加部分）\课外篇：项目实战\基于Zigbee的温湿度
#        & 光照度采集系统\ZigBee设备端固件与源码\源码\Projects\CC2530\" -I
#        "D:\桌面\《ZigBee3.0开发指南》配套资源（附加部分）\课外篇：项目实战\基于Zigbee的温湿度
#        &
#        光照度采集系统\ZigBee设备端固件与源码\源码\Projects\CC2530\..\..\Components\hal\include\"
#        -I
#        "D:\桌面\《ZigBee3.0开发指南》配套资源（附加部分）\课外篇：项目实战\基于Zigbee的温湿度
#        &
#        光照度采集系统\ZigBee设备端固件与源码\源码\Projects\CC2530\..\..\Components\hal\target\CC2530EB\"
#        -I
#        "D:\桌面\《ZigBee3.0开发指南》配套资源（附加部分）\课外篇：项目实战\基于Zigbee的温湿度
#        &
#        光照度采集系统\ZigBee设备端固件与源码\源码\Projects\CC2530\..\..\Components\hal\userspace\"
#        -I
#        "D:\桌面\《ZigBee3.0开发指南》配套资源（附加部分）\课外篇：项目实战\基于Zigbee的温湿度
#        &
#        光照度采集系统\ZigBee设备端固件与源码\源码\Projects\CC2530\..\..\Components\mac\include\"
#        -I
#        "D:\桌面\《ZigBee3.0开发指南》配套资源（附加部分）\课外篇：项目实战\基于Zigbee的温湿度
#        &
#        光照度采集系统\ZigBee设备端固件与源码\源码\Projects\CC2530\..\..\Components\mac\high_level\"
#        -I
#        "D:\桌面\《ZigBee3.0开发指南》配套资源（附加部分）\课外篇：项目实战\基于Zigbee的温湿度
#        &
#        光照度采集系统\ZigBee设备端固件与源码\源码\Projects\CC2530\..\..\Components\mac\low_level\srf04\"
#        -I
#        "D:\桌面\《ZigBee3.0开发指南》配套资源（附加部分）\课外篇：项目实战\基于Zigbee的温湿度
#        &
#        光照度采集系统\ZigBee设备端固件与源码\源码\Projects\CC2530\..\..\Components\mac\low_level\srf04\single_chip\"
#        -I
#        "D:\桌面\《ZigBee3.0开发指南》配套资源（附加部分）\课外篇：项目实战\基于Zigbee的温湿度
#        &
#        光照度采集系统\ZigBee设备端固件与源码\源码\Projects\CC2530\..\..\Components\mt\"
#        -I
#        "D:\桌面\《ZigBee3.0开发指南》配套资源（附加部分）\课外篇：项目实战\基于Zigbee的温湿度
#        &
#        光照度采集系统\ZigBee设备端固件与源码\源码\Projects\CC2530\..\..\Components\osal\include\"
#        -I
#        "D:\桌面\《ZigBee3.0开发指南》配套资源（附加部分）\课外篇：项目实战\基于Zigbee的温湿度
#        &
#        光照度采集系统\ZigBee设备端固件与源码\源码\Projects\CC2530\..\..\Components\services\saddr\"
#        -I
#        "D:\桌面\《ZigBee3.0开发指南》配套资源（附加部分）\课外篇：项目实战\基于Zigbee的温湿度
#        &
#        光照度采集系统\ZigBee设备端固件与源码\源码\Projects\CC2530\..\..\Components\services\sdata\"
#        -I
#        "D:\桌面\《ZigBee3.0开发指南》配套资源（附加部分）\课外篇：项目实战\基于Zigbee的温湿度
#        &
#        光照度采集系统\ZigBee设备端固件与源码\源码\Projects\CC2530\..\..\Components\stack\af\"
#        -I
#        "D:\桌面\《ZigBee3.0开发指南》配套资源（附加部分）\课外篇：项目实战\基于Zigbee的温湿度
#        &
#        光照度采集系统\ZigBee设备端固件与源码\源码\Projects\CC2530\..\..\Components\stack\bdb\"
#        -I
#        "D:\桌面\《ZigBee3.0开发指南》配套资源（附加部分）\课外篇：项目实战\基于Zigbee的温湿度
#        &
#        光照度采集系统\ZigBee设备端固件与源码\源码\Projects\CC2530\..\..\Components\stack\gp\"
#        -I
#        "D:\桌面\《ZigBee3.0开发指南》配套资源（附加部分）\课外篇：项目实战\基于Zigbee的温湿度
#        &
#        光照度采集系统\ZigBee设备端固件与源码\源码\Projects\CC2530\..\..\Components\stack\nwk\"
#        -I
#        "D:\桌面\《ZigBee3.0开发指南》配套资源（附加部分）\课外篇：项目实战\基于Zigbee的温湿度
#        &
#        光照度采集系统\ZigBee设备端固件与源码\源码\Projects\CC2530\..\..\Components\stack\sapi\"
#        -I
#        "D:\桌面\《ZigBee3.0开发指南》配套资源（附加部分）\课外篇：项目实战\基于Zigbee的温湿度
#        &
#        光照度采集系统\ZigBee设备端固件与源码\源码\Projects\CC2530\..\..\Components\stack\sec\"
#        -I
#        "D:\桌面\《ZigBee3.0开发指南》配套资源（附加部分）\课外篇：项目实战\基于Zigbee的温湿度
#        &
#        光照度采集系统\ZigBee设备端固件与源码\源码\Projects\CC2530\..\..\Components\stack\sys\"
#        -I
#        "D:\桌面\《ZigBee3.0开发指南》配套资源（附加部分）\课外篇：项目实战\基于Zigbee的温湿度
#        &
#        光照度采集系统\ZigBee设备端固件与源码\源码\Projects\CC2530\..\..\Components\stack\zcl\"
#        -I
#        "D:\桌面\《ZigBee3.0开发指南》配套资源（附加部分）\课外篇：项目实战\基于Zigbee的温湿度
#        &
#        光照度采集系统\ZigBee设备端固件与源码\源码\Projects\CC2530\..\..\Components\stack\zdo\"
#        -I
#        "D:\桌面\《ZigBee3.0开发指南》配套资源（附加部分）\课外篇：项目实战\基于Zigbee的温湿度
#        &
#        光照度采集系统\ZigBee设备端固件与源码\源码\Projects\CC2530\..\..\Components\zmac\"
#        -I
#        "D:\桌面\《ZigBee3.0开发指南》配套资源（附加部分）\课外篇：项目实战\基于Zigbee的温湿度
#        &
#        光照度采集系统\ZigBee设备端固件与源码\源码\Projects\CC2530\..\..\Components\zmac\f8w\"
#        -I
#        "D:\桌面\《ZigBee3.0开发指南》配套资源（附加部分）\课外篇：项目实战\基于Zigbee的温湿度
#        &
#        光照度采集系统\ZigBee设备端固件与源码\源码\Projects\CC2530\..\..\Applications\"
#        -Ohz --require_prototypes)
#    Locale             =  Chinese (Simplified)_China.936
#    List file          =  
#        D:\桌面\《ZigBee3.0开发指南》配套资源（附加部分）\课外篇：项目实战\基于Zigbee的温湿度
#        &
#        光照度采集系统\ZigBee设备端固件与源码\源码\Projects\CC2530\Category\Router\List\zmac_cb.lst
#    Object file        =  
#        D:\桌面\《ZigBee3.0开发指南》配套资源（附加部分）\课外篇：项目实战\基于Zigbee的温湿度
#        &
#        光照度采集系统\ZigBee设备端固件与源码\源码\Projects\CC2530\Category\Router\Obj\zmac_cb.r51
#
###############################################################################

D:\桌面\《ZigBee3.0开发指南》配套资源（附加部分）\课外篇：项目实战\基于Zigbee的温湿度 & 光照度采集系统\ZigBee设备端固件与源码\源码\Components\zmac\f8w\zmac_cb.c
      1          /**************************************************************************************************
      2            Filename:       zmac_cb.c
      3            Revised:        $Date: 2014-12-03 16:04:46 -0800 (Wed, 03 Dec 2014) $
      4            Revision:       $Revision: 41329 $
      5          
      6            Description:    This file contains the NWK functions that the ZMAC calls
      7          
      8          
      9            Copyright 2005-2014 Texas Instruments Incorporated. All rights reserved.
     10          
     11            IMPORTANT: Your use of this Software is limited to those specific rights
     12            granted under the terms of a software license agreement between the user
     13            who downloaded the software, his/her employer (which must be your employer)
     14            and Texas Instruments Incorporated (the "License").  You may not use this
     15            Software unless you agree to abide by the terms of the License. The License
     16            limits your use, and you acknowledge, that the Software may not be modified,
     17            copied or distributed unless embedded on a Texas Instruments microcontroller
     18            or used solely and exclusively in conjunction with a Texas Instruments radio
     19            frequency transceiver, which is integrated into your product.  Other than for
     20            the foregoing purpose, you may not use, reproduce, copy, prepare derivative
     21            works of, modify, distribute, perform, display or sell this Software and/or
     22            its documentation for any purpose.
     23          
     24            YOU FURTHER ACKNOWLEDGE AND AGREE THAT THE SOFTWARE AND DOCUMENTATION ARE
     25            PROVIDED "AS IS" WITHOUT WARRANTY OF ANY KIND, EITHER EXPRESS OR IMPLIED,
     26            INCLUDING WITHOUT LIMITATION, ANY WARRANTY OF MERCHANTABILITY, TITLE,
     27            NON-INFRINGEMENT AND FITNESS FOR A PARTICULAR PURPOSE. IN NO EVENT SHALL
     28            TEXAS INSTRUMENTS OR ITS LICENSORS BE LIABLE OR OBLIGATED UNDER CONTRACT,
     29            NEGLIGENCE, STRICT LIABILITY, CONTRIBUTION, BREACH OF WARRANTY, OR OTHER
     30            LEGAL EQUITABLE THEORY ANY DIRECT OR INDIRECT DAMAGES OR EXPENSES
     31            INCLUDING BUT NOT LIMITED TO ANY INCIDENTAL, SPECIAL, INDIRECT, PUNITIVE
     32            OR CONSEQUENTIAL DAMAGES, LOST PROFITS OR LOST DATA, COST OF PROCUREMENT
     33            OF SUBSTITUTE GOODS, TECHNOLOGY, SERVICES, OR ANY CLAIMS BY THIRD PARTIES
     34            (INCLUDING BUT NOT LIMITED TO ANY DEFENSE THEREOF), OR OTHER SIMILAR COSTS.
     35          
     36            Should you have any questions regarding your right to use this Software,
     37            contact Texas Instruments Incorporated at www.TI.com.
     38          **************************************************************************************************/
     39          
     40          /********************************************************************************************************
     41           *                                               INCLUDES
     42           ********************************************************************************************************/
     43          
     44          #include "ZComDef.h"
     45          #include "OSAL.h"
     46          #include "ZMAC.h"
     47          #include "MT_MAC.h"
     48          #include "hal_mcu.h"

   \                                 In  segment SFR_AN, at 0xa8
   \   union <unnamed> volatile __sfr _A_IEN0
   \                     _A_IEN0:
   \   000000                DS 1
     49          #include "cGP_stub.h"
     50             
     51          #if !defined NONWK
     52          #include "nwk.h"
     53          #include "nwk_bufs.h"
     54          #include "ZGlobals.h"
     55          #endif
     56          
     57          #if defined( MACSIM )
     58            #include "mac_sim.h"
     59          #endif
     60          
     61          #include "mac_security.h"
     62          
     63          #include "mac_main.h"
     64          #ifdef FEATURE_DUAL_MAC
     65          #include "dmmgr.h"
     66          #endif /* FEATURE_DUAL_MAC */
     67          extern void *ZMac_ScanBuf;
     68          
     69          /********************************************************************************************************
     70           *                                               CONSTANTS
     71           ********************************************************************************************************/
     72          
     73          #if !defined NONWK
     74          /* Lookup table for size of structures. Must match with the order of MAC callback events */

   \                                 In  segment CODE_C, align 1
     75          const uint8 CODE zmacCBSizeTable [] = {
   \                     zmacCBSizeTable:
   \   000000   00           DB 0
   \   000001   16           DB 22
   \   000002   0F           DB 15
   \   000003   00           DB 0
   \   000004   00           DB 0
   \   000005   0B           DB 11
   \   000006   15           DB 21
   \   000007   0B           DB 11
   \   000008   02           DB 2
   \   000009   00           DB 0
   \   00000A   02           DB 2
   \   00000B   22           DB 34
   \   00000C   0F           DB 15
   \   00000D   33           DB 51
   \   00000E   00           DB 0
   \   00000F   00           DB 0
   \   000010   0E           DB 14
   \   000011   0F           DB 15
     76            0,
     77            sizeof(ZMacAssociateInd_t),       // MAC_MLME_ASSOCIATE_IND      1   Associate indication
     78            sizeof(ZMacAssociateCnf_t),       // MAC_MLME_ASSOCIATE_CNF      2   Associate confirm
     79            0,                                // MAC_MLME_DISASSOCIATE_IND   3   Disassociate indication
     80            0,                                // MAC_MLME_DISASSOCIATE_CNF   4   Disassociate confirm
     81            sizeof(macMlmeBeaconNotifyInd_t), // MAC_MLME_BEACON_NOTIFY_IND  5   con notify indication
     82            sizeof(ZMacOrphanInd_t),          // MAC_MLME_ORPHAN_IND         6   Orphan indication
     83            sizeof(ZMacScanCnf_t),            // MAC_MLME_SCAN_CNF           7   Scan confirm
     84            sizeof(ZMacStartCnf_t),           // MAC_MLME_START_CNF          8   Start confirm
     85            0,                                // MAC_MLME_SYNC_LOSS_IND      9   Sync loss indication
     86            sizeof(ZMacPollCnf_t),            // MAC_MLME_POLL_CNF           10  Poll confirm
     87            sizeof(ZMacCommStatusInd_t),      // MAC_MLME_COMM_STATUS_IND    11  Comm status indication
     88            sizeof(ZMacDataCnf_t),            // MAC_MCPS_DATA_CNF           12  Data confirm
     89            sizeof(macMcpsDataInd_t),         // MAC_MCPS_DATA_IND           13  Data indication
     90            0,                                // MAC_MCPS_PURGE_CNF          14  Purge confirm
     91            0,                                // MAC_PWR_ON_CNF              15  Power on confirm
     92            sizeof(ZMacPollInd_t),            // MAC_MLME_POLL_IND           16  Poll indication
     93            sizeof(ZMacDataCnf_t)            // MAC_MCPS_GREEN_PWR_DATA_CNF 17  Data confirm for Green Power
     94          };
     95          #endif /* !defined NONWK */
     96          
     97          /********************************************************************************************************
     98           *                                               LOCALS
     99           ********************************************************************************************************/
    100          
    101          /* LQI Adjustment Mode */

   \                                 In  segment XDATA_Z, align 1, keep-with-next
    102          static ZMacLqiAdjust_t lqiAdjMode = LQI_ADJ_OFF;
   \                     lqiAdjMode:
   \   000000                DS 1
   \   000001                REQUIRE __INIT_XDATA_Z
    103          
    104          #if !defined NONWK
    105          /* LQI Adjustment Function */
    106          static void ZMacLqiAdjust( uint8 corr, uint8* lqi );
    107          #endif
    108          
    109          /*********************************************************************
    110           * ZMAC Function Pointers
    111           */
    112          
    113          /*
    114           * ZMac Application callback function. This function will be called
    115           * for every MAC message that is received over-the-air or generated
    116           * locally by MAC for the application.
    117           *
    118           * The callback function should return TRUE if it has handled the
    119           * MAC message and no further action should be taken with it. It
    120           * should return FALSE if it has not handled the MAC message and
    121           * normal processing should take place.
    122           *
    123           * NOTE: The processing in this function should be kept to the
    124           *       minimum.
    125           */

   \                                 In  segment XDATA_Z, align 1, keep-with-next
    126          uint8 (*pZMac_AppCallback)( uint8 *msgPtr ) = (void*)NULL;
   \                     pZMac_AppCallback:
   \   000000                DS 2
   \   000002                REQUIRE __INIT_XDATA_Z
    127          
    128          
    129          /*********************************************************************
    130           * ZMAC Functions
    131           */
    132          
    133          /**************************************************************************************************
    134           * @fn       MAC_CbackEvent()
    135           *
    136           * @brief    convert MAC data confirm and indication to ZMac and send to NWK
    137           *
    138           * @param    pData - pointer to macCbackEvent_t
    139           *
    140           * @return   none
    141           *************************************************************************************************/
    142          #ifdef FEATURE_DUAL_MAC
    143          void ZMacCbackEventHdlr(macCbackEvent_t *pData)
    144          #else

   \                                 In  segment BANKED_CODE, align 1, keep-with-next
    145          void MAC_CbackEvent(macCbackEvent_t *pData)
   \                     MAC_CbackEvent:
    146          #endif /* FEATURE_DUAL_MAC */
    147          #ifndef MT_MAC_CB_FUNC
    148          {
   \   000000                REQUIRE ?V0
   \   000000                REQUIRE ?V1
   \   000000                REQUIRE ?V2
   \   000000                REQUIRE ?V3
   \   000000                REQUIRE ?V4
   \   000000                REQUIRE ?V5
   \   000000                REQUIRE ?V6
   \   000000                REQUIRE ?V8
   \   000000                REQUIRE ?V9
   \   000000                REQUIRE ?V10
   \   000000                REQUIRE ?V11
   \   000000                REQUIRE ?V12
   \   000000                REQUIRE ?V13
   \   000000   74EA         MOV       A,#-0x16
   \   000002   12....       LCALL     ?BANKED_ENTER_XDATA
   \   000005                ; Saved register size: 22
   \   000005                ; Auto size: 4
   \   000005   74FC         MOV       A,#-0x4
   \   000007   12....       LCALL     ?ALLOC_XSTACK8
   \   00000A   85..82       MOV       DPL,?XSP + 0
   \   00000D   85..83       MOV       DPH,?XSP + 1
   \   000010   EA           MOV       A,R2
   \   000011   F0           MOVX      @DPTR,A
   \   000012   A3           INC       DPTR
   \   000013   EB           MOV       A,R3
   \   000014   12....       LCALL     ?Subroutine1 & 0xFFFF
    149          #if !defined NONWK
    150            uint8 event = pData->hdr.event;
   \                     ??CrossCallReturnLabel_0:
   \   000017   12....       LCALL     ??Subroutine12_0 & 0xFFFF
   \                     ??CrossCallReturnLabel_20:
   \   00001A   E0           MOVX      A,@DPTR
   \   00001B   F5..         MOV       ?V2,A
    151            uint16 tmp = zmacCBSizeTable[event];
   \   00001D   F8           MOV       R0,A
   \   00001E   74..         MOV       A,#zmacCBSizeTable & 0xff
   \   000020   28           ADD       A,R0
   \   000021   F582         MOV       DPL,A
   \   000023   E4           CLR       A
   \   000024   34..         ADDC      A,#(zmacCBSizeTable >> 8) & 0xff
   \   000026   F583         MOV       DPH,A
   \   000028   E4           CLR       A
   \   000029   93           MOVC      A,@A+DPTR
   \   00002A   F5..         MOV       ?V0,A
   \   00002C   7402         MOV       A,#0x2
   \   00002E   12....       LCALL     ?XSTACK_DISP0_8
   \   000031   E5..         MOV       A,?V0
   \   000033   F0           MOVX      @DPTR,A
   \   000034   A3           INC       DPTR
   \   000035   E4           CLR       A
   \   000036   F0           MOVX      @DPTR,A
    152            macCbackEvent_t *msgPtr;
    153          
    154            /* If the Network layer will handle a new MAC callback, a non-zero value must be entered in the
    155             * corresponding location in the zmacCBSizeTable[] - thus the table acts as "should handle"?
    156             */
    157            if (tmp == 0)
   \   000037   7402         MOV       A,#0x2
   \   000039   12....       LCALL     ?XSTACK_DISP0_8
   \   00003C   E0           MOVX      A,@DPTR
   \   00003D   7003         JNZ       $+5
   \   00003F   02....       LJMP      ??MAC_CbackEvent_0 & 0xFFFF
    158            {
    159              return;
    160            }
    161          
    162            // MAC_MCPS_DATA_IND is very special - it is the only event where the MAC does not free *pData.
    163            if ( event == MAC_MCPS_DATA_IND )
   \   000042   740D         MOV       A,#0xd
   \   000044   65..         XRL       A,?V2
   \   000046   7046         JNZ       ??MAC_CbackEvent_1
    164            {
    165          #if defined ( ZMAC_MAX_DATA_IND ) && ( ZMAC_MAX_DATA_IND >= 1 )
    166              // This feature limits the number of unprocessed MAC Data Indications that can be queued
    167              // into the Network Task's OSAL message queue. To enable ZMAC_MAX_DATA_IND filtering, the
    168              // command-line option specifies the threshold setting where MAC_MCPS_DATD_IND callback
    169              // messages will be dropped. For example, adding ZMAC_MAX_DATA_IND=5 to the commnad-line
    170              // options allows up to five messages to be passed up and queued in the NWK layer buffer.
    171              uint8 diCount = osal_msg_count( NWK_TaskID, MAC_MCPS_DATA_IND );
    172          #endif // ZMAC_MAX_DATA_IND
    173              MAC_MlmeGetReq( MAC_SHORT_ADDRESS, &tmp );
   \   000048                ; Setup parameters for call to function MAC_MlmeGetReq
   \   000048   7402         MOV       A,#0x2
   \   00004A   12....       LCALL     ?XSTACK_DISP101_8
   \   00004D   7953         MOV       R1,#0x53
   \   00004F   12....       LCALL     `??MAC_MlmeGetReq::?relay`; Banked call to: MAC_MlmeGetReq
    174              if ( (tmp == INVALID_NODE_ADDR) ||
    175                   (tmp == NWK_BROADCAST_SHORTADDR_DEVALL) ||
    176          #if defined ( ZMAC_MAX_DATA_IND ) && ( ZMAC_MAX_DATA_IND >= 1 )
    177                   (diCount > ZMAC_MAX_DATA_IND) ||
    178          #endif // ZMAC_MAX_DATA_IND
    179                   (pData->dataInd.msdu.len == 0) )
   \   000052   7402         MOV       A,#0x2
   \   000054   12....       LCALL     ?XSTACK_DISP0_8
   \   000057   E0           MOVX      A,@DPTR
   \   000058   64FE         XRL       A,#0xfe
   \   00005A   7003         JNZ       ??MAC_CbackEvent_2
   \   00005C   A3           INC       DPTR
   \   00005D   E0           MOVX      A,@DPTR
   \   00005E   F4           CPL       A
   \                     ??MAC_CbackEvent_2:
   \   00005F   7003         JNZ       $+5
   \   000061   02....       LJMP      ??MAC_CbackEvent_3 & 0xFFFF
   \   000064   7402         MOV       A,#0x2
   \   000066   12....       LCALL     ?XSTACK_DISP0_8
   \   000069   E0           MOVX      A,@DPTR
   \   00006A   F4           CPL       A
   \   00006B   7003         JNZ       ??MAC_CbackEvent_4
   \   00006D   A3           INC       DPTR
   \   00006E   E0           MOVX      A,@DPTR
   \   00006F   F4           CPL       A
   \                     ??MAC_CbackEvent_4:
   \   000070   7003         JNZ       $+5
   \   000072   02....       LJMP      ??MAC_CbackEvent_3 & 0xFFFF
   \   000075   12....       LCALL     ?Subroutine6 & 0xFFFF
   \                     ??CrossCallReturnLabel_11:
   \   000078   A3           INC       DPTR
   \   000079   A3           INC       DPTR
   \   00007A   E0           MOVX      A,@DPTR
   \   00007B   7003         JNZ       $+5
   \   00007D   02....       LJMP      ??MAC_CbackEvent_3 & 0xFFFF
    180              {
    181                mac_msg_deallocate( (uint8 **)&pData );
    182                return;
    183              }
    184              msgPtr = pData;
   \   000080   85..82       MOV       DPL,?XSP + 0
   \   000083   85..83       MOV       DPH,?XSP + 1
   \   000086   E0           MOVX      A,@DPTR
   \   000087   FE           MOV       R6,A
   \   000088   A3           INC       DPTR
   \   000089   E0           MOVX      A,@DPTR
   \   00008A   FF           MOV       R7,A
   \   00008B   02....       LJMP      ??MAC_CbackEvent_5 & 0xFFFF
    185            }
    186            else
    187            {
    188              if (event == MAC_MLME_BEACON_NOTIFY_IND )
   \                     ??MAC_CbackEvent_1:
   \   00008E   7405         MOV       A,#0x5
   \   000090   65..         XRL       A,?V2
   \   000092   7015         JNZ       ??MAC_CbackEvent_6
    189              {
    190                tmp += sizeof(macPanDesc_t) + pData->beaconNotifyInd.sduLength;
   \   000094   85..82       MOV       DPL,?XSP + 0
   \   000097   85..83       MOV       DPH,?XSP + 1
   \   00009A   E0           MOVX      A,@DPTR
   \   00009B   F8           MOV       R0,A
   \   00009C   12....       LCALL     ?Subroutine5 & 0xFFFF
    191              }
   \                     ??CrossCallReturnLabel_9:
   \   00009F   7900         MOV       R1,#0x0
   \   0000A1   2421         ADD       A,#0x21
   \   0000A3   F8           MOV       R0,A
   \   0000A4   502E         JNC       ??MAC_CbackEvent_7
   \   0000A6   09           INC       R1
   \   0000A7   802B         SJMP      ??MAC_CbackEvent_7
    192              else if (event == MAC_MLME_SCAN_CNF)
   \                     ??MAC_CbackEvent_6:
   \   0000A9   7407         MOV       A,#0x7
   \   0000AB   65..         XRL       A,?V2
   \   0000AD   7031         JNZ       ??MAC_CbackEvent_8
    193              {
    194                if (pData->scanCnf.scanType == ZMAC_ED_SCAN)
   \   0000AF   12....       LCALL     ?Subroutine6 & 0xFFFF
   \                     ??CrossCallReturnLabel_12:
   \   0000B2   E0           MOVX      A,@DPTR
   \   0000B3   700F         JNZ       ??MAC_CbackEvent_9
    195                {
    196                  tmp += ZMAC_ED_SCAN_MAXCHANNELS;
   \   0000B5   7402         MOV       A,#0x2
   \   0000B7   12....       LCALL     ?XSTACK_DISP0_8
   \   0000BA   E0           MOVX      A,@DPTR
   \   0000BB   241B         ADD       A,#0x1b
   \   0000BD   F0           MOVX      @DPTR,A
   \   0000BE   A3           INC       DPTR
   \   0000BF   E0           MOVX      A,@DPTR
   \   0000C0   3400         ADDC      A,#0x0
   \   0000C2   801B         SJMP      ??MAC_CbackEvent_10
    197                }
    198                else
    199                {
    200                  tmp += sizeof( ZMacPanDesc_t ) * pData->scanCnf.resultListSize;
   \                     ??MAC_CbackEvent_9:
   \   0000C4   85..82       MOV       DPL,?XSP + 0
   \   0000C7   85..83       MOV       DPH,?XSP + 1
   \   0000CA   12....       LCALL     ?Subroutine5 & 0xFFFF
    201                }
    202              }
   \                     ??CrossCallReturnLabel_10:
   \   0000CD   75F021       MOV       B,#0x21
   \   0000D0   A4           MUL       AB
   \   0000D1   F8           MOV       R0,A
   \   0000D2   A9F0         MOV       R1,B
   \                     ??MAC_CbackEvent_7:
   \   0000D4   7402         MOV       A,#0x2
   \   0000D6   12....       LCALL     ?XSTACK_DISP0_8
   \   0000D9   E0           MOVX      A,@DPTR
   \   0000DA   28           ADD       A,R0
   \   0000DB   F0           MOVX      @DPTR,A
   \   0000DC   A3           INC       DPTR
   \   0000DD   E0           MOVX      A,@DPTR
   \   0000DE   39           ADDC      A,R1
   \                     ??MAC_CbackEvent_10:
   \   0000DF   F0           MOVX      @DPTR,A
    203          
    204              if ( !(msgPtr = (macCbackEvent_t *)osal_msg_allocate(tmp)) )
   \                     ??MAC_CbackEvent_8:
   \   0000E0                ; Setup parameters for call to function osal_msg_allocate
   \   0000E0   7402         MOV       A,#0x2
   \   0000E2   12....       LCALL     ?XSTACK_DISP0_8
   \   0000E5   E0           MOVX      A,@DPTR
   \   0000E6   FA           MOV       R2,A
   \   0000E7   A3           INC       DPTR
   \   0000E8   E0           MOVX      A,@DPTR
   \   0000E9   FB           MOV       R3,A
   \   0000EA   12....       LCALL     `??osal_msg_allocate::?relay`; Banked call to: osal_msg_allocate
   \   0000ED   8A..         MOV       ?V4,R2
   \   0000EF   8B..         MOV       ?V5,R3
   \   0000F1   AE..         MOV       R6,?V4
   \   0000F3   AF..         MOV       R7,?V5
   \   0000F5   EE           MOV       A,R6
   \   0000F6   4F           ORL       A,R7
   \   0000F7   7044         JNZ       ??MAC_CbackEvent_11
    205              {
    206                // Not enough memory. If data confirm - try again
    207                if ((event == MAC_MCPS_DATA_CNF) && (pData->dataCnf.pDataReq != NULL))
   \   0000F9   740C         MOV       A,#0xc
   \   0000FB   65..         XRL       A,?V2
   \   0000FD   6003         JZ        $+5
   \   0000FF   02....       LJMP      ??MAC_CbackEvent_0 & 0xFFFF
   \   000102   12....       LCALL     ?Subroutine2 & 0xFFFF
   \                     ??CrossCallReturnLabel_2:
   \   000105   7003         JNZ       $+5
   \   000107   02....       LJMP      ??MAC_CbackEvent_0 & 0xFFFF
    208                {
    209                  halIntState_t intState;
    210          
    211                  // This is not normally deallocated here because the pZMac_AppCallback()
    212                  // application may need it.
    213                  HAL_ENTER_CRITICAL_SECTION( intState );  // Hold off interrupts.
   \   00010A   A2AF         MOV       C,0xa8.7
   \   00010C   E4           CLR       A
   \   00010D   33           RLC       A
   \   00010E   F5..         MOV       ?V3,A
   \   000110   C2AF         CLR       0xa8.7
    214          
    215                  mac_msg_deallocate( (uint8**)&(pData->dataCnf.pDataReq) );
   \   000112                ; Setup parameters for call to function mac_msg_deallocate
   \   000112   12....       LCALL     `??mac_msg_deallocate::?relay`; Banked call to: mac_msg_deallocate
    216                  if ( !(msgPtr = (macCbackEvent_t *)osal_msg_allocate(tmp)) )
   \   000115                ; Setup parameters for call to function osal_msg_allocate
   \   000115   7402         MOV       A,#0x2
   \   000117   12....       LCALL     ?XSTACK_DISP0_8
   \   00011A   E0           MOVX      A,@DPTR
   \   00011B   FA           MOV       R2,A
   \   00011C   A3           INC       DPTR
   \   00011D   E0           MOVX      A,@DPTR
   \   00011E   FB           MOV       R3,A
   \   00011F   12....       LCALL     `??osal_msg_allocate::?relay`; Banked call to: osal_msg_allocate
   \   000122   8A..         MOV       ?V4,R2
   \   000124   8B..         MOV       ?V5,R3
   \   000126   AE..         MOV       R6,?V4
   \   000128   AF..         MOV       R7,?V5
   \   00012A   EE           MOV       A,R6
   \   00012B   4F           ORL       A,R7
   \   00012C   7009         JNZ       ??MAC_CbackEvent_12
    217                  {
    218                    // Still no allocation, something is wrong
    219                    HAL_EXIT_CRITICAL_SECTION( intState );   // Re-enable interrupts.
   \   00012E   E5..         MOV       A,?V3
   \   000130   A2E0         MOV       C,0xE0 /* A   */.0
   \   000132   92AF         MOV       0xa8.7,C
    220                    return;
   \   000134   02....       LJMP      ??MAC_CbackEvent_0 & 0xFFFF
    221                  }
    222                  HAL_EXIT_CRITICAL_SECTION( intState );   // Re-enable interrupts.
   \                     ??MAC_CbackEvent_12:
   \   000137   E5..         MOV       A,?V3
   \   000139   A2E0         MOV       C,0xE0 /* A   */.0
   \   00013B   92AF         MOV       0xa8.7,C
    223                }
    224                else
    225                {
    226                  // This message is dropped
    227                  return;
    228                }
    229              }
    230              osal_memcpy(msgPtr, pData, zmacCBSizeTable[event]);
   \                     ??MAC_CbackEvent_11:
   \   00013D                ; Setup parameters for call to function osal_memcpy
   \   00013D   85..82       MOV       DPL,?XSP + 0
   \   000140   85..83       MOV       DPH,?XSP + 1
   \   000143   E0           MOVX      A,@DPTR
   \   000144   F5..         MOV       ?V4,A
   \   000146   A3           INC       DPTR
   \   000147   E0           MOVX      A,@DPTR
   \   000148   F5..         MOV       ?V5,A
   \   00014A   75..00       MOV       ?V6,#0x0
   \   00014D   78..         MOV       R0,#?V4
   \   00014F   12....       LCALL     ?PUSH_XSTACK_I_THREE
   \   000152   AC..         MOV       R4,?V0
   \   000154   7D00         MOV       R5,#0x0
   \   000156   EE           MOV       A,R6
   \   000157   FA           MOV       R2,A
   \   000158   EF           MOV       A,R7
   \   000159   FB           MOV       R3,A
   \   00015A   12....       LCALL     `??osal_memcpy::?relay`; Banked call to: osal_memcpy
   \   00015D   7403         MOV       A,#0x3
   \   00015F   12....       LCALL     ?DEALLOC_XSTACK8
    231            }
    232          
    233            if ( event == MAC_MLME_BEACON_NOTIFY_IND )
   \   000162   EE           MOV       A,R6
   \   000163   2409         ADD       A,#0x9
   \   000165   F5..         MOV       ?V8,A
   \   000167   E4           CLR       A
   \   000168   3F           ADDC      A,R7
   \   000169   F5..         MOV       ?V9,A
   \   00016B   EE           MOV       A,R6
   \   00016C   2408         ADD       A,#0x8
   \   00016E   F5..         MOV       ?V12,A
   \   000170   E4           CLR       A
   \   000171   3F           ADDC      A,R7
   \   000172   F5..         MOV       ?V13,A
   \   000174   7405         MOV       A,#0x5
   \   000176   65..         XRL       A,?V2
   \   000178   7077         JNZ       ??MAC_CbackEvent_13
    234            {
    235              macMlmeBeaconNotifyInd_t *pBeacon = (macMlmeBeaconNotifyInd_t*)msgPtr;
    236          
    237              osal_memcpy(pBeacon+1, pBeacon->pPanDesc, sizeof(macPanDesc_t));
   \   00017A   12....       LCALL     ?Subroutine9 & 0xFFFF
   \                     ??CrossCallReturnLabel_15:
   \   00017D   EE           MOV       A,R6
   \   00017E   2403         ADD       A,#0x3
   \   000180   F5..         MOV       ?V10,A
   \   000182   E4           CLR       A
   \   000183   3F           ADDC      A,R7
   \   000184   F5..         MOV       ?V11,A
   \   000186                ; Setup parameters for call to function osal_memcpy
   \   000186   85..82       MOV       DPL,?V10
   \   000189   F583         MOV       DPH,A
   \   00018B   12....       LCALL     ?Subroutine8 & 0xFFFF
   \                     ??CrossCallReturnLabel_13:
   \   00018E   12....       LCALL     ?PUSH_XSTACK_I_THREE
   \   000191   7C21         MOV       R4,#0x21
   \   000193   7D00         MOV       R5,#0x0
   \   000195   AA..         MOV       R2,?V0
   \   000197   AB..         MOV       R3,?V1
   \   000199   12....       LCALL     `??osal_memcpy::?relay`; Banked call to: osal_memcpy
   \   00019C   7403         MOV       A,#0x3
   \   00019E   12....       LCALL     ?DEALLOC_XSTACK8
    238              pBeacon->pPanDesc = (macPanDesc_t *)(pBeacon+1);
   \   0001A1   85..82       MOV       DPL,?V10
   \   0001A4   85..83       MOV       DPH,?V11
   \   0001A7   E5..         MOV       A,?V0
   \   0001A9   F0           MOVX      @DPTR,A
   \   0001AA   A3           INC       DPTR
   \   0001AB   E5..         MOV       A,?V1
   \   0001AD   F0           MOVX      @DPTR,A
    239              osal_memcpy(pBeacon->pPanDesc+1, pBeacon->pSdu, pBeacon->sduLength);
   \   0001AE                ; Setup parameters for call to function osal_memcpy
   \   0001AE   85..82       MOV       DPL,?V8
   \   0001B1   85..83       MOV       DPH,?V9
   \   0001B4   12....       LCALL     ?Subroutine8 & 0xFFFF
   \                     ??CrossCallReturnLabel_14:
   \   0001B7   12....       LCALL     ?PUSH_XSTACK_I_THREE
   \   0001BA   85..82       MOV       DPL,?V12
   \   0001BD   85..83       MOV       DPH,?V13
   \   0001C0   E0           MOVX      A,@DPTR
   \   0001C1   FC           MOV       R4,A
   \   0001C2   7D00         MOV       R5,#0x0
   \   0001C4   E5..         MOV       A,?V0
   \   0001C6   2421         ADD       A,#0x21
   \   0001C8   FA           MOV       R2,A
   \   0001C9   E4           CLR       A
   \   0001CA   35..         ADDC      A,?V1
   \   0001CC   FB           MOV       R3,A
   \   0001CD   12....       LCALL     `??osal_memcpy::?relay`; Banked call to: osal_memcpy
   \   0001D0   7403         MOV       A,#0x3
   \   0001D2   12....       LCALL     ?DEALLOC_XSTACK8
    240              pBeacon->pSdu = (uint8 *)(pBeacon->pPanDesc+1);
   \   0001D5   85..82       MOV       DPL,?V10
   \   0001D8   85..83       MOV       DPH,?V11
   \   0001DB   E0           MOVX      A,@DPTR
   \   0001DC   2421         ADD       A,#0x21
   \   0001DE   F8           MOV       R0,A
   \   0001DF   A3           INC       DPTR
   \   0001E0   E0           MOVX      A,@DPTR
   \   0001E1   3400         ADDC      A,#0x0
   \   0001E3   F9           MOV       R1,A
   \   0001E4   85..82       MOV       DPL,?V8
   \   0001E7   85..83       MOV       DPH,?V9
   \   0001EA   E8           MOV       A,R0
   \   0001EB   F0           MOVX      @DPTR,A
   \   0001EC   A3           INC       DPTR
   \   0001ED   E9           MOV       A,R1
   \   0001EE   F0           MOVX      @DPTR,A
   \   0001EF   8074         SJMP      ??MAC_CbackEvent_5
    241            }
    242            else if (event == MAC_MLME_SCAN_CNF)
   \                     ??MAC_CbackEvent_13:
   \   0001F1   7407         MOV       A,#0x7
   \   0001F3   65..         XRL       A,?V2
   \   0001F5   706E         JNZ       ??MAC_CbackEvent_5
    243            {
    244              macMlmeScanCnf_t *pScan = (macMlmeScanCnf_t*)msgPtr;
    245          
    246              if (ZMac_ScanBuf != NULL)
   \   0001F7   90....       MOV       DPTR,#ZMac_ScanBuf
   \   0001FA   12....       LCALL     ?Subroutine4 & 0xFFFF
   \                     ??CrossCallReturnLabel_6:
   \   0001FD   6066         JZ        ??MAC_CbackEvent_5
    247              {
    248                void *pTmp = ZMac_ScanBuf;
   \   0001FF   90....       MOV       DPTR,#ZMac_ScanBuf
   \   000202   E0           MOVX      A,@DPTR
   \   000203   F5..         MOV       ?V10,A
   \   000205   A3           INC       DPTR
   \   000206   E0           MOVX      A,@DPTR
   \   000207   F5..         MOV       ?V11,A
    249                ZMac_ScanBuf = NULL;
   \   000209   90....       MOV       DPTR,#ZMac_ScanBuf
   \   00020C   E4           CLR       A
   \   00020D   F0           MOVX      @DPTR,A
   \   00020E   A3           INC       DPTR
   \   00020F   F0           MOVX      @DPTR,A
    250          
    251                if (pScan->scanType == ZMAC_ED_SCAN)
   \   000210   88..         MOV       ?V4,R0
   \   000212   89..         MOV       ?V5,R1
   \   000214   12....       LCALL     ?Subroutine9 & 0xFFFF
   \                     ??CrossCallReturnLabel_16:
   \   000217   8E82         MOV       DPL,R6
   \   000219   8F83         MOV       DPH,R7
   \   00021B   A3           INC       DPTR
   \   00021C   A3           INC       DPTR
   \   00021D   E0           MOVX      A,@DPTR
   \   00021E   85..82       MOV       DPL,?V8
   \   000221   85..83       MOV       DPH,?V9
   \   000224   7012         JNZ       ??MAC_CbackEvent_14
    252                {
    253                  pScan->result.pEnergyDetect = (uint8*) (pScan + 1);
   \   000226   E5..         MOV       A,?V0
   \   000228   F0           MOVX      @DPTR,A
   \   000229   A3           INC       DPTR
   \   00022A   E5..         MOV       A,?V1
   \   00022C   F0           MOVX      @DPTR,A
    254                  osal_memcpy(pScan->result.pEnergyDetect, pTmp, ZMAC_ED_SCAN_MAXCHANNELS);
   \   00022D                ; Setup parameters for call to function osal_memcpy
   \   00022D   78..         MOV       R0,#?V4
   \   00022F   12....       LCALL     ?PUSH_XSTACK_I_THREE
   \   000232   7C1B         MOV       R4,#0x1b
   \   000234   7D00         MOV       R5,#0x0
   \   000236   801A         SJMP      ??MAC_CbackEvent_15
    255                }
    256                else
    257                {
    258                  pScan->result.pPanDescriptor = (macPanDesc_t*) (pScan + 1);
   \                     ??MAC_CbackEvent_14:
   \   000238   E5..         MOV       A,?V0
   \   00023A   F0           MOVX      @DPTR,A
   \   00023B   A3           INC       DPTR
   \   00023C   E5..         MOV       A,?V1
   \   00023E   F0           MOVX      @DPTR,A
    259                  osal_memcpy(pScan + 1, pTmp, sizeof( ZMacPanDesc_t ) * pScan->resultListSize);
   \   00023F                ; Setup parameters for call to function osal_memcpy
   \   00023F   78..         MOV       R0,#?V4
   \   000241   12....       LCALL     ?PUSH_XSTACK_I_THREE
   \   000244   85..82       MOV       DPL,?V12
   \   000247   85..83       MOV       DPH,?V13
   \   00024A   E0           MOVX      A,@DPTR
   \   00024B   75F021       MOV       B,#0x21
   \   00024E   A4           MUL       AB
   \   00024F   FC           MOV       R4,A
   \   000250   ADF0         MOV       R5,B
   \                     ??MAC_CbackEvent_15:
   \   000252   AA..         MOV       R2,?V0
   \   000254   AB..         MOV       R3,?V1
   \   000256   12....       LCALL     `??osal_memcpy::?relay`; Banked call to: osal_memcpy
   \   000259   7403         MOV       A,#0x3
   \   00025B   12....       LCALL     ?DEALLOC_XSTACK8
    260                }
    261          
    262                osal_mem_free(pTmp);
   \   00025E                ; Setup parameters for call to function osal_mem_free
   \   00025E   AA..         MOV       R2,?V10
   \   000260   AB..         MOV       R3,?V11
   \   000262   12....       LCALL     `??osal_mem_free::?relay`; Banked call to: osal_mem_free
    263              }
    264            }
    265          
    266            if ( ( pZMac_AppCallback == NULL ) || ( pZMac_AppCallback( (uint8 *)msgPtr ) == FALSE ) )
   \                     ??MAC_CbackEvent_5:
   \   000265   90....       MOV       DPTR,#pZMac_AppCallback
   \   000268   12....       LCALL     ?Subroutine4 & 0xFFFF
   \                     ??CrossCallReturnLabel_7:
   \   00026B   6010         JZ        ??MAC_CbackEvent_16
   \   00026D                ; Setup parameters for indirect call
   \   00026D   EE           MOV       A,R6
   \   00026E   FA           MOV       R2,A
   \   00026F   EF           MOV       A,R7
   \   000270   FB           MOV       R3,A
   \   000271   12....       LCALL     ??Subroutine13_0 & 0xFFFF
   \                     ??CrossCallReturnLabel_19:
   \   000274   12....       LCALL     ?CALL_IND
   \   000277   E9           MOV       A,R1
   \   000278   6003         JZ        $+5
   \   00027A   02....       LJMP      ??MAC_CbackEvent_17 & 0xFFFF
    267            {
    268              // Filter out non-zigbee packets
    269              if ( event == MAC_MCPS_DATA_IND )
   \                     ??MAC_CbackEvent_16:
   \   00027D   740D         MOV       A,#0xd
   \   00027F   65..         XRL       A,?V2
   \   000281   6003         JZ        $+5
   \   000283   02....       LJMP      ??MAC_CbackEvent_18 & 0xFFFF
    270              {
    271                uint8 fcFrameType = (pData->dataInd.msdu.p[0] & 0x03);
    272                uint8 fcProtoVer = ((pData->dataInd.msdu.p[0] >> 2) & 0x0F);
   \   000286   12....       LCALL     ?Subroutine3 & 0xFFFF
   \                     ??CrossCallReturnLabel_4:
   \   000289   F9           MOV       R1,A
   \   00028A   8882         MOV       DPL,R0
   \   00028C   8983         MOV       DPH,R1
   \   00028E   E0           MOVX      A,@DPTR
   \   00028F   FA           MOV       R2,A
   \   000290   13           RRC       A
   \   000291   13           RRC       A
   \   000292   543F         ANL       A,#0x3f
   \   000294   540F         ANL       A,#0xf
   \   000296   F9           MOV       R1,A
    273                uint8 fcReserve = (pData->dataInd.msdu.p[1] & 0xC0);
   \   000297   A3           INC       DPTR
   \   000298   E0           MOVX      A,@DPTR
   \   000299   F8           MOV       R0,A
    274                if ( (fcFrameType > 0x01) || (fcProtoVer != _NIB.nwkProtocolVersion) || (fcReserve != 0)
    275                    || (pData->dataInd.mac.srcAddr.addrMode != SADDR_MODE_SHORT) )
   \   00029A   7403         MOV       A,#0x3
   \   00029C   5A           ANL       A,R2
   \   00029D   C3           CLR       C
   \   00029E   9402         SUBB      A,#0x2
   \   0002A0   501D         JNC       ??MAC_CbackEvent_19
   \   0002A2   90....       MOV       DPTR,#_NIB + 17
   \   0002A5   E0           MOVX      A,@DPTR
   \   0002A6   69           XRL       A,R1
   \   0002A7   7016         JNZ       ??MAC_CbackEvent_19
   \   0002A9   74C0         MOV       A,#-0x40
   \   0002AB   58           ANL       A,R0
   \   0002AC   7011         JNZ       ??MAC_CbackEvent_19
   \   0002AE   12....       LCALL     ?Subroutine11 & 0xFFFF
   \                     ??CrossCallReturnLabel_26:
   \   0002B1   C8           XCH       A,R0
   \   0002B2   241B         ADD       A,#0x1b
   \   0002B4   F582         MOV       DPL,A
   \   0002B6   E4           CLR       A
   \   0002B7   38           ADDC      A,R0
   \   0002B8   F583         MOV       DPH,A
   \   0002BA   E0           MOVX      A,@DPTR
   \   0002BB   6402         XRL       A,#0x2
   \   0002BD   6023         JZ        ??MAC_CbackEvent_20
    276                {
    277          #if (ZG_BUILD_RTR_TYPE)       
    278                  //Is this for GP
    279                  if(fcProtoVer == GP_ZIGBEE_PROTOCOL_VER)
   \                     ??MAC_CbackEvent_19:
   \   0002BF   7403         MOV       A,#0x3
   \   0002C1   69           XRL       A,R1
   \   0002C2   7017         JNZ       ??MAC_CbackEvent_3
    280                  {
    281                    pData->hdr.event = GP_MAC_MCPS_DATA_IND;
   \   0002C4   12....       LCALL     ?Subroutine7 & 0xFFFF
   \                     ??CrossCallReturnLabel_21:
   \   0002C7   7401         MOV       A,#0x1
   \   0002C9   12....       LCALL     ?Subroutine1 & 0xFFFF
    282             
    283                    // Application hasn't already processed this message. Send it to NWK task.
    284                    osal_msg_send( gp_TaskID, (uint8 *)pData );
   \                     ??CrossCallReturnLabel_1:
   \   0002CC   FA           MOV       R2,A
   \   0002CD   A3           INC       DPTR
   \   0002CE   E0           MOVX      A,@DPTR
   \   0002CF   FB           MOV       R3,A
   \   0002D0   90....       MOV       DPTR,#gp_TaskID
   \   0002D3   E0           MOVX      A,@DPTR
   \   0002D4   F9           MOV       R1,A
   \   0002D5   12....       LCALL     `??osal_msg_send::?relay`; Banked call to: osal_msg_send
    285          
    286                    return;
   \   0002D8   02....       LJMP      ??MAC_CbackEvent_0 & 0xFFFF
    287                  }
    288          #endif
    289                
    290                  // Drop the message
    291                  mac_msg_deallocate( (uint8 **)&pData );
   \                     ??MAC_CbackEvent_3:
   \   0002DB                ; Setup parameters for call to function mac_msg_deallocate
   \   0002DB   AA..         MOV       R2,?XSP + 0
   \   0002DD   AB..         MOV       R3,?XSP + 1
   \   0002DF   02....       LJMP      ??MAC_CbackEvent_21 & 0xFFFF
    292                  return;
    293                }
    294                else
    295                {
    296                  macDataInd_t *pInd = &msgPtr->dataInd.mac;
   \                     ??MAC_CbackEvent_20:
   \   0002E2   EE           MOV       A,R6
   \   0002E3   2413         ADD       A,#0x13
   \   0002E5   F8           MOV       R0,A
   \   0002E6   E4           CLR       A
   \   0002E7   3F           ADDC      A,R7
   \   0002E8   F9           MOV       R1,A
    297                  // See if LQI needs adjustment due to frame correlation
    298                  ZMacLqiAdjust( pInd->correlation, &pInd->mpduLinkQuality );
   \   0002E9                ; Setup parameters for call to function ZMacLqiAdjust
   \   0002E9   E8           MOV       A,R0
   \   0002EA   241C         ADD       A,#0x1c
   \   0002EC   FA           MOV       R2,A
   \   0002ED   E4           CLR       A
   \   0002EE   39           ADDC      A,R1
   \   0002EF   FB           MOV       R3,A
   \   0002F0   E8           MOV       A,R0
   \   0002F1   241D         ADD       A,#0x1d
   \   0002F3   F582         MOV       DPL,A
   \   0002F5   E4           CLR       A
   \   0002F6   39           ADDC      A,R1
   \   0002F7   F583         MOV       DPH,A
   \   0002F9   E0           MOVX      A,@DPTR
   \   0002FA   F9           MOV       R1,A
   \   0002FB   12....       LCALL     `??ZMacLqiAdjust::?relay`; Banked call to: ZMacLqiAdjust
    299          
    300                  // Look for broadcast message that has a radius of greater 1
    301                  if ( (pData->dataInd.mac.dstAddr.addr.shortAddr == 0xFFFF)
    302                         && (pData->dataInd.msdu.p[6] > 1) )
   \   0002FE   12....       LCALL     ?Subroutine11 & 0xFFFF
   \                     ??CrossCallReturnLabel_27:
   \   000301   C8           XCH       A,R0
   \   000302   241C         ADD       A,#0x1c
   \   000304   F582         MOV       DPL,A
   \   000306   E4           CLR       A
   \   000307   38           ADDC      A,R0
   \   000308   F583         MOV       DPH,A
   \   00030A   E0           MOVX      A,@DPTR
   \   00030B   F4           CPL       A
   \   00030C   7003         JNZ       ??MAC_CbackEvent_22
   \   00030E   A3           INC       DPTR
   \   00030F   E0           MOVX      A,@DPTR
   \   000310   F4           CPL       A
   \                     ??MAC_CbackEvent_22:
   \   000311   7063         JNZ       ??MAC_CbackEvent_23
   \   000313   12....       LCALL     ?Subroutine3 & 0xFFFF
   \                     ??CrossCallReturnLabel_5:
   \   000316   C8           XCH       A,R0
   \   000317   2406         ADD       A,#0x6
   \   000319   F582         MOV       DPL,A
   \   00031B   E4           CLR       A
   \   00031C   38           ADDC      A,R0
   \   00031D   F583         MOV       DPH,A
   \   00031F   E0           MOVX      A,@DPTR
   \   000320   C3           CLR       C
   \   000321   9402         SUBB      A,#0x2
   \   000323   4051         JC        ??MAC_CbackEvent_23
    303                  {
    304                    // Send the messsage to a special broadcast queue
    305                    if ( nwk_broadcastSend( (uint8 *)msgPtr ) != SUCCESS )
   \   000325                ; Setup parameters for call to function nwk_broadcastSend
   \   000325   EE           MOV       A,R6
   \   000326   FA           MOV       R2,A
   \   000327   EF           MOV       A,R7
   \   000328   FB           MOV       R3,A
   \   000329   12....       LCALL     `??nwk_broadcastSend::?relay`; Banked call to: nwk_broadcastSend
   \   00032C   E9           MOV       A,R1
   \   00032D   6067         JZ        ??MAC_CbackEvent_0
    306                    {
    307                      // Drop the message, too many broadcast messages to process
    308                      mac_msg_deallocate( (uint8 **)&pData );
   \   00032F                ; Setup parameters for call to function mac_msg_deallocate
   \   00032F   AA..         MOV       R2,?XSP + 0
   \   000331   AB..         MOV       R3,?XSP + 1
   \   000333   12....       LCALL     `??mac_msg_deallocate::?relay`; Banked call to: mac_msg_deallocate
    309                    }
    310                    return;
   \                     ??MAC_CbackEvent_24:
   \   000336   805E         SJMP      ??MAC_CbackEvent_0
    311                  }
    312                }
    313              }
    314              else if ((event == MAC_MCPS_DATA_CNF) && (pData->hdr.status != MAC_NO_RESOURCES))
   \                     ??MAC_CbackEvent_18:
   \   000338   740C         MOV       A,#0xc
   \   00033A   65..         XRL       A,?V2
   \   00033C   7062         JNZ       ??MAC_CbackEvent_25
   \   00033E   12....       LCALL     ?Subroutine7 & 0xFFFF
   \                     ??CrossCallReturnLabel_22:
   \   000341   A3           INC       DPTR
   \   000342   E0           MOVX      A,@DPTR
   \   000343   641A         XRL       A,#0x1a
   \   000345   602F         JZ        ??MAC_CbackEvent_23
    315              {
    316                macMcpsDataCnf_t *pCnf = &msgPtr->dataCnf;
    317          
    318                if ( pCnf->pDataReq && (pCnf->pDataReq->internal.txOptions & MAC_TXOPTION_ACK) )
   \   000347   8E82         MOV       DPL,R6
   \   000349   8F83         MOV       DPH,R7
   \   00034B   A3           INC       DPTR
   \   00034C   A3           INC       DPTR
   \   00034D   A3           INC       DPTR
   \   00034E   12....       LCALL     ?Subroutine4 & 0xFFFF
   \                     ??CrossCallReturnLabel_8:
   \   000351   6023         JZ        ??MAC_CbackEvent_23
   \   000353   E8           MOV       A,R0
   \   000354   240E         ADD       A,#0xe
   \   000356   F582         MOV       DPL,A
   \   000358   E4           CLR       A
   \   000359   39           ADDC      A,R1
   \   00035A   F583         MOV       DPH,A
   \   00035C   E0           MOVX      A,@DPTR
   \   00035D   A2E0         MOV       C,0xE0 /* A   */.0
   \   00035F   5015         JNC       ??MAC_CbackEvent_23
    319                {
    320                  // See if LQI needs adjustment due to frame correlation
    321                  ZMacLqiAdjust( pCnf->correlation, &pCnf->mpduLinkQuality );
   \   000361                ; Setup parameters for call to function ZMacLqiAdjust
   \   000361   EE           MOV       A,R6
   \   000362   240C         ADD       A,#0xc
   \   000364   FA           MOV       R2,A
   \   000365   E4           CLR       A
   \   000366   3F           ADDC      A,R7
   \   000367   FB           MOV       R3,A
   \   000368   EE           MOV       A,R6
   \   000369   240D         ADD       A,#0xd
   \   00036B   F582         MOV       DPL,A
   \   00036D   E4           CLR       A
   \   00036E   3F           ADDC      A,R7
   \   00036F   F583         MOV       DPH,A
   \   000371   E0           MOVX      A,@DPTR
   \   000372   F9           MOV       R1,A
   \   000373   12....       LCALL     `??ZMacLqiAdjust::?relay`; Banked call to: ZMacLqiAdjust
    322                }
    323              }
    324              if(event == MAC_MCPS_GREEN_PWR_DATA_CNF)
    325              {
    326                msgPtr->dataCnf.hdr.event = GP_MAC_MCPS_DATA_CNF;
    327          #if (ZG_BUILD_RTR_TYPE)       
    328                osal_msg_send( gp_TaskID, (uint8 *)msgPtr);
    329          #endif
    330              }
    331              else
    332              {
    333                osal_msg_send( NWK_TaskID, (uint8 *)msgPtr );
   \                     ??MAC_CbackEvent_23:
   \   000376                ; Setup parameters for call to function osal_msg_send
   \   000376   EE           MOV       A,R6
   \   000377   FA           MOV       R2,A
   \   000378   EF           MOV       A,R7
   \   000379   FB           MOV       R3,A
   \   00037A   90....       MOV       DPTR,#NWK_TaskID
   \   00037D   E0           MOVX      A,@DPTR
   \   00037E   F9           MOV       R1,A
   \   00037F   12....       LCALL     `??osal_msg_send::?relay`; Banked call to: osal_msg_send
    334              }
    335            }
    336            
    337          #if (ZG_BUILD_RTR_TYPE)
    338            if ((event == MAC_MCPS_DATA_CNF || event == MAC_MCPS_GREEN_PWR_DATA_CNF) && (pData->dataCnf.pDataReq != NULL))
   \                     ??MAC_CbackEvent_17:
   \   000382   740C         MOV       A,#0xc
   \   000384   65..         XRL       A,?V2
   \   000386   6006         JZ        ??MAC_CbackEvent_26
   \   000388   7411         MOV       A,#0x11
   \   00038A   65..         XRL       A,?V2
   \   00038C   7008         JNZ       ??MAC_CbackEvent_0
   \                     ??MAC_CbackEvent_26:
   \   00038E   12....       LCALL     ?Subroutine2 & 0xFFFF
   \                     ??CrossCallReturnLabel_3:
   \   000391   6003         JZ        ??MAC_CbackEvent_0
    339          #else
    340            if ((event == MAC_MCPS_DATA_CNF ) && (pData->dataCnf.pDataReq != NULL))
    341          #endif
    342            {
    343              // If the application needs 'pDataReq' then we cannot free it here.
    344              // The application must free it after using it. Note that 'pDataReq'
    345              // is of macMcpsDataReq_t (and not ZMacDataReq_t) type.
    346          
    347              mac_msg_deallocate( (uint8**)&(pData->dataCnf.pDataReq) );
   \   000393                ; Setup parameters for call to function mac_msg_deallocate
   \                     ??MAC_CbackEvent_21:
   \   000393   12....       LCALL     `??mac_msg_deallocate::?relay`; Banked call to: mac_msg_deallocate
    348            }
    349          #endif
    350          }
   \                     ??MAC_CbackEvent_0:
   \   000396   7404         MOV       A,#0x4
   \   000398   12....       LCALL     ?DEALLOC_XSTACK8
   \   00039B   7F0E         MOV       R7,#0xe
   \   00039D   02....       LJMP      ?BANKED_LEAVE_XDATA
   \                     ??MAC_CbackEvent_25:
   \   0003A0   7411         MOV       A,#0x11
   \   0003A2   65..         XRL       A,?V2
   \   0003A4   70D0         JNZ       ??MAC_CbackEvent_23
   \   0003A6   8E82         MOV       DPL,R6
   \   0003A8   8F83         MOV       DPH,R7
   \   0003AA   E4           CLR       A
   \   0003AB   F0           MOVX      @DPTR,A
   \   0003AC                ; Setup parameters for call to function osal_msg_send
   \   0003AC   EE           MOV       A,R6
   \   0003AD   FA           MOV       R2,A
   \   0003AE   EF           MOV       A,R7
   \   0003AF   FB           MOV       R3,A
   \   0003B0   90....       MOV       DPTR,#gp_TaskID
   \   0003B3   E0           MOVX      A,@DPTR
   \   0003B4   F9           MOV       R1,A
   \   0003B5   12....       LCALL     `??osal_msg_send::?relay`; Banked call to: osal_msg_send
   \   0003B8   80D4         SJMP      ??MAC_CbackEvent_26
   \   0003BA                REQUIRE _A_IEN0

   \                                 In  segment BANKED_CODE, align 1, keep-with-next
   \                     ?Subroutine9:
   \   000000   EE           MOV       A,R6
   \   000001   240B         ADD       A,#0xb
   \   000003   F5..         MOV       ?V0,A
   \   000005   E4           CLR       A
   \   000006   3F           ADDC      A,R7
   \   000007   F5..         MOV       ?V1,A
   \   000009   22           RET

   \                                 In  segment BANKED_CODE, align 1, keep-with-next
   \                     ?Subroutine8:
   \   000000   E0           MOVX      A,@DPTR
   \   000001   F5..         MOV       ?V4,A
   \   000003   A3           INC       DPTR
   \   000004   E0           MOVX      A,@DPTR
   \   000005   F5..         MOV       ?V5,A
   \   000007   78..         MOV       R0,#?V4
   \   000009   22           RET

   \                                 In  segment BANKED_CODE, align 1, keep-with-next
   \                     ?Subroutine7:
   \   000000   85..82       MOV       DPL,?XSP + 0
   \   000003   85..83       MOV       DPH,?XSP + 1
   \   000006   E0           MOVX      A,@DPTR
   \   000007                REQUIRE ??Subroutine12_0
   \   000007                ; // Fall through to label ??Subroutine12_0

   \                                 In  segment BANKED_CODE, align 1, keep-with-next
   \                     ??Subroutine12_0:
   \   000000   F8           MOV       R0,A
   \   000001   A3           INC       DPTR
   \   000002                REQUIRE ??Subroutine13_0
   \   000002                ; // Fall through to label ??Subroutine13_0

   \                                 In  segment BANKED_CODE, align 1, keep-with-next
   \                     ??Subroutine13_0:
   \   000000   E0           MOVX      A,@DPTR
   \   000001   F583         MOV       DPH,A
   \   000003   8882         MOV       DPL,R0
   \   000005   22           RET

   \                                 In  segment BANKED_CODE, align 1, keep-with-next
   \                     ?Subroutine6:
   \   000000   12....       LCALL     ?Subroutine10 & 0xFFFF
   \                     ??CrossCallReturnLabel_18:
   \   000003   22           RET

   \                                 In  segment BANKED_CODE, align 1, keep-with-next
   \                     ?Subroutine10:
   \   000000   12....       LCALL     ?Subroutine11 & 0xFFFF
   \                     ??CrossCallReturnLabel_28:
   \   000003   F583         MOV       DPH,A
   \   000005   8882         MOV       DPL,R0
   \   000007   A3           INC       DPTR
   \   000008   A3           INC       DPTR
   \   000009   22           RET

   \                                 In  segment BANKED_CODE, align 1, keep-with-next
   \                     ?Subroutine5:
   \   000000   A3           INC       DPTR
   \   000001   E0           MOVX      A,@DPTR
   \   000002   C8           XCH       A,R0
   \   000003   2408         ADD       A,#0x8
   \   000005   F582         MOV       DPL,A
   \   000007   E4           CLR       A
   \   000008   38           ADDC      A,R0
   \   000009   F583         MOV       DPH,A
   \   00000B   E0           MOVX      A,@DPTR
   \   00000C   22           RET

   \                                 In  segment BANKED_CODE, align 1, keep-with-next
   \                     ?Subroutine4:
   \   000000   12....       LCALL     ??Subroutine14_0 & 0xFFFF
   \                     ??CrossCallReturnLabel_25:
   \   000003   F9           MOV       R1,A
   \   000004   E8           MOV       A,R0
   \   000005   49           ORL       A,R1
   \   000006   22           RET

   \                                 In  segment BANKED_CODE, align 1, keep-with-next
   \                     ?Subroutine3:
   \   000000   12....       LCALL     ?Subroutine10 & 0xFFFF
   \                     ??CrossCallReturnLabel_17:
   \   000003   12....       LCALL     ??Subroutine14_0 & 0xFFFF
   \                     ??CrossCallReturnLabel_24:
   \   000006   22           RET

   \                                 In  segment BANKED_CODE, align 1, keep-with-next
   \                     ?Subroutine2:
   \   000000   85..82       MOV       DPL,?XSP + 0
   \   000003   85..83       MOV       DPH,?XSP + 1
   \   000006   E0           MOVX      A,@DPTR
   \   000007   2403         ADD       A,#0x3
   \   000009   FA           MOV       R2,A
   \   00000A   A3           INC       DPTR
   \   00000B   E0           MOVX      A,@DPTR
   \   00000C   3400         ADDC      A,#0x0
   \   00000E   FB           MOV       R3,A
   \   00000F   8A82         MOV       DPL,R2
   \   000011   8B83         MOV       DPH,R3
   \   000013   12....       LCALL     ??Subroutine14_0 & 0xFFFF
   \                     ??CrossCallReturnLabel_23:
   \   000016   F9           MOV       R1,A
   \   000017   E8           MOV       A,R0
   \   000018   49           ORL       A,R1
   \   000019   22           RET

   \                                 In  segment BANKED_CODE, align 1, keep-with-next
   \                     ?Subroutine11:
   \   000000   85..82       MOV       DPL,?XSP + 0
   \   000003   85..83       MOV       DPH,?XSP + 1
   \   000006                REQUIRE ??Subroutine14_0
   \   000006                ; // Fall through to label ??Subroutine14_0

   \                                 In  segment BANKED_CODE, align 1, keep-with-next
   \                     ??Subroutine14_0:
   \   000000   E0           MOVX      A,@DPTR
   \   000001   F8           MOV       R0,A
   \   000002   A3           INC       DPTR
   \   000003   E0           MOVX      A,@DPTR
   \   000004   22           RET

   \                                 In  segment BANKED_CODE, align 1, keep-with-next
   \                     ?Subroutine1:
   \   000000   F0           MOVX      @DPTR,A
   \   000001                ; Setup parameters for call to function osal_msg_send
   \   000001   85..82       MOV       DPL,?XSP + 0
   \   000004   85..83       MOV       DPH,?XSP + 1
   \   000007   E0           MOVX      A,@DPTR
   \   000008   22           RET
    351          #else  // ifdef MT_MAC_CB_FUNC
    352          {
    353            /* Check if MT has subscribed for this callback If so, pass it as an event to MonitorTest */
    354            switch (pData->hdr.event)
    355            {
    356              case MAC_MLME_ASSOCIATE_IND:
    357                if ( _macCallbackSub & CB_ID_NWK_ASSOCIATE_IND )
    358                  nwk_MTCallbackSubNwkAssociateInd ( (ZMacAssociateInd_t *)pData );
    359                break;
    360          
    361              case MAC_MLME_ASSOCIATE_CNF:
    362                if ( _macCallbackSub & CB_ID_NWK_ASSOCIATE_CNF )
    363                {
    364                  nwk_MTCallbackSubNwkAssociateCnf ( (ZMacAssociateCnf_t *)pData );
    365          #ifdef FEATURE_DUAL_MAC
    366                  DMMGR_ResetActivityFlag( ASSOC_ACTIVITY );
    367          #endif /* FEATURE_DUAL_MAC */
    368                }
    369                break;
    370          
    371              case MAC_MLME_DISASSOCIATE_IND:
    372                if ( _macCallbackSub & CB_ID_NWK_DISASSOCIATE_IND )
    373                  nwk_MTCallbackSubNwkDisassociateInd ( (ZMacDisassociateInd_t *)pData );
    374                break;
    375          
    376              case MAC_MLME_DISASSOCIATE_CNF:
    377                if ( _macCallbackSub & CB_ID_NWK_DISASSOCIATE_CNF )
    378                {
    379                  nwk_MTCallbackSubNwkDisassociateCnf ( (ZMacDisassociateCnf_t *)pData );
    380          #ifdef FEATURE_DUAL_MAC
    381                  DMMGR_ResetActivityFlag( DISASSOC_ACTIVITY );
    382          #endif /* FEATURE_DUAL_MAC */
    383                }
    384                break;
    385          
    386              case MAC_MLME_BEACON_NOTIFY_IND:
    387                if ( _macCallbackSub & CB_ID_NWK_BEACON_NOTIFY_IND )
    388                  nwk_MTCallbackSubNwkBeaconNotifyInd( (ZMacBeaconNotifyInd_t *)pData );
    389                break;
    390          
    391              case MAC_MLME_ORPHAN_IND:
    392                if ( _macCallbackSub & CB_ID_NWK_ORPHAN_IND )
    393                  nwk_MTCallbackSubNwkOrphanInd( (ZMacOrphanInd_t *) pData );
    394                break;
    395          
    396              case MAC_MLME_SCAN_CNF:
    397                if ( _macCallbackSub & CB_ID_NWK_SCAN_CNF )
    398                {
    399                  pData->scanCnf.result.pEnergyDetect = ZMac_ScanBuf;
    400                  nwk_MTCallbackSubNwkScanCnf ( (ZMacScanCnf_t *) pData );
    401          #ifdef FEATURE_DUAL_MAC
    402                  DMMGR_ResetActivityFlag( SCAN_ACTIVITY );
    403          #endif /* FEATURE_DUAL_MAC */
    404                }
    405          
    406                if (ZMac_ScanBuf != NULL)
    407                {
    408                  void *pTmp = ZMac_ScanBuf;
    409                  ZMac_ScanBuf = NULL;
    410                  osal_mem_free(pTmp);
    411                }
    412                break;
    413          
    414              case MAC_MLME_START_CNF:
    415                if ( _macCallbackSub & CB_ID_NWK_START_CNF )
    416                {
    417                  nwk_MTCallbackSubNwkStartCnf ( pData->hdr.status );
    418          #ifdef FEATURE_DUAL_MAC
    419                  DMMGR_ResetActivityFlag( START_ACTIVITY );
    420          #endif /* FEATURE_DUAL_MAC */
    421                }
    422                break;
    423          
    424              case MAC_MLME_SYNC_LOSS_IND:
    425                if ( _macCallbackSub & CB_ID_NWK_SYNC_LOSS_IND )
    426                 nwk_MTCallbackSubNwkSyncLossInd( (ZMacSyncLossInd_t *) pData );
    427                break;
    428          
    429              case MAC_MLME_POLL_CNF:
    430                if ( _macCallbackSub & CB_ID_NWK_POLL_CNF )
    431                {
    432                  nwk_MTCallbackSubNwkPollCnf( pData->hdr.status );
    433          #ifdef FEATURE_DUAL_MAC
    434                  DMMGR_ResetActivityFlag( DATA_POLL_ACTIVITY );
    435          #endif /* FEATURE_DUAL_MAC */
    436                }
    437                break;
    438          
    439              case MAC_MLME_COMM_STATUS_IND:
    440                if ( _macCallbackSub & CB_ID_NWK_COMM_STATUS_IND )
    441                {
    442                  nwk_MTCallbackSubCommStatusInd ( (ZMacCommStatusInd_t *) pData );
    443          #ifdef FEATURE_DUAL_MAC
    444                  /**
    445                   * Reset the activity flags if we receive the comm status 
    446                   * indication. The association response and orphan response msg 
    447                   * receives the comm-status indication message as a response. 
    448                   */
    449                  switch ( ((ZMacCommStatusInd_t *) pData)->hdr.Status )
    450                  {
    451                    case ZMAC_SUCCESS:
    452                    case ZMAC_TRANSACTION_OVERFLOW:
    453                    case ZMAC_TRANSACTION_EXPIRED:
    454                    case ZMAC_CHANNEL_ACCESS_FAILURE:
    455                    case ZMAC_NO_RESOURCES:          
    456                    case ZMAC_NO_ACK:
    457                    case ZMAC_COUNTER_ERROR:    
    458                    case ZMAC_INVALID_PARAMETER:
    459                      DMMGR_ResetActivityFlag( ALL_ACTIVITY );
    460                      break;
    461                    default:
    462                      /**
    463                       * If the activity flag is not reset, we need to re-evaluate the
    464                       * and add more case statement above. Note, MAC security is not
    465                       * used by zstack and not supported by dual mac.
    466                       */
    467                      break;
    468                  }
    469          #endif /* FEATURE_DUAL_MAC */
    470                }
    471                break;
    472          
    473              case MAC_MCPS_DATA_CNF:
    474              {
    475          #ifdef FEATURE_DUAL_MAC
    476                if ( pData->dataCnf.pDataReq != NULL )
    477                {
    478                  if ( DMMGR_IsDefaultMac() )
    479                  {
    480                    DMMGR_ProcessMacDataCnf((macMcpsDataCnf_t *)pData);
    481                  }
    482                  
    483                  mac_msg_deallocate((uint8 **)&pData->dataCnf.pDataReq); 
    484                }
    485                
    486                if ( _macCallbackSub & CB_ID_NWK_DATA_CNF )
    487                {
    488                  nwk_MTCallbackSubNwkDataCnf( (ZMacDataCnf_t *) pData );
    489                }
    490          
    491                DMMGR_ResetActivityFlag( DATA_ACTIVITY );
    492          #else
    493                if (pData->dataCnf.pDataReq != NULL)
    494                {
    495                  mac_msg_deallocate((uint8**)&pData->dataCnf.pDataReq);
    496                }
    497          
    498                if ( _macCallbackSub & CB_ID_NWK_DATA_CNF )
    499                {
    500                  nwk_MTCallbackSubNwkDataCnf( (ZMacDataCnf_t *) pData );
    501                }
    502          
    503          #endif /* FEATURE_DUAL_MAC */
    504              }
    505              break;
    506          
    507              case MAC_MCPS_DATA_IND:
    508                {
    509                  /*
    510                     Data Ind is unconventional: to save an alloc/copy, reuse the MAC
    511                     buffer and re-organize the contents into ZMAC format.
    512                  */
    513                  ZMacDataInd_t *pDataInd = (ZMacDataInd_t *) pData;
    514                  uint8 event, status, len, *msdu;
    515          
    516                  /* Store parameters */
    517                  event = pData->hdr.event;
    518                  status = pData->hdr.status;
    519                  len = pData->dataInd.msdu.len;
    520                  msdu = pData->dataInd.msdu.p;
    521          
    522                  /* Copy security fields */
    523                  osal_memcpy(&pDataInd->Sec, &pData->dataInd.sec, sizeof(ZMacSec_t));
    524          
    525                  /* Copy mac fields one by one since the two buffers overlap. */
    526                  osal_memcpy(&pDataInd->SrcAddr, &pData->dataInd.mac.srcAddr, sizeof(zAddrType_t));
    527                  osal_memcpy(&pDataInd->DstAddr, &pData->dataInd.mac.dstAddr, sizeof(zAddrType_t));
    528                  pDataInd->Timestamp = pData->dataInd.mac.timestamp;
    529                  pDataInd->Timestamp2 = pData->dataInd.mac.timestamp2;
    530                  pDataInd->SrcPANId = pData->dataInd.mac.srcPanId;
    531                  pDataInd->DstPANId = pData->dataInd.mac.dstPanId;
    532                  pDataInd->mpduLinkQuality = pData->dataInd.mac.mpduLinkQuality;
    533                  pDataInd->Correlation = pData->dataInd.mac.correlation;
    534                  pDataInd->Rssi = pData->dataInd.mac.rssi;
    535                  pDataInd->Dsn = pData->dataInd.mac.dsn;
    536          
    537                  /* Restore parameters */
    538                  pDataInd->hdr.Status = status;
    539                  pDataInd->hdr.Event = event;
    540                  pDataInd->msduLength = len;
    541          
    542                  if (len)
    543                    pDataInd->msdu = msdu;
    544                  else
    545                    pDataInd->msdu = NULL;
    546          
    547                  if ( _macCallbackSub & CB_ID_NWK_DATA_IND )
    548                    nwk_MTCallbackSubNwkDataInd ( pDataInd );
    549                }
    550          
    551                /* free buffer */
    552                mac_msg_deallocate( (uint8 **)&pData );
    553                break;
    554          
    555              case MAC_MCPS_PURGE_CNF:
    556                if ( _macCallbackSub & CB_ID_NWK_PURGE_CNF )
    557                {
    558                  nwk_MTCallbackSubNwkPurgeCnf( (ZMacPurgeCnf_t *) pData);
    559          #ifdef FEATURE_DUAL_MAC
    560                  DMMGR_ResetActivityFlag( DATA_PURGE_ACTIVITY );
    561          #endif /* FEATURE_DUAL_MAC */
    562          
    563                }
    564                break;
    565          
    566              case MAC_MLME_POLL_IND:
    567                  if ( _macCallbackSub & CB_ID_NWK_ASSOCIATE_IND )
    568                  {
    569                    nwk_MTCallbackSubNwkPollInd( (ZMacPollInd_t *)pData );
    570                  }
    571                break;
    572          
    573              default:
    574                break;
    575            }
    576          }
    577          #endif
    578          
    579          /********************************************************************************************************
    580           * @fn      MAC_CbackCheckPending
    581           *
    582           * @brief   Return number of pending indirect msg
    583           *
    584           * @param   None
    585           *
    586           * @return  Number of indirect msg holding
    587           ********************************************************************************************************/
    588          #ifdef FEATURE_DUAL_MAC
    589          uint8 ZMacCbackCheckPending(void)
    590          #else

   \                                 In  segment BANKED_CODE, align 1, keep-with-next
    591          uint8 MAC_CbackCheckPending(void)
   \                     MAC_CbackCheckPending:
    592          #endif 
    593          {
   \   000000   C082         PUSH      DPL
   \   000002   C083         PUSH      DPH
   \   000004                ; Saved register size: 2
   \   000004                ; Auto size: 0
    594          #if !defined (NONWK)
    595            if ( ZSTACK_ROUTER_BUILD )
    596            {
    597              return (nwkDB_ReturnIndirectHoldingCnt());
   \   000004                ; Setup parameters for call to function nwkDB_ReturnIndirectHoldingCnt
   \   000004   12....       LCALL     `??nwkDB_ReturnIndirectHoldingCnt::?relay`; Banked call to: nwkDB_ReturnIndirectHoldingCnt
   \   000007                REQUIRE ?Subroutine0
   \   000007                ; // Fall through to label ?Subroutine0
    598            }
    599            else
    600            {
    601              return (0);
    602            }
    603          #else
    604            return (0);
    605          #endif
    606          }

   \                                 In  segment BANKED_CODE, align 1, keep-with-next
   \                     ?Subroutine0:
   \   000000   D083         POP       DPH
   \   000002   D082         POP       DPL
   \   000004   02....       LJMP      ?BRET
    607          
    608          /**************************************************************************************************
    609           * @fn          MAC_CbackQueryRetransmit
    610           *
    611           * @brief       This function callback function returns whether or not to continue MAC
    612           *              retransmission.
    613           *              A return value '0x00' will indicate no continuation of retry and a return value
    614           *              '0x01' will indicate to continue retransmission. This callback function shall be
    615           *              used to stop continuing retransmission for RF4CE.
    616           *              MAC shall call this callback function whenever it finishes transmitting a packet
    617           *              for macMaxFrameRetries times.
    618           *
    619           * input parameters
    620           *
    621           * None.
    622           *
    623           * output parameters
    624           *
    625           * None.
    626           *
    627           * @return      0x00 to stop retransmission, 0x01 to continue retransmission.
    628           **************************************************************************************************
    629          */
    630          #ifdef FEATURE_DUAL_MAC
    631          uint8 ZMacCbackQueryRetransmit(void)
    632          #else

   \                                 In  segment BANKED_CODE, align 1, keep-with-next
    633          uint8 MAC_CbackQueryRetransmit(void)
   \                     MAC_CbackQueryRetransmit:
    634          #endif /* FEATURE_DUAL_MAC */
    635          {
   \   000000                ; Saved register size: 0
   \   000000                ; Auto size: 0
    636            return(0);
   \   000000   7900         MOV       R1,#0x0
   \   000002   02....       LJMP      ?BRET
    637          }
    638          
    639          /********************************************************************************************************
    640           * @fn      ZMacLqiAdjustMode
    641           *
    642           * @brief   Sets/return LQI adjust mode
    643           *
    644           * @param   mode - LQI_ADJ_GET = return current mode only
    645           *                 LQI_ADJ_OFF = disable LQI adjusts
    646           *                 LQI_ADJ_MODEx = set to LQI adjust MODEx
    647           *
    648           * @return  current LQI adjust mode
    649           ********************************************************************************************************/

   \                                 In  segment BANKED_CODE, align 1, keep-with-next
    650          ZMacLqiAdjust_t ZMacLqiAdjustMode( ZMacLqiAdjust_t mode )
   \                     ZMacLqiAdjustMode:
    651          {
   \   000000   C082         PUSH      DPL
   \   000002   C083         PUSH      DPH
   \   000004                ; Saved register size: 2
   \   000004                ; Auto size: 0
   \   000004   E9           MOV       A,R1
   \   000005   F8           MOV       R0,A
    652            if ( mode != LQI_ADJ_GET )
   \   000006   74FF         MOV       A,#-0x1
   \   000008   68           XRL       A,R0
   \   000009   6005         JZ        ??ZMacLqiAdjustMode_0
    653            {
    654              lqiAdjMode = mode;
   \   00000B   E8           MOV       A,R0
   \   00000C   90....       MOV       DPTR,#lqiAdjMode
   \   00000F   F0           MOVX      @DPTR,A
    655            }
    656            return ( lqiAdjMode );
   \                     ??ZMacLqiAdjustMode_0:
   \   000010   90....       MOV       DPTR,#lqiAdjMode
   \   000013   E0           MOVX      A,@DPTR
   \   000014   F9           MOV       R1,A
   \   000015   80..         SJMP      ?Subroutine0
    657          }
    658          
    659          #if !defined NONWK
    660          /********************************************************************************************************
    661           * @fn      ZMacLqiAdjust
    662           *
    663           * @brief   Adjust LQI according to correlation value
    664           *
    665           * @notes - the IEEE 802.15.4 specification provides some general statements on
    666           *          the subject of LQI. Section 6.7.8: "The minimum and maximum LQI values
    667           *          (0x00 and 0xFF) should be associated with the lowest and highest IEEE
    668           *          802.15.4 signals detectable by the receiver, and LQ values should be
    669           *          uniformly distributed between these two limits." Section E.2.3: "The
    670           *          LQI (see 6.7.8) measures the received energy and/or SNR for each
    671           *          received packet. When energy level and SNR information are combined,
    672           *          they can indicate whether a corrupt packet resulted from low signal
    673           *          strength or from high signal strength plus interference."
    674           *        - LQI Adjustment Mode1 provided below is a simple algorithm to use the
    675           *          packet correlation value (related to SNR) to scale incoming LQI value
    676           *          (related to signal strength) to 'derate' noisy packets.
    677           *        - LQI Adjustment Mode2 provided below is a location for a developer to
    678           *          implement their own proprietary LQI adjustment algorithm.
    679           *
    680           * @param   corr - packet correlation value
    681           * @param   lqi  - ptr to link quality (scaled rssi)
    682           *
    683           * @return  *lqi - adjusted link quality
    684           ********************************************************************************************************/

   \                                 In  segment BANKED_CODE, align 1, keep-with-next
    685          static void ZMacLqiAdjust( uint8 corr, uint8 *lqi )
   \                     ZMacLqiAdjust:
    686          {
   \   000000                REQUIRE ?V0
   \   000000                REQUIRE ?V1
   \   000000   74F6         MOV       A,#-0xa
   \   000002   12....       LCALL     ?BANKED_ENTER_XDATA
   \   000005                ; Saved register size: 10
   \   000005                ; Auto size: 0
   \   000005   E9           MOV       A,R1
   \   000006   FE           MOV       R6,A
   \   000007   EA           MOV       A,R2
   \   000008   FC           MOV       R4,A
   \   000009   EB           MOV       A,R3
   \   00000A   FD           MOV       R5,A
    687            if ( lqiAdjMode != LQI_ADJ_OFF )
   \   00000B   90....       MOV       DPTR,#lqiAdjMode
   \   00000E   E0           MOVX      A,@DPTR
   \   00000F   6051         JZ        ??ZMacLqiAdjust_0
    688            {
    689              uint16 adjLqi = *lqi;
   \   000011   8C82         MOV       DPL,R4
   \   000013   8D83         MOV       DPH,R5
   \   000015   E0           MOVX      A,@DPTR
   \   000016   F8           MOV       R0,A
   \   000017   7900         MOV       R1,#0x0
    690          
    691              // Keep correlation within theoretical limits
    692              if ( corr < LQI_CORR_MIN )
   \   000019   EE           MOV       A,R6
   \   00001A   C3           CLR       C
   \   00001B   9432         SUBB      A,#0x32
   \   00001D   5004         JNC       ??ZMacLqiAdjust_1
    693              {
    694                 corr = LQI_CORR_MIN;
   \   00001F   7E32         MOV       R6,#0x32
   \   000021   8008         SJMP      ??ZMacLqiAdjust_2
    695              }
    696              else if ( corr > LQI_CORR_MAX )
   \                     ??ZMacLqiAdjust_1:
   \   000023   EE           MOV       A,R6
   \   000024   C3           CLR       C
   \   000025   946F         SUBB      A,#0x6f
   \   000027   4002         JC        ??ZMacLqiAdjust_2
    697              {
    698                 corr = LQI_CORR_MAX;
   \   000029   7E6E         MOV       R6,#0x6e
    699              }
    700          
    701              if ( lqiAdjMode == LQI_ADJ_MODE1 )
   \                     ??ZMacLqiAdjust_2:
   \   00002B   90....       MOV       DPTR,#lqiAdjMode
   \   00002E   E0           MOVX      A,@DPTR
   \   00002F   6401         XRL       A,#0x1
   \   000031   701F         JNZ       ??ZMacLqiAdjust_3
    702              {
    703                /* MODE1 - linear scaling of incoming LQI with a "correlation percentage"
    704                           which is computed from the incoming correlation value between
    705                           theorectical minimum/maximum values. This is a very simple way
    706                           of 'derating' the incoming LQI as correlation value drops. */
    707                adjLqi = (adjLqi * (corr - LQI_CORR_MIN)) / (LQI_CORR_MAX - LQI_CORR_MIN);
   \   000033   EE           MOV       A,R6
   \   000034   24CE         ADD       A,#-0x32
   \   000036   F5..         MOV       ?V0,A
   \   000038   E4           CLR       A
   \   000039   34FF         ADDC      A,#-0x1
   \   00003B   F5..         MOV       ?V1,A
   \   00003D   E8           MOV       A,R0
   \   00003E   85..F0       MOV       B,?V0
   \   000041   A4           MUL       AB
   \   000042   C8           XCH       A,R0
   \   000043   AAF0         MOV       R2,B
   \   000045   85..F0       MOV       B,?V1
   \   000048   A4           MUL       AB
   \   000049   2A           ADD       A,R2
   \   00004A   F9           MOV       R1,A
   \   00004B   7A3C         MOV       R2,#0x3c
   \   00004D   7B00         MOV       R3,#0x0
   \   00004F   12....       LCALL     ?US_DIV_MOD
    708              }
    709              else if ( lqiAdjMode == LQI_ADJ_MODE2 )
    710              {
    711                /* MODE2 - location for developer to implement a proprietary algorithm */
    712              }
    713          
    714              // Replace incoming LQI with scaled value
    715              *lqi = (adjLqi > 255) ? 255 : (uint8)adjLqi;
   \                     ??ZMacLqiAdjust_3:
   \   000052   C3           CLR       C
   \   000053   E9           MOV       A,R1
   \   000054   9401         SUBB      A,#0x1
   \   000056   4004         JC        ??ZMacLqiAdjust_4
   \   000058   74FF         MOV       A,#-0x1
   \   00005A   8001         SJMP      ??ZMacLqiAdjust_5
   \                     ??ZMacLqiAdjust_4:
   \   00005C   E8           MOV       A,R0
   \                     ??ZMacLqiAdjust_5:
   \   00005D   8C82         MOV       DPL,R4
   \   00005F   8D83         MOV       DPH,R5
   \   000061   F0           MOVX      @DPTR,A
    716            }
    717          }
   \                     ??ZMacLqiAdjust_0:
   \   000062   7F02         MOV       R7,#0x2
   \   000064   02....       LJMP      ?BANKED_LEAVE_XDATA

   \                                 In  segment BANK_RELAYS, align 1
   \                     `??MAC_CbackEvent::?relay`:
   \   000000   12....       LCALL   ?BDISPATCH
   \   000003   ......       DC24    MAC_CbackEvent

   \                                 In  segment BANK_RELAYS, align 1
   \                     `??MAC_CbackCheckPending::?relay`:
   \   000000   12....       LCALL   ?BDISPATCH
   \   000003   ......       DC24    MAC_CbackCheckPending

   \                                 In  segment BANK_RELAYS, align 1
   \                     `??MAC_CbackQueryRetransmit::?relay`:
   \   000000   12....       LCALL   ?BDISPATCH
   \   000003   ......       DC24    MAC_CbackQueryRetransmit

   \                                 In  segment BANK_RELAYS, align 1
   \                     `??ZMacLqiAdjustMode::?relay`:
   \   000000   12....       LCALL   ?BDISPATCH
   \   000003   ......       DC24    ZMacLqiAdjustMode

   \                                 In  segment BANK_RELAYS, align 1
   \                     `??ZMacLqiAdjust::?relay`:
   \   000000   12....       LCALL   ?BDISPATCH
   \   000003   ......       DC24    ZMacLqiAdjust
    718          #endif

   Maximum stack usage in bytes:

   ISTACK XSTACK Function
   ------ ------ --------
      2      0   MAC_CbackCheckPending
        2      0   -> nwkDB_ReturnIndirectHoldingCnt
      0     29   MAC_CbackEvent
        0     26   -> MAC_MlmeGetReq
        0     26   -> ZMacLqiAdjust
        0     26   -> mac_msg_deallocate
        0     26   -> nwk_broadcastSend
        0     26   -> osal_mem_free
        0     29   -> osal_memcpy
        0     26   -> osal_msg_allocate
        0     26   -> osal_msg_send
      0      0   MAC_CbackQueryRetransmit
      1     36   ZMacLqiAdjust
      2      0   ZMacLqiAdjustMode


   Segment part sizes:

   Bytes  Function/Label
   -----  --------------
       2  ??Subroutine12_0
       6  ??Subroutine13_0
       5  ??Subroutine14_0
       7  ?Subroutine0
       9  ?Subroutine1
      10  ?Subroutine10
       6  ?Subroutine11
      26  ?Subroutine2
       7  ?Subroutine3
       7  ?Subroutine4
      13  ?Subroutine5
       4  ?Subroutine6
       7  ?Subroutine7
      10  ?Subroutine8
      10  ?Subroutine9
       7  MAC_CbackCheckPending
       6  MAC_CbackCheckPending::?relay
     954  MAC_CbackEvent
       6  MAC_CbackEvent::?relay
       5  MAC_CbackQueryRetransmit
       6  MAC_CbackQueryRetransmit::?relay
     103  ZMacLqiAdjust
       6  ZMacLqiAdjust::?relay
      23  ZMacLqiAdjustMode
       6  ZMacLqiAdjustMode::?relay
       1  _A_IEN0
       1  lqiAdjMode
       2  pZMac_AppCallback
      18  zmacCBSizeTable

 
 1 221 bytes in segment BANKED_CODE
    30 bytes in segment BANK_RELAYS
    18 bytes in segment CODE_C
     1 byte  in segment SFR_AN
     3 bytes in segment XDATA_Z
 
    48 bytes of CODE     memory
     0 bytes of DATA     memory (+ 1 byte shared)
 1 221 bytes of HUGECODE memory
     3 bytes of XDATA    memory

Errors: none
Warnings: none
