###############################################################################
#
# IAR C/C++ Compiler V10.10.1.4655 for 8051               26/Mar/2023  16:31:32
# Copyright 2004-2017 IAR Systems AB.
# Standalone license - IAR Embedded Workbench for 8051
#
#    Core               =  plain
#    Code model         =  banked
#    Data model         =  large
#    Calling convention =  xdata reentrant
#    Constant location  =  data_rom
#    Dptr setup         =  1,16
#                          
#    Source file        =  
#        D:\×ÀÃæ\¡¶ZigBee3.0¿ª·¢Ö¸ÄÏ¡·ÅäÌ××ÊÔ´£¨¸½¼Ó²¿·Ö£©\¿ÎÍâÆª£ºÏîÄ¿ÊµÕ½\»ùÓÚZigbeeµÄÎÂÊª¶È
#        & ¹âÕÕ¶È²É¼¯ÏµÍ³\ZigBeeÉè±¸¶Ë¹Ì¼şÓëÔ´Âë\Ô´Âë\Applications\ZMain.c
#    Command line       =  
#        -f C:\Users\11148\AppData\Local\Temp\EWE44A.tmp
#        ("D:\×ÀÃæ\¡¶ZigBee3.0¿ª·¢Ö¸ÄÏ¡·ÅäÌ××ÊÔ´£¨¸½¼Ó²¿·Ö£©\¿ÎÍâÆª£ºÏîÄ¿ÊµÕ½\»ùÓÚZigbeeµÄÎÂÊª¶È
#        & ¹âÕÕ¶È²É¼¯ÏµÍ³\ZigBeeÉè±¸¶Ë¹Ì¼şÓëÔ´Âë\Ô´Âë\Applications\ZMain.c" -D
#        SECURE=1 -D TC_LINKKEY_JOIN -D NV_INIT -D NV_RESTORE -D xZTOOL_P1 -D
#        xMT_TASK -D xMT_APP_FUNC -D xMT_SYS_FUNC -D xMT_ZDO_FUNC -D
#        xMT_ZDO_MGMT -D xMT_APP_CNF_FUNC -D LCD_SUPPORTED=DEBUG -D
#        MULTICAST_ENABLED=FALSE -D ZCL_READ -D ZCL_DISCOVER -D ZCL_WRITE -D
#        ZCL_BASIC -D ZCL_IDENTIFY -D ZCL_ON_OFF -D ZCL_GROUPS -D
#        ZCL_LEVEL_CTRL -D HAL_KEY=FALSE -D xISR_KEYINTERRUPT -D HAL_UART=TRUE
#        -D INT_HEAP_LEN=2048 -D HAL_LCD=TRUE -D HAL_LCD_OLED12864=TRUE -D
#        HAL_ADC=TRUE -D HAL_DHT11=TRUE -lC
#        "D:\×ÀÃæ\¡¶ZigBee3.0¿ª·¢Ö¸ÄÏ¡·ÅäÌ××ÊÔ´£¨¸½¼Ó²¿·Ö£©\¿ÎÍâÆª£ºÏîÄ¿ÊµÕ½\»ùÓÚZigbeeµÄÎÂÊª¶È
#        &
#        ¹âÕÕ¶È²É¼¯ÏµÍ³\ZigBeeÉè±¸¶Ë¹Ì¼şÓëÔ´Âë\Ô´Âë\Projects\CC2530\Category\Router\List"
#        -lA
#        "D:\×ÀÃæ\¡¶ZigBee3.0¿ª·¢Ö¸ÄÏ¡·ÅäÌ××ÊÔ´£¨¸½¼Ó²¿·Ö£©\¿ÎÍâÆª£ºÏîÄ¿ÊµÕ½\»ùÓÚZigbeeµÄÎÂÊª¶È
#        &
#        ¹âÕÕ¶È²É¼¯ÏµÍ³\ZigBeeÉè±¸¶Ë¹Ì¼şÓëÔ´Âë\Ô´Âë\Projects\CC2530\Category\Router\List"
#        --diag_suppress Pe001,Pa010 -o
#        "D:\×ÀÃæ\¡¶ZigBee3.0¿ª·¢Ö¸ÄÏ¡·ÅäÌ××ÊÔ´£¨¸½¼Ó²¿·Ö£©\¿ÎÍâÆª£ºÏîÄ¿ÊµÕ½\»ùÓÚZigbeeµÄÎÂÊª¶È
#        &
#        ¹âÕÕ¶È²É¼¯ÏµÍ³\ZigBeeÉè±¸¶Ë¹Ì¼şÓëÔ´Âë\Ô´Âë\Projects\CC2530\Category\Router\Obj"
#        -e --debug --core=plain --dptr=16,1 --data_model=large
#        --code_model=banked --calling_convention=xdata_reentrant
#        --place_constants=data_rom --nr_virtual_regs 16 -f
#        "D:\×ÀÃæ\¡¶ZigBee3.0¿ª·¢Ö¸ÄÏ¡·ÅäÌ××ÊÔ´£¨¸½¼Ó²¿·Ö£©\¿ÎÍâÆª£ºÏîÄ¿ÊµÕ½\»ùÓÚZigbeeµÄÎÂÊª¶È
#        &
#        ¹âÕÕ¶È²É¼¯ÏµÍ³\ZigBeeÉè±¸¶Ë¹Ì¼şÓëÔ´Âë\Ô´Âë\Projects\CC2530\Tools\f8wRouter.cfg"
#        (-DCPU32MHZ -DROOT=__near_func -DMAC_CFG_APP_PENDING_QUEUE=TRUE
#        -DMAC_CFG_TX_DATA_MAX=5 -DMAC_CFG_TX_MAX=8 -DMAC_CFG_RX_MAX=5
#        -DRTR_NWK) -f
#        "D:\×ÀÃæ\¡¶ZigBee3.0¿ª·¢Ö¸ÄÏ¡·ÅäÌ××ÊÔ´£¨¸½¼Ó²¿·Ö£©\¿ÎÍâÆª£ºÏîÄ¿ÊµÕ½\»ùÓÚZigbeeµÄÎÂÊª¶È
#        &
#        ¹âÕÕ¶È²É¼¯ÏµÍ³\ZigBeeÉè±¸¶Ë¹Ì¼şÓëÔ´Âë\Ô´Âë\Projects\CC2530\Tools\f8wConfig.cfg"
#        (-DZIGBEEPRO -DSECURE=1 -DZG_SECURE_DYNAMIC=0 -DREFLECTOR
#        -DDEFAULT_CHANLIST=0x00000800 -DZDAPP_CONFIG_PAN_ID=0x0402
#        -DNWK_START_DELAY=100 -DEXTENDED_JOINING_RANDOM_MASK=0x007F
#        -DBEACON_REQUEST_DELAY=100 -DBEACON_REQ_DELAY_MASK=0x00FF
#        -DLINK_STATUS_JITTER_MASK=0x007F -DROUTE_EXPIRY_TIME=30
#        -DAPSC_ACK_WAIT_DURATION_POLLED=3000 -DNWK_INDIRECT_MSG_TIMEOUT=7
#        -DMAX_RREQ_ENTRIES=8 -DAPSC_MAX_FRAME_RETRIES=3
#        -DNWK_MAX_DATA_RETRIES=2 -DMAX_POLL_FAILURE_RETRIES=2 -DMAX_BCAST=9
#        -DAPS_MAX_GROUPS=16 -DMAX_RTG_ENTRIES=40 -DNWK_MAX_BINDING_ENTRIES=4
#        -DMAX_BINDING_CLUSTER_IDS=4 "-DDEFAULT_KEY={0x5a, 0x69, 0x67, 0x42,
#        0x65,0x65, 0x41, 0x6c, 0x6c, 0x69, 0x61, 0x6e, 0x63, 0x65, 0x30,
#        0x39}" -DMAC_MAX_FRAME_SIZE=116 -DZDNWKMGR_MIN_TRANSMISSIONS=20
#        "-DCONST=const __code" -DGENERIC=__generic -DRFD_RCVC_ALWAYS_ON=FALSE
#        -DPOLL_RATE=1000 -DQUEUED_POLL_RATE=100 -DRESPONSE_POLL_RATE=100
#        -DREJOIN_POLL_RATE=440 -DREJOIN_BACKOFF=900000 -DREJOIN_SCAN=900000
#        -DENABLE_LED4_DISABLE_S1) -f
#        "D:\×ÀÃæ\¡¶ZigBee3.0¿ª·¢Ö¸ÄÏ¡·ÅäÌ××ÊÔ´£¨¸½¼Ó²¿·Ö£©\¿ÎÍâÆª£ºÏîÄ¿ÊµÕ½\»ùÓÚZigbeeµÄÎÂÊª¶È
#        &
#        ¹âÕÕ¶È²É¼¯ÏµÍ³\ZigBeeÉè±¸¶Ë¹Ì¼şÓëÔ´Âë\Ô´Âë\Projects\CC2530\Tools\f8wZCL.cfg"
#        -I
#        "D:\×ÀÃæ\¡¶ZigBee3.0¿ª·¢Ö¸ÄÏ¡·ÅäÌ××ÊÔ´£¨¸½¼Ó²¿·Ö£©\¿ÎÍâÆª£ºÏîÄ¿ÊµÕ½\»ùÓÚZigbeeµÄÎÂÊª¶È
#        & ¹âÕÕ¶È²É¼¯ÏµÍ³\ZigBeeÉè±¸¶Ë¹Ì¼şÓëÔ´Âë\Ô´Âë\Projects\CC2530\" -I
#        "D:\×ÀÃæ\¡¶ZigBee3.0¿ª·¢Ö¸ÄÏ¡·ÅäÌ××ÊÔ´£¨¸½¼Ó²¿·Ö£©\¿ÎÍâÆª£ºÏîÄ¿ÊµÕ½\»ùÓÚZigbeeµÄÎÂÊª¶È
#        &
#        ¹âÕÕ¶È²É¼¯ÏµÍ³\ZigBeeÉè±¸¶Ë¹Ì¼şÓëÔ´Âë\Ô´Âë\Projects\CC2530\..\..\Components\hal\include\"
#        -I
#        "D:\×ÀÃæ\¡¶ZigBee3.0¿ª·¢Ö¸ÄÏ¡·ÅäÌ××ÊÔ´£¨¸½¼Ó²¿·Ö£©\¿ÎÍâÆª£ºÏîÄ¿ÊµÕ½\»ùÓÚZigbeeµÄÎÂÊª¶È
#        &
#        ¹âÕÕ¶È²É¼¯ÏµÍ³\ZigBeeÉè±¸¶Ë¹Ì¼şÓëÔ´Âë\Ô´Âë\Projects\CC2530\..\..\Components\hal\target\CC2530EB\"
#        -I
#        "D:\×ÀÃæ\¡¶ZigBee3.0¿ª·¢Ö¸ÄÏ¡·ÅäÌ××ÊÔ´£¨¸½¼Ó²¿·Ö£©\¿ÎÍâÆª£ºÏîÄ¿ÊµÕ½\»ùÓÚZigbeeµÄÎÂÊª¶È
#        &
#        ¹âÕÕ¶È²É¼¯ÏµÍ³\ZigBeeÉè±¸¶Ë¹Ì¼şÓëÔ´Âë\Ô´Âë\Projects\CC2530\..\..\Components\hal\userspace\"
#        -I
#        "D:\×ÀÃæ\¡¶ZigBee3.0¿ª·¢Ö¸ÄÏ¡·ÅäÌ××ÊÔ´£¨¸½¼Ó²¿·Ö£©\¿ÎÍâÆª£ºÏîÄ¿ÊµÕ½\»ùÓÚZigbeeµÄÎÂÊª¶È
#        &
#        ¹âÕÕ¶È²É¼¯ÏµÍ³\ZigBeeÉè±¸¶Ë¹Ì¼şÓëÔ´Âë\Ô´Âë\Projects\CC2530\..\..\Components\mac\include\"
#        -I
#        "D:\×ÀÃæ\¡¶ZigBee3.0¿ª·¢Ö¸ÄÏ¡·ÅäÌ××ÊÔ´£¨¸½¼Ó²¿·Ö£©\¿ÎÍâÆª£ºÏîÄ¿ÊµÕ½\»ùÓÚZigbeeµÄÎÂÊª¶È
#        &
#        ¹âÕÕ¶È²É¼¯ÏµÍ³\ZigBeeÉè±¸¶Ë¹Ì¼şÓëÔ´Âë\Ô´Âë\Projects\CC2530\..\..\Components\mac\high_level\"
#        -I
#        "D:\×ÀÃæ\¡¶ZigBee3.0¿ª·¢Ö¸ÄÏ¡·ÅäÌ××ÊÔ´£¨¸½¼Ó²¿·Ö£©\¿ÎÍâÆª£ºÏîÄ¿ÊµÕ½\»ùÓÚZigbeeµÄÎÂÊª¶È
#        &
#        ¹âÕÕ¶È²É¼¯ÏµÍ³\ZigBeeÉè±¸¶Ë¹Ì¼şÓëÔ´Âë\Ô´Âë\Projects\CC2530\..\..\Components\mac\low_level\srf04\"
#        -I
#        "D:\×ÀÃæ\¡¶ZigBee3.0¿ª·¢Ö¸ÄÏ¡·ÅäÌ××ÊÔ´£¨¸½¼Ó²¿·Ö£©\¿ÎÍâÆª£ºÏîÄ¿ÊµÕ½\»ùÓÚZigbeeµÄÎÂÊª¶È
#        &
#        ¹âÕÕ¶È²É¼¯ÏµÍ³\ZigBeeÉè±¸¶Ë¹Ì¼şÓëÔ´Âë\Ô´Âë\Projects\CC2530\..\..\Components\mac\low_level\srf04\single_chip\"
#        -I
#        "D:\×ÀÃæ\¡¶ZigBee3.0¿ª·¢Ö¸ÄÏ¡·ÅäÌ××ÊÔ´£¨¸½¼Ó²¿·Ö£©\¿ÎÍâÆª£ºÏîÄ¿ÊµÕ½\»ùÓÚZigbeeµÄÎÂÊª¶È
#        &
#        ¹âÕÕ¶È²É¼¯ÏµÍ³\ZigBeeÉè±¸¶Ë¹Ì¼şÓëÔ´Âë\Ô´Âë\Projects\CC2530\..\..\Components\mt\"
#        -I
#        "D:\×ÀÃæ\¡¶ZigBee3.0¿ª·¢Ö¸ÄÏ¡·ÅäÌ××ÊÔ´£¨¸½¼Ó²¿·Ö£©\¿ÎÍâÆª£ºÏîÄ¿ÊµÕ½\»ùÓÚZigbeeµÄÎÂÊª¶È
#        &
#        ¹âÕÕ¶È²É¼¯ÏµÍ³\ZigBeeÉè±¸¶Ë¹Ì¼şÓëÔ´Âë\Ô´Âë\Projects\CC2530\..\..\Components\osal\include\"
#        -I
#        "D:\×ÀÃæ\¡¶ZigBee3.0¿ª·¢Ö¸ÄÏ¡·ÅäÌ××ÊÔ´£¨¸½¼Ó²¿·Ö£©\¿ÎÍâÆª£ºÏîÄ¿ÊµÕ½\»ùÓÚZigbeeµÄÎÂÊª¶È
#        &
#        ¹âÕÕ¶È²É¼¯ÏµÍ³\ZigBeeÉè±¸¶Ë¹Ì¼şÓëÔ´Âë\Ô´Âë\Projects\CC2530\..\..\Components\services\saddr\"
#        -I
#        "D:\×ÀÃæ\¡¶ZigBee3.0¿ª·¢Ö¸ÄÏ¡·ÅäÌ××ÊÔ´£¨¸½¼Ó²¿·Ö£©\¿ÎÍâÆª£ºÏîÄ¿ÊµÕ½\»ùÓÚZigbeeµÄÎÂÊª¶È
#        &
#        ¹âÕÕ¶È²É¼¯ÏµÍ³\ZigBeeÉè±¸¶Ë¹Ì¼şÓëÔ´Âë\Ô´Âë\Projects\CC2530\..\..\Components\services\sdata\"
#        -I
#        "D:\×ÀÃæ\¡¶ZigBee3.0¿ª·¢Ö¸ÄÏ¡·ÅäÌ××ÊÔ´£¨¸½¼Ó²¿·Ö£©\¿ÎÍâÆª£ºÏîÄ¿ÊµÕ½\»ùÓÚZigbeeµÄÎÂÊª¶È
#        &
#        ¹âÕÕ¶È²É¼¯ÏµÍ³\ZigBeeÉè±¸¶Ë¹Ì¼şÓëÔ´Âë\Ô´Âë\Projects\CC2530\..\..\Components\stack\af\"
#        -I
#        "D:\×ÀÃæ\¡¶ZigBee3.0¿ª·¢Ö¸ÄÏ¡·ÅäÌ××ÊÔ´£¨¸½¼Ó²¿·Ö£©\¿ÎÍâÆª£ºÏîÄ¿ÊµÕ½\»ùÓÚZigbeeµÄÎÂÊª¶È
#        &
#        ¹âÕÕ¶È²É¼¯ÏµÍ³\ZigBeeÉè±¸¶Ë¹Ì¼şÓëÔ´Âë\Ô´Âë\Projects\CC2530\..\..\Components\stack\bdb\"
#        -I
#        "D:\×ÀÃæ\¡¶ZigBee3.0¿ª·¢Ö¸ÄÏ¡·ÅäÌ××ÊÔ´£¨¸½¼Ó²¿·Ö£©\¿ÎÍâÆª£ºÏîÄ¿ÊµÕ½\»ùÓÚZigbeeµÄÎÂÊª¶È
#        &
#        ¹âÕÕ¶È²É¼¯ÏµÍ³\ZigBeeÉè±¸¶Ë¹Ì¼şÓëÔ´Âë\Ô´Âë\Projects\CC2530\..\..\Components\stack\gp\"
#        -I
#        "D:\×ÀÃæ\¡¶ZigBee3.0¿ª·¢Ö¸ÄÏ¡·ÅäÌ××ÊÔ´£¨¸½¼Ó²¿·Ö£©\¿ÎÍâÆª£ºÏîÄ¿ÊµÕ½\»ùÓÚZigbeeµÄÎÂÊª¶È
#        &
#        ¹âÕÕ¶È²É¼¯ÏµÍ³\ZigBeeÉè±¸¶Ë¹Ì¼şÓëÔ´Âë\Ô´Âë\Projects\CC2530\..\..\Components\stack\nwk\"
#        -I
#        "D:\×ÀÃæ\¡¶ZigBee3.0¿ª·¢Ö¸ÄÏ¡·ÅäÌ××ÊÔ´£¨¸½¼Ó²¿·Ö£©\¿ÎÍâÆª£ºÏîÄ¿ÊµÕ½\»ùÓÚZigbeeµÄÎÂÊª¶È
#        &
#        ¹âÕÕ¶È²É¼¯ÏµÍ³\ZigBeeÉè±¸¶Ë¹Ì¼şÓëÔ´Âë\Ô´Âë\Projects\CC2530\..\..\Components\stack\sapi\"
#        -I
#        "D:\×ÀÃæ\¡¶ZigBee3.0¿ª·¢Ö¸ÄÏ¡·ÅäÌ××ÊÔ´£¨¸½¼Ó²¿·Ö£©\¿ÎÍâÆª£ºÏîÄ¿ÊµÕ½\»ùÓÚZigbeeµÄÎÂÊª¶È
#        &
#        ¹âÕÕ¶È²É¼¯ÏµÍ³\ZigBeeÉè±¸¶Ë¹Ì¼şÓëÔ´Âë\Ô´Âë\Projects\CC2530\..\..\Components\stack\sec\"
#        -I
#        "D:\×ÀÃæ\¡¶ZigBee3.0¿ª·¢Ö¸ÄÏ¡·ÅäÌ××ÊÔ´£¨¸½¼Ó²¿·Ö£©\¿ÎÍâÆª£ºÏîÄ¿ÊµÕ½\»ùÓÚZigbeeµÄÎÂÊª¶È
#        &
#        ¹âÕÕ¶È²É¼¯ÏµÍ³\ZigBeeÉè±¸¶Ë¹Ì¼şÓëÔ´Âë\Ô´Âë\Projects\CC2530\..\..\Components\stack\sys\"
#        -I
#        "D:\×ÀÃæ\¡¶ZigBee3.0¿ª·¢Ö¸ÄÏ¡·ÅäÌ××ÊÔ´£¨¸½¼Ó²¿·Ö£©\¿ÎÍâÆª£ºÏîÄ¿ÊµÕ½\»ùÓÚZigbeeµÄÎÂÊª¶È
#        &
#        ¹âÕÕ¶È²É¼¯ÏµÍ³\ZigBeeÉè±¸¶Ë¹Ì¼şÓëÔ´Âë\Ô´Âë\Projects\CC2530\..\..\Components\stack\zcl\"
#        -I
#        "D:\×ÀÃæ\¡¶ZigBee3.0¿ª·¢Ö¸ÄÏ¡·ÅäÌ××ÊÔ´£¨¸½¼Ó²¿·Ö£©\¿ÎÍâÆª£ºÏîÄ¿ÊµÕ½\»ùÓÚZigbeeµÄÎÂÊª¶È
#        &
#        ¹âÕÕ¶È²É¼¯ÏµÍ³\ZigBeeÉè±¸¶Ë¹Ì¼şÓëÔ´Âë\Ô´Âë\Projects\CC2530\..\..\Components\stack\zdo\"
#        -I
#        "D:\×ÀÃæ\¡¶ZigBee3.0¿ª·¢Ö¸ÄÏ¡·ÅäÌ××ÊÔ´£¨¸½¼Ó²¿·Ö£©\¿ÎÍâÆª£ºÏîÄ¿ÊµÕ½\»ùÓÚZigbeeµÄÎÂÊª¶È
#        &
#        ¹âÕÕ¶È²É¼¯ÏµÍ³\ZigBeeÉè±¸¶Ë¹Ì¼şÓëÔ´Âë\Ô´Âë\Projects\CC2530\..\..\Components\zmac\"
#        -I
#        "D:\×ÀÃæ\¡¶ZigBee3.0¿ª·¢Ö¸ÄÏ¡·ÅäÌ××ÊÔ´£¨¸½¼Ó²¿·Ö£©\¿ÎÍâÆª£ºÏîÄ¿ÊµÕ½\»ùÓÚZigbeeµÄÎÂÊª¶È
#        &
#        ¹âÕÕ¶È²É¼¯ÏµÍ³\ZigBeeÉè±¸¶Ë¹Ì¼şÓëÔ´Âë\Ô´Âë\Projects\CC2530\..\..\Components\zmac\f8w\"
#        -I
#        "D:\×ÀÃæ\¡¶ZigBee3.0¿ª·¢Ö¸ÄÏ¡·ÅäÌ××ÊÔ´£¨¸½¼Ó²¿·Ö£©\¿ÎÍâÆª£ºÏîÄ¿ÊµÕ½\»ùÓÚZigbeeµÄÎÂÊª¶È
#        &
#        ¹âÕÕ¶È²É¼¯ÏµÍ³\ZigBeeÉè±¸¶Ë¹Ì¼şÓëÔ´Âë\Ô´Âë\Projects\CC2530\..\..\Applications\"
#        -Ohz --require_prototypes)
#    Locale             =  Chinese (Simplified)_China.936
#    List file          =  
#        D:\×ÀÃæ\¡¶ZigBee3.0¿ª·¢Ö¸ÄÏ¡·ÅäÌ××ÊÔ´£¨¸½¼Ó²¿·Ö£©\¿ÎÍâÆª£ºÏîÄ¿ÊµÕ½\»ùÓÚZigbeeµÄÎÂÊª¶È
#        &
#        ¹âÕÕ¶È²É¼¯ÏµÍ³\ZigBeeÉè±¸¶Ë¹Ì¼şÓëÔ´Âë\Ô´Âë\Projects\CC2530\Category\Router\List\ZMain.lst
#    Object file        =  
#        D:\×ÀÃæ\¡¶ZigBee3.0¿ª·¢Ö¸ÄÏ¡·ÅäÌ××ÊÔ´£¨¸½¼Ó²¿·Ö£©\¿ÎÍâÆª£ºÏîÄ¿ÊµÕ½\»ùÓÚZigbeeµÄÎÂÊª¶È
#        &
#        ¹âÕÕ¶È²É¼¯ÏµÍ³\ZigBeeÉè±¸¶Ë¹Ì¼şÓëÔ´Âë\Ô´Âë\Projects\CC2530\Category\Router\Obj\ZMain.r51
#
###############################################################################

D:\×ÀÃæ\¡¶ZigBee3.0¿ª·¢Ö¸ÄÏ¡·ÅäÌ××ÊÔ´£¨¸½¼Ó²¿·Ö£©\¿ÎÍâÆª£ºÏîÄ¿ÊµÕ½\»ùÓÚZigbeeµÄÎÂÊª¶È & ¹âÕÕ¶È²É¼¯ÏµÍ³\ZigBeeÉè±¸¶Ë¹Ì¼şÓëÔ´Âë\Ô´Âë\Applications\ZMain.c
      1          /**************************************************************************************************
      2            Filename:       ZMain.c
      3            Revised:        $Date: 2010-09-17 16:25:30 -0700 (Fri, 17 Sep 2010) $
      4            Revision:       $Revision: 23835 $
      5          
      6            Description:    Startup and shutdown code for ZStack
      7            Notes:          This version targets the Chipcon CC2530
      8          
      9          
     10            Copyright 2005-2010 Texas Instruments Incorporated. All rights reserved.
     11          
     12            IMPORTANT: Your use of this Software is limited to those specific rights
     13            granted under the terms of a software license agreement between the user
     14            who downloaded the software, his/her employer (which must be your employer)
     15            and Texas Instruments Incorporated (the "License").  You may not use this
     16            Software unless you agree to abide by the terms of the License. The License
     17            limits your use, and you acknowledge, that the Software may not be modified,
     18            copied or distributed unless embedded on a Texas Instruments microcontroller
     19            or used solely and exclusively in conjunction with a Texas Instruments radio
     20            frequency transceiver, which is integrated into your product.  Other than for
     21            the foregoing purpose, you may not use, reproduce, copy, prepare derivative
     22            works of, modify, distribute, perform, display or sell this Software and/or
     23            its documentation for any purpose.
     24          
     25            YOU FURTHER ACKNOWLEDGE AND AGREE THAT THE SOFTWARE AND DOCUMENTATION ARE
     26            PROVIDED “AS IS” WITHOUT WARRANTY OF ANY KIND, EITHER EXPRESS OR IMPLIED,
     27            INCLUDING WITHOUT LIMITATION, ANY WARRANTY OF MERCHANTABILITY, TITLE,
     28            NON-INFRINGEMENT AND FITNESS FOR A PARTICULAR PURPOSE. IN NO EVENT SHALL
     29            TEXAS INSTRUMENTS OR ITS LICENSORS BE LIABLE OR OBLIGATED UNDER CONTRACT,
     30            NEGLIGENCE, STRICT LIABILITY, CONTRIBUTION, BREACH OF WARRANTY, OR OTHER
     31            LEGAL EQUITABLE THEORY ANY DIRECT OR INDIRECT DAMAGES OR EXPENSES
     32            INCLUDING BUT NOT LIMITED TO ANY INCIDENTAL, SPECIAL, INDIRECT, PUNITIVE
     33            OR CONSEQUENTIAL DAMAGES, LOST PROFITS OR LOST DATA, COST OF PROCUREMENT
     34            OF SUBSTITUTE GOODS, TECHNOLOGY, SERVICES, OR ANY CLAIMS BY THIRD PARTIES
     35            (INCLUDING BUT NOT LIMITED TO ANY DEFENSE THEREOF), OR OTHER SIMILAR COSTS.
     36          
     37            Should you have any questions regarding your right to use this Software,
     38            contact Texas Instruments Incorporated at www.TI.com.
     39          **************************************************************************************************/
     40          
     41          /*********************************************************************
     42           * INCLUDES
     43           */
     44          
     45          #ifndef NONWK
     46          #include "AF.h"
     47          #endif
     48          #include "hal_adc.h"

   \                                 In  segment SFR_AN, at 0x80
   \   union <unnamed> volatile __sfr _A_P0
   \                     _A_P0:
   \   000000                DS 1

   \                                 In  segment SFR_AN, at 0x9d
   \   unsigned char volatile __sfr SLEEPSTA
   \                     SLEEPSTA:
   \   000000                DS 1

   \                                 In  segment SFR_AN, at 0x9e
   \   unsigned char volatile __sfr CLKCONSTA
   \                     CLKCONSTA:
   \   000000                DS 1

   \                                 In  segment SFR_AN, at 0xbe
   \   unsigned char volatile __sfr SLEEPCMD
   \                     SLEEPCMD:
   \   000000                DS 1

   \                                 In  segment SFR_AN, at 0xc6
   \   unsigned char volatile __sfr CLKCONCMD
   \                     CLKCONCMD:
   \   000000                DS 1

   \                                 In  segment SFR_AN, at 0xfd
   \   unsigned char volatile __sfr P0DIR
   \                     P0DIR:
   \   000000                DS 1
     49          #include "hal_flash.h"
     50          #include "hal_lcd.h"
     51          #include "hal_led.h"
     52          #include "hal_drivers.h"
     53          #include "OnBoard.h"
     54          #include "OSAL.h"
     55          #include "OSAL_Nv.h"
     56          #include "ZComDef.h"
     57          #include "ZMAC.h"
     58          
     59          /*********************************************************************
     60           * LOCAL FUNCTIONS
     61           */
     62          
     63          static void zmain_ext_addr( void );
     64          #if defined ZCL_KEY_ESTABLISH
     65          static void zmain_cert_init( void );
     66          #endif
     67          static void zmain_dev_info( void );
     68          static void zmain_vdd_check( void );
     69          
     70          #ifdef LCD_SUPPORTED
     71          static void zmain_lcd_init( void );
     72          #endif
     73          
     74          /*********************************************************************
     75           * @fn      main
     76           * @brief   First function called after startup.
     77           * @return  don't care
     78           */

   \                                 In  segment BANKED_CODE, align 1, keep-with-next
     79          int main( void )
   \                     main:
     80          {
   \   000000                ; Auto size: 17
   \   000000   74EF         MOV       A,#-0x11
   \   000002   12....       LCALL     ?ALLOC_XSTACK8
     81            // Turn off interrupts
     82            osal_int_disable( INTS_ALL );
   \   000005                ; Setup parameters for call to function osal_int_disable
   \   000005   79FF         MOV       R1,#-0x1
   \   000007   12....       LCALL     `??osal_int_disable::?relay`; Banked call to: osal_int_disable
     83          
     84            // Initialization for board related stuff such as LEDs
     85            HAL_BOARD_INIT();
   \   00000A   53BEFB       ANL       0xbe,#0xfb
   \                     ??main_0:
   \   00000D   E59D         MOV       A,0x9d
   \   00000F   A2E6         MOV       C,0xE0 /* A   */.6
   \   000011   50FA         JNC       ??main_0
   \   000013   00           NOP
   \   000014   78F8         MOV       R0,#-0x8
   \   000016   7901         MOV       R1,#0x1
   \                     ??main_1:
   \   000018   00           NOP
   \   000019   E8           MOV       A,R0
   \   00001A   24FF         ADD       A,#-0x1
   \   00001C   18           DEC       R0
   \   00001D   E9           MOV       A,R1
   \   00001E   34FF         ADDC      A,#-0x1
   \   000020   F9           MOV       R1,A
   \   000021   E8           MOV       A,R0
   \   000022   49           ORL       A,R1
   \   000023   70F3         JNZ       ??main_1
   \   000025   75C680       MOV       0xc6,#-0x80
   \                     ??main_2:
   \   000028   7480         MOV       A,#-0x80
   \   00002A   659E         XRL       A,0x9e
   \   00002C   70FA         JNZ       ??main_2
   \   00002E   43BE04       ORL       0xbe,#0x4
   \   000031   906270       MOV       DPTR,#0x6270
   \   000034   7408         MOV       A,#0x8
   \   000036   F0           MOVX      @DPTR,A
   \   000037   C284         CLR       0x80.4
   \   000039   43FD10       ORL       0xfd,#0x10
   \   00003C   C285         CLR       0x80.5
   \   00003E   43FD20       ORL       0xfd,#0x20
   \   000041   C286         CLR       0x80.6
   \   000043   43FD40       ORL       0xfd,#0x40
     86           
     87          #ifndef ZMAIN_VDD_CHECK
     88            // Make sure supply voltage is high enough to run
     89            zmain_vdd_check();
   \   000046   7E10         MOV       R6,#0x10
   \                     ??main_3:
   \   000048                ; Setup parameters for call to function HalAdcCheckVdd
   \   000048   794E         MOV       R1,#0x4e
   \   00004A   12....       LCALL     `??HalAdcCheckVdd::?relay`; Banked call to: HalAdcCheckVdd
   \   00004D   E9           MOV       A,R1
   \   00004E   60F8         JZ        ??main_3
   \   000050   1E           DEC       R6
   \   000051   EE           MOV       A,R6
   \   000052   70F4         JNZ       ??main_3
     90          #endif
     91          
     92            // Initialize board I/O
     93            InitBoard( OB_COLD );
   \   000054                ; Setup parameters for call to function InitBoard
   \   000054   7900         MOV       R1,#0x0
   \   000056   12....       LCALL     `??InitBoard::?relay`; Banked call to: InitBoard
     94          
     95            // Initialze HAL drivers
     96            HalDriverInit();
   \   000059                ; Setup parameters for call to function HalDriverInit
   \   000059   12....       LCALL     `??HalDriverInit::?relay`; Banked call to: HalDriverInit
     97          
     98            // Initialize NV System
     99            osal_nv_init( NULL );
   \   00005C                ; Setup parameters for call to function osal_nv_init
   \   00005C   7A00         MOV       R2,#0x0
   \   00005E   7B00         MOV       R3,#0x0
   \   000060   12....       LCALL     `??osal_nv_init::?relay`; Banked call to: osal_nv_init
    100          
    101            // Initialize the MAC
    102            ZMacInit();
   \   000063                ; Setup parameters for call to function ZMacInit
   \   000063   12....       LCALL     `??ZMacInit::?relay`; Banked call to: ZMacInit
    103          
    104            // Determine the extended address
    105            zmain_ext_addr();
   \   000066                ; Setup parameters for call to function zmain_ext_addr
   \   000066   12....       LCALL     `??zmain_ext_addr::?relay`; Banked call to: zmain_ext_addr
    106          
    107          #if defined ZCL_KEY_ESTABLISH
    108            // Initialize the Certicom certificate information.
    109            zmain_cert_init();
    110          #endif
    111          
    112            // Initialize basic NV items
    113            zgInit();
   \   000069                ; Setup parameters for call to function zgInit
   \   000069   12....       LCALL     `??zgInit::?relay`; Banked call to: zgInit
    114          
    115          #ifndef NONWK
    116            // Since the AF isn't a task, call it's initialization routine
    117            afInit();
    118          #endif
    119          
    120            // Initialize the operating system
    121            osal_init_system();
   \   00006C                ; Setup parameters for call to function osal_init_system
   \   00006C   12....       LCALL     `??osal_init_system::?relay`; Banked call to: osal_init_system
    122          
    123            // Allow interrupts
    124            osal_int_enable( INTS_ALL );
   \   00006F                ; Setup parameters for call to function osal_int_enable
   \   00006F   79FF         MOV       R1,#-0x1
   \   000071   12....       LCALL     `??osal_int_enable::?relay`; Banked call to: osal_int_enable
    125          
    126            // Final board initialization
    127            InitBoard( OB_READY );
   \   000074                ; Setup parameters for call to function InitBoard
   \   000074   7902         MOV       R1,#0x2
   \   000076   12....       LCALL     `??InitBoard::?relay`; Banked call to: InitBoard
    128          
    129            // Display information about this device
    130            zmain_dev_info();
   \   000079   78..         MOV       R0,#(aExtendedAddress + 7) & 0xff
   \   00007B   79..         MOV       R1,#((aExtendedAddress + 7) >> 8) & 0xff
   \   00007D   7A00         MOV       R2,#0x0
   \                     ??main_4:
   \   00007F   8882         MOV       DPL,R0
   \   000081   8983         MOV       DPH,R1
   \   000083   E0           MOVX      A,@DPTR
   \   000084   C4           SWAP      A
   \   000085   540F         ANL       A,#0xf
   \   000087   FC           MOV       R4,A
   \   000088   EA           MOV       A,R2
   \   000089   FE           MOV       R6,A
   \   00008A   7401         MOV       A,#0x1
   \   00008C   2E           ADD       A,R6
   \   00008D   FA           MOV       R2,A
   \   00008E   EC           MOV       A,R4
   \   00008F   C3           CLR       C
   \   000090   940A         SUBB      A,#0xa
   \   000092   5004         JNC       ??main_5
   \   000094   7B30         MOV       R3,#0x30
   \   000096   8002         SJMP      ??main_6
   \                     ??main_5:
   \   000098   7B37         MOV       R3,#0x37
   \                     ??main_6:
   \   00009A   EC           MOV       A,R4
   \   00009B   2B           ADD       A,R3
   \   00009C   C0E0         PUSH      A
   \   00009E   85..82       MOV       DPL,?XSP + 0
   \   0000A1   85..83       MOV       DPH,?XSP + 1
   \   0000A4   E582         MOV       A,DPL
   \   0000A6   2E           ADD       A,R6
   \   0000A7   F582         MOV       DPL,A
   \   0000A9   E4           CLR       A
   \   0000AA   3583         ADDC      A,DPH
   \   0000AC   F583         MOV       DPH,A
   \   0000AE   D0E0         POP       A
   \   0000B0   F0           MOVX      @DPTR,A
   \   0000B1   8882         MOV       DPL,R0
   \   0000B3   8983         MOV       DPH,R1
   \   0000B5   E0           MOVX      A,@DPTR
   \   0000B6   540F         ANL       A,#0xf
   \   0000B8   FC           MOV       R4,A
   \   0000B9   EA           MOV       A,R2
   \   0000BA   FF           MOV       R7,A
   \   0000BB   7401         MOV       A,#0x1
   \   0000BD   2A           ADD       A,R2
   \   0000BE   FA           MOV       R2,A
   \   0000BF   EC           MOV       A,R4
   \   0000C0   C3           CLR       C
   \   0000C1   940A         SUBB      A,#0xa
   \   0000C3   5004         JNC       ??main_7
   \   0000C5   7B30         MOV       R3,#0x30
   \   0000C7   8002         SJMP      ??main_8
   \                     ??main_7:
   \   0000C9   7B37         MOV       R3,#0x37
   \                     ??main_8:
   \   0000CB   EC           MOV       A,R4
   \   0000CC   2B           ADD       A,R3
   \   0000CD   C0E0         PUSH      A
   \   0000CF   85..82       MOV       DPL,?XSP + 0
   \   0000D2   85..83       MOV       DPH,?XSP + 1
   \   0000D5   E582         MOV       A,DPL
   \   0000D7   2F           ADD       A,R7
   \   0000D8   F582         MOV       DPL,A
   \   0000DA   E4           CLR       A
   \   0000DB   3583         ADDC      A,DPH
   \   0000DD   F583         MOV       DPH,A
   \   0000DF   D0E0         POP       A
   \   0000E1   F0           MOVX      @DPTR,A
   \   0000E2   E8           MOV       A,R0
   \   0000E3   24FF         ADD       A,#-0x1
   \   0000E5   18           DEC       R0
   \   0000E6   E9           MOV       A,R1
   \   0000E7   34FF         ADDC      A,#-0x1
   \   0000E9   F9           MOV       R1,A
   \   0000EA   EA           MOV       A,R2
   \   0000EB   C3           CLR       C
   \   0000EC   9410         SUBB      A,#0x10
   \   0000EE   408F         JC        ??main_4
   \   0000F0   7410         MOV       A,#0x10
   \   0000F2   12....       LCALL     ?XSTACK_DISP0_8
   \   0000F5   E4           CLR       A
   \   0000F6   F0           MOVX      @DPTR,A
   \   0000F7                ; Setup parameters for call to function HalLcdWriteString
   \   0000F7   7901         MOV       R1,#0x1
   \   0000F9   7A..         MOV       R2,#`?<Constant "IEEE: ">` & 0xff
   \   0000FB   7B..         MOV       R3,#(`?<Constant "IEEE: ">` >> 8) & 0xff
   \   0000FD   12....       LCALL     `??HalLcdWriteString::?relay`; Banked call to: HalLcdWriteString
   \   000100                ; Setup parameters for call to function HalLcdWriteString
   \   000100   7902         MOV       R1,#0x2
   \   000102   AA..         MOV       R2,?XSP + 0
   \   000104   AB..         MOV       R3,?XSP + 1
   \   000106   12....       LCALL     `??HalLcdWriteString::?relay`; Banked call to: HalLcdWriteString
    131          
    132            /* Display the device info on the LCD */
    133          #ifdef LCD_SUPPORTED
    134            zmain_lcd_init();
   \   000109                ; Setup parameters for call to function HalLcdWriteString
   \   000109   7901         MOV       R1,#0x1
   \   00010B   7A..         MOV       R2,#`?<Constant "TexasInstruments">` & 0xff
   \   00010D   7B..         MOV       R3,#(`?<Constant "TexasInstruments">` >> 8) & 0xff
   \   00010F   12....       LCALL     `??HalLcdWriteString::?relay`; Banked call to: HalLcdWriteString
    135          #endif
    136          
    137          #ifdef WDT_IN_PM1
    138            /* If WDT is used, this is a good place to enable it. */
    139            WatchDogEnable( WDTIMX );
    140          #endif
    141          
    142            osal_start_system(); // No Return from here
   \   000112                ; Setup parameters for call to function osal_start_system
   \   000112   12....       LCALL     `??osal_start_system::?relay`; Banked call to: osal_start_system
    143          
    144            return 0;  // Shouldn't get here.
   \   000115   7A00         MOV       R2,#0x0
   \   000117   7B00         MOV       R3,#0x0
   \   000119   7411         MOV       A,#0x11
   \   00011B   12....       LCALL     ?DEALLOC_XSTACK8
   \   00011E   02....       LJMP      ?BRET
   \   000121                REQUIRE SLEEPCMD
   \   000121                REQUIRE SLEEPSTA
   \   000121                REQUIRE CLKCONCMD
   \   000121                REQUIRE CLKCONSTA
   \   000121                REQUIRE _A_P0
   \   000121                REQUIRE P0DIR
    145          } // main()
    146          
    147          /*********************************************************************
    148           * @fn      zmain_vdd_check
    149           * @brief   Check if the Vdd is OK to run the processor.
    150           * @return  Return if Vdd is ok; otherwise, flash LED, then reset
    151           *********************************************************************/
    152          static void zmain_vdd_check( void )
    153          {
    154            uint8 cnt = 16;
    155            
    156            do {
    157              while (!HalAdcCheckVdd(VDD_MIN_RUN));
    158            } while (--cnt);
    159          }
    160          
    161          /**************************************************************************************************
    162           * @fn          zmain_ext_addr
    163           *
    164           * @brief       Execute a prioritized search for a valid extended address and write the results
    165           *              into the OSAL NV system for use by the system. Temporary address not saved to NV.
    166           *
    167           * input parameters
    168           *
    169           * None.
    170           *
    171           * output parameters
    172           *
    173           * None.
    174           *
    175           * @return      None.
    176           **************************************************************************************************
    177           */

   \                                 In  segment BANKED_CODE, align 1, keep-with-next
    178          static void zmain_ext_addr(void)
   \                     zmain_ext_addr:
    179          {
   \   000000                REQUIRE ?V0
   \   000000                REQUIRE ?V1
   \   000000                REQUIRE ?V2
   \   000000                REQUIRE ?V4
   \   000000                REQUIRE ?V5
   \   000000                REQUIRE ?V6
   \   000000                REQUIRE ?V8
   \   000000                REQUIRE ?V9
   \   000000   74EE         MOV       A,#-0x12
   \   000002   12....       LCALL     ?BANKED_ENTER_XDATA
   \   000005                ; Saved register size: 18
   \   000005                ; Auto size: 8
   \   000005   74F8         MOV       A,#-0x8
   \   000007   12....       LCALL     ?ALLOC_XSTACK8
    180            uint8 nullAddr[Z_EXTADDR_LEN] = {0xFF, 0xFF, 0xFF, 0xFF, 0xFF, 0xFF, 0xFF, 0xFF};
   \   00000A   90....       MOV       DPTR,#`?<Constant {255, 255, 255, 255, 255, 255, 255,`
   \   00000D   AC..         MOV       R4,?XSP + 0
   \   00000F   AD..         MOV       R5,?XSP + 1
   \   000011   7408         MOV       A,#0x8
   \   000013   12....       LCALL     ?MOVE_LONG8_XDATA_XDATA
    181            uint8 writeNV = TRUE;
    182          
    183            // First check whether a non-erased extended address exists in the OSAL NV.
    184            if ((SUCCESS != osal_nv_item_init(ZCD_NV_EXTADDR, Z_EXTADDR_LEN, NULL))  ||
    185                (SUCCESS != osal_nv_read(ZCD_NV_EXTADDR, 0, Z_EXTADDR_LEN, aExtendedAddress)) ||
    186                (osal_memcmp(aExtendedAddress, nullAddr, Z_EXTADDR_LEN)))
   \   000016   75....       MOV       ?V0,#aExtendedAddress & 0xff
   \   000019   75....       MOV       ?V1,#(aExtendedAddress >> 8) & 0xff
   \   00001C   F5..         MOV       ?V2,A
   \   00001E   A8..         MOV       R0,?XSP + 0
   \   000020   A9..         MOV       R1,?XSP + 1
   \   000022   88..         MOV       ?V4,R0
   \   000024   89..         MOV       ?V5,R1
   \   000026   F5..         MOV       ?V6,A
   \   000028                ; Setup parameters for call to function osal_nv_item_init
   \   000028   F5..         MOV       ?V8,A
   \   00002A   F5..         MOV       ?V9,A
   \   00002C   78..         MOV       R0,#?V8
   \   00002E   12....       LCALL     ?PUSH_XSTACK_I_TWO
   \   000031   7C08         MOV       R4,#0x8
   \   000033   7D00         MOV       R5,#0x0
   \   000035   7A01         MOV       R2,#0x1
   \   000037   7B00         MOV       R3,#0x0
   \   000039   12....       LCALL     `??osal_nv_item_init::?relay`; Banked call to: osal_nv_item_init
   \   00003C   7402         MOV       A,#0x2
   \   00003E   12....       LCALL     ?DEALLOC_XSTACK8
   \   000041   E9           MOV       A,R1
   \   000042   7046         JNZ       ??zmain_ext_addr_0
   \   000044                ; Setup parameters for call to function osal_nv_read
   \   000044   75....       MOV       ?V8,#aExtendedAddress & 0xff
   \   000047   75....       MOV       ?V9,#(aExtendedAddress >> 8) & 0xff
   \   00004A   78..         MOV       R0,#?V8
   \   00004C   12....       LCALL     ?PUSH_XSTACK_I_TWO
   \   00004F   75..08       MOV       ?V8,#0x8
   \   000052   75..00       MOV       ?V9,#0x0
   \   000055   78..         MOV       R0,#?V8
   \   000057   12....       LCALL     ?PUSH_XSTACK_I_TWO
   \   00005A   7C00         MOV       R4,#0x0
   \   00005C   7D00         MOV       R5,#0x0
   \   00005E   7A01         MOV       R2,#0x1
   \   000060   7B00         MOV       R3,#0x0
   \   000062   12....       LCALL     `??osal_nv_read::?relay`; Banked call to: osal_nv_read
   \   000065   7404         MOV       A,#0x4
   \   000067   12....       LCALL     ?DEALLOC_XSTACK8
   \   00006A   E9           MOV       A,R1
   \   00006B   701D         JNZ       ??zmain_ext_addr_0
   \   00006D                ; Setup parameters for call to function osal_memcmp
   \   00006D   78..         MOV       R0,#?V4
   \   00006F   12....       LCALL     ?PUSH_XSTACK_I_THREE
   \   000072   7C08         MOV       R4,#0x8
   \   000074   7D00         MOV       R5,#0x0
   \   000076   A9..         MOV       R1,?V0
   \   000078   AA..         MOV       R2,?V1
   \   00007A   AB..         MOV       R3,?V2
   \   00007C   12....       LCALL     `??osal_memcmp::?relay`; Banked call to: osal_memcmp
   \   00007F   7403         MOV       A,#0x3
   \   000081   12....       LCALL     ?DEALLOC_XSTACK8
   \   000084   E9           MOV       A,R1
   \   000085   7003         JNZ       $+5
   \   000087   02....       LJMP      ??zmain_ext_addr_1 & 0xFFFF
    187            {
    188              // Attempt to read the extended address from the location on the lock bits page
    189              // where the programming tools know to reserve it.
    190              HalFlashRead(HAL_FLASH_IEEE_PAGE, HAL_FLASH_IEEE_OSET, aExtendedAddress, Z_EXTADDR_LEN);
   \                     ??zmain_ext_addr_0:
   \   00008A                ; Setup parameters for call to function HalFlashRead
   \   00008A   75..08       MOV       ?V8,#0x8
   \   00008D   78..         MOV       R0,#?V8
   \   00008F   12....       LCALL     ?PUSH_XSTACK_I_TWO
   \   000092   7C..         MOV       R4,#aExtendedAddress & 0xff
   \   000094   7D..         MOV       R5,#(aExtendedAddress >> 8) & 0xff
   \   000096   7AE8         MOV       R2,#-0x18
   \   000098   7B07         MOV       R3,#0x7
   \   00009A   797F         MOV       R1,#0x7f
   \   00009C   12....       LCALL     `??HalFlashRead::?relay`; Banked call to: HalFlashRead
   \   00009F   7402         MOV       A,#0x2
   \   0000A1   12....       LCALL     ?DEALLOC_XSTACK8
    191          
    192              if (osal_memcmp(aExtendedAddress, nullAddr, Z_EXTADDR_LEN))
   \   0000A4                ; Setup parameters for call to function osal_memcmp
   \   0000A4   78..         MOV       R0,#?V4
   \   0000A6   12....       LCALL     ?PUSH_XSTACK_I_THREE
   \   0000A9   7C08         MOV       R4,#0x8
   \   0000AB   7D00         MOV       R5,#0x0
   \   0000AD   A9..         MOV       R1,?V0
   \   0000AF   AA..         MOV       R2,?V1
   \   0000B1   AB..         MOV       R3,?V2
   \   0000B3   12....       LCALL     `??osal_memcmp::?relay`; Banked call to: osal_memcmp
   \   0000B6   7403         MOV       A,#0x3
   \   0000B8   12....       LCALL     ?DEALLOC_XSTACK8
   \   0000BB   E9           MOV       A,R1
   \   0000BC   6071         JZ        ??zmain_ext_addr_2
    193              {
    194                // Attempt to read the extended address from the designated location in the Info Page.
    195                if (!osal_memcmp((uint8 *)(P_INFOPAGE+HAL_INFOP_IEEE_OSET), nullAddr, Z_EXTADDR_LEN))
   \   0000BE                ; Setup parameters for call to function osal_memcmp
   \   0000BE   78..         MOV       R0,#?V4
   \   0000C0   12....       LCALL     ?PUSH_XSTACK_I_THREE
   \   0000C3   7C08         MOV       R4,#0x8
   \   0000C5   7D00         MOV       R5,#0x0
   \   0000C7   790C         MOV       R1,#0xc
   \   0000C9   7A78         MOV       R2,#0x78
   \   0000CB   7B00         MOV       R3,#0x0
   \   0000CD   12....       LCALL     `??osal_memcmp::?relay`; Banked call to: osal_memcmp
   \   0000D0   7403         MOV       A,#0x3
   \   0000D2   12....       LCALL     ?DEALLOC_XSTACK8
   \   0000D5   E9           MOV       A,R1
   \   0000D6   701D         JNZ       ??zmain_ext_addr_3
    196                {
    197                  osal_memcpy(aExtendedAddress, (uint8 *)(P_INFOPAGE+HAL_INFOP_IEEE_OSET), Z_EXTADDR_LEN);
   \   0000D8                ; Setup parameters for call to function osal_memcpy
   \   0000D8   75..0C       MOV       ?V0,#0xc
   \   0000DB   75..78       MOV       ?V1,#0x78
   \   0000DE   78..         MOV       R0,#?V0
   \   0000E0   12....       LCALL     ?PUSH_XSTACK_I_THREE
   \   0000E3   7C08         MOV       R4,#0x8
   \   0000E5   7D00         MOV       R5,#0x0
   \   0000E7   7A..         MOV       R2,#aExtendedAddress & 0xff
   \   0000E9   7B..         MOV       R3,#(aExtendedAddress >> 8) & 0xff
   \   0000EB   12....       LCALL     `??osal_memcpy::?relay`; Banked call to: osal_memcpy
   \   0000EE   7403         MOV       A,#0x3
   \   0000F0   12....       LCALL     ?DEALLOC_XSTACK8
   \   0000F3   803A         SJMP      ??zmain_ext_addr_2
    198                }
    199                else  // No valid extended address was found.
    200                {
    201                  uint8 idx;
    202                  
    203          #if !defined ( NV_RESTORE )
    204                  writeNV = FALSE;  // Make this a temporary IEEE address
    205          #endif
    206          
    207                  /* Attempt to create a sufficiently random extended address for expediency.
    208                   * Note: this is only valid/legal in a test environment and
    209                   *       must never be used for a commercial product.
    210                   */
    211                  for (idx = 0; idx < (Z_EXTADDR_LEN - 2);)
   \                     ??zmain_ext_addr_3:
   \   0000F5   7E00         MOV       R6,#0x0
    212                  {
    213                    uint16 randy = osal_rand();
   \                     ??zmain_ext_addr_4:
   \   0000F7                ; Setup parameters for call to function osal_rand
   \   0000F7   12....       LCALL     `??osal_rand::?relay`; Banked call to: osal_rand
   \   0000FA   8A..         MOV       ?V0,R2
    214                    aExtendedAddress[idx++] = LO_UINT16(randy);
   \   0000FC   EE           MOV       A,R6
   \   0000FD   FA           MOV       R2,A
   \   0000FE   74..         MOV       A,#aExtendedAddress & 0xff
   \   000100   2A           ADD       A,R2
   \   000101   F582         MOV       DPL,A
   \   000103   E4           CLR       A
   \   000104   34..         ADDC      A,#(aExtendedAddress >> 8) & 0xff
   \   000106   F583         MOV       DPH,A
   \   000108   E5..         MOV       A,?V0
   \   00010A   F0           MOVX      @DPTR,A
   \   00010B   0E           INC       R6
    215                    aExtendedAddress[idx++] = HI_UINT16(randy);
   \   00010C   EE           MOV       A,R6
   \   00010D   F8           MOV       R0,A
   \   00010E   12....       LCALL     ?Subroutine0 & 0xFFFF
    216                  }
   \                     ??CrossCallReturnLabel_0:
   \   000111   EB           MOV       A,R3
   \   000112   F0           MOVX      @DPTR,A
   \   000113   0E           INC       R6
   \   000114   EE           MOV       A,R6
   \   000115   C3           CLR       C
   \   000116   9406         SUBB      A,#0x6
   \   000118   40DD         JC        ??zmain_ext_addr_4
    217                  // Next-to-MSB identifies ZigBee devicetype.
    218          #if ZG_BUILD_COORDINATOR_TYPE && !ZG_BUILD_JOINING_TYPE
    219                  aExtendedAddress[idx++] = 0x10;
    220          #elif ZG_BUILD_RTRONLY_TYPE
    221                  aExtendedAddress[idx++] = 0x20;
   \   00011A   08           INC       R0
   \   00011B   12....       LCALL     ?Subroutine0 & 0xFFFF
   \                     ??CrossCallReturnLabel_1:
   \   00011E   7420         MOV       A,#0x20
   \   000120   F0           MOVX      @DPTR,A
    222          #else
    223                  aExtendedAddress[idx++] = 0x30;
    224          #endif
    225                  // MSB has historical signficance.
    226                  aExtendedAddress[idx] = 0xF8;
   \   000121   08           INC       R0
   \   000122   74..         MOV       A,#aExtendedAddress & 0xff
   \   000124   28           ADD       A,R0
   \   000125   F582         MOV       DPL,A
   \   000127   E4           CLR       A
   \   000128   34..         ADDC      A,#(aExtendedAddress >> 8) & 0xff
   \   00012A   F583         MOV       DPH,A
   \   00012C   74F8         MOV       A,#-0x8
   \   00012E   F0           MOVX      @DPTR,A
    227                }
    228              }
    229          
    230              if (writeNV)
    231              {
    232                (void)osal_nv_write(ZCD_NV_EXTADDR, 0, Z_EXTADDR_LEN, aExtendedAddress);
   \                     ??zmain_ext_addr_2:
   \   00012F                ; Setup parameters for call to function osal_nv_write
   \   00012F   75....       MOV       ?V0,#aExtendedAddress & 0xff
   \   000132   75....       MOV       ?V1,#(aExtendedAddress >> 8) & 0xff
   \   000135   78..         MOV       R0,#?V0
   \   000137   12....       LCALL     ?PUSH_XSTACK_I_TWO
   \   00013A   75..08       MOV       ?V0,#0x8
   \   00013D   75..00       MOV       ?V1,#0x0
   \   000140   78..         MOV       R0,#?V0
   \   000142   12....       LCALL     ?PUSH_XSTACK_I_TWO
   \   000145   7C00         MOV       R4,#0x0
   \   000147   7D00         MOV       R5,#0x0
   \   000149   7A01         MOV       R2,#0x1
   \   00014B   7B00         MOV       R3,#0x0
   \   00014D   12....       LCALL     `??osal_nv_write::?relay`; Banked call to: osal_nv_write
   \   000150   7404         MOV       A,#0x4
   \   000152   12....       LCALL     ?DEALLOC_XSTACK8
    233              }
    234            }
    235          
    236            // Set the MAC PIB extended address according to results from above.
    237            (void)ZMacSetReq(MAC_EXTENDED_ADDRESS, aExtendedAddress);
   \                     ??zmain_ext_addr_1:
   \   000155                ; Setup parameters for call to function ZMacSetReq
   \   000155   7A..         MOV       R2,#aExtendedAddress & 0xff
   \   000157   7B..         MOV       R3,#(aExtendedAddress >> 8) & 0xff
   \   000159   79E2         MOV       R1,#-0x1e
   \   00015B   12....       LCALL     `??ZMacSetReq::?relay`; Banked call to: ZMacSetReq
    238          }
   \   00015E   7408         MOV       A,#0x8
   \   000160   12....       LCALL     ?DEALLOC_XSTACK8
   \   000163   7F0A         MOV       R7,#0xa
   \   000165   02....       LJMP      ?BANKED_LEAVE_XDATA

   \                                 In  segment BANKED_CODE, align 1, keep-with-next
   \                     ?Subroutine0:
   \   000000   74..         MOV       A,#aExtendedAddress & 0xff
   \   000002   2E           ADD       A,R6
   \   000003   F582         MOV       DPL,A
   \   000005   E4           CLR       A
   \   000006   34..         ADDC      A,#(aExtendedAddress >> 8) & 0xff
   \   000008   F583         MOV       DPH,A
   \   00000A   22           RET

   \                                 In  segment BANK_RELAYS, align 1
   \                     `??main::?relay`:
   \   000000   12....       LCALL   ?BDISPATCH
   \   000003   ......       DC24    main

   \                                 In  segment BANK_RELAYS, align 1
   \                     `??zmain_ext_addr::?relay`:
   \   000000   12....       LCALL   ?BDISPATCH
   \   000003   ......       DC24    zmain_ext_addr

   \                                 In  segment XDATA_ROM_C, align 1
   \                     `?<Constant {255, 255, 255, 255, 255, 255, 255,`:
   \   000000   FF           DB 255
   \   000001   FF           DB 255
   \   000002   FF           DB 255
   \   000003   FF           DB 255
   \   000004   FF           DB 255
   \   000005   FF           DB 255
   \   000006   FF           DB 255
   \   000007   FF           DB 255

   \                                 In  segment XDATA_ROM_C, align 1
   \                     `?<Constant "IEEE: ">`:
   \   000000   49454545     DB "IEEE: "
   \            3A2000  

   \                                 In  segment XDATA_ROM_C, align 1
   \                     `?<Constant "TexasInstruments">`:
   \   000000   54657861     DB "TexasInstruments"
   \            73496E73
   \            7472756D
   \            656E7473
   \            00      
    239          
    240          #if defined ZCL_KEY_ESTABLISH
    241          /**************************************************************************************************
    242           * @fn          zmain_cert_init
    243           *
    244           * @brief       Initialize the Certicom certificate information.
    245           *
    246           * input parameters
    247           *
    248           * None.
    249           *
    250           * output parameters
    251           *
    252           * None.
    253           *
    254           * @return      None.
    255           **************************************************************************************************
    256           */
    257          static void zmain_cert_init(void)
    258          {
    259            uint8 certData[ZCL_KE_IMPLICIT_CERTIFICATE_LEN];
    260            uint8 nullData[ZCL_KE_IMPLICIT_CERTIFICATE_LEN] = {
    261              0xFF, 0xFF, 0xFF, 0xFF, 0xFF, 0xFF, 0xFF, 0xFF,
    262              0xFF, 0xFF, 0xFF, 0xFF, 0xFF, 0xFF, 0xFF, 0xFF,
    263              0xFF, 0xFF, 0xFF, 0xFF, 0xFF, 0xFF, 0xFF, 0xFF,
    264              0xFF, 0xFF, 0xFF, 0xFF, 0xFF, 0xFF, 0xFF, 0xFF,
    265              0xFF, 0xFF, 0xFF, 0xFF, 0xFF, 0xFF, 0xFF, 0xFF,
    266              0xFF, 0xFF, 0xFF, 0xFF, 0xFF, 0xFF, 0xFF, 0xFF
    267            };
    268          
    269            (void)osal_nv_item_init(ZCD_NV_IMPLICIT_CERTIFICATE, ZCL_KE_IMPLICIT_CERTIFICATE_LEN, NULL);
    270            (void)osal_nv_item_init(ZCD_NV_DEVICE_PRIVATE_KEY, ZCL_KE_DEVICE_PRIVATE_KEY_LEN, NULL);
    271          
    272            // First check whether non-null certificate data exists in the OSAL NV. To save on code space,
    273            // just use the ZCD_NV_CA_PUBLIC_KEY as the bellwether for all three.
    274            if ((SUCCESS != osal_nv_item_init(ZCD_NV_CA_PUBLIC_KEY, ZCL_KE_CA_PUBLIC_KEY_LEN, NULL))    ||
    275                (SUCCESS != osal_nv_read(ZCD_NV_CA_PUBLIC_KEY, 0, ZCL_KE_CA_PUBLIC_KEY_LEN, certData))  ||
    276                (osal_memcmp(certData, nullData, ZCL_KE_CA_PUBLIC_KEY_LEN)))
    277            {
    278              // Attempt to read the certificate data from its corresponding location on the lock bits page.
    279              HalFlashRead(HAL_FLASH_IEEE_PAGE, HAL_FLASH_CA_PUBLIC_KEY_OSET, certData,
    280                                                   ZCL_KE_CA_PUBLIC_KEY_LEN);
    281              // If the certificate data is not NULL, use it to update the corresponding NV items.
    282              if (!osal_memcmp(certData, nullData, ZCL_KE_CA_PUBLIC_KEY_LEN))
    283              {
    284                (void)osal_nv_write(ZCD_NV_CA_PUBLIC_KEY, 0, ZCL_KE_CA_PUBLIC_KEY_LEN, certData);
    285                HalFlashRead(HAL_FLASH_IEEE_PAGE, HAL_FLASH_IMPLICIT_CERT_OSET, certData,
    286                                                     ZCL_KE_IMPLICIT_CERTIFICATE_LEN);
    287                (void)osal_nv_write(ZCD_NV_IMPLICIT_CERTIFICATE, 0,
    288                                    ZCL_KE_IMPLICIT_CERTIFICATE_LEN, certData);
    289                HalFlashRead(HAL_FLASH_IEEE_PAGE, HAL_FLASH_DEV_PRIVATE_KEY_OSET, certData,
    290                                                  ZCL_KE_DEVICE_PRIVATE_KEY_LEN);
    291                (void)osal_nv_write(ZCD_NV_DEVICE_PRIVATE_KEY, 0, ZCL_KE_DEVICE_PRIVATE_KEY_LEN, certData);
    292              }
    293            }
    294          }
    295          #endif
    296          
    297          /**************************************************************************************************
    298           * @fn          zmain_dev_info
    299           *
    300           * @brief       This displays the IEEE (MSB to LSB) on the LCD.
    301           *
    302           * input parameters
    303           *
    304           * None.
    305           *
    306           * output parameters
    307           *
    308           * None.
    309           *
    310           * @return      None.
    311           **************************************************************************************************
    312           */
    313          static void zmain_dev_info(void)
    314          {
    315          #if defined ( SERIAL_DEBUG_SUPPORTED ) || (defined ( LEGACY_LCD_DEBUG ) && defined (LCD_SUPPORTED))
    316            uint8 i;
    317            uint8 *xad;
    318            uint8 lcd_buf[Z_EXTADDR_LEN*2+1];
    319          
    320            // Display the extended address.
    321            xad = aExtendedAddress + Z_EXTADDR_LEN - 1;
    322          
    323            for (i = 0; i < Z_EXTADDR_LEN*2; xad--)
    324            {
    325              uint8 ch;
    326              ch = (*xad >> 4) & 0x0F;
    327              lcd_buf[i++] = ch + (( ch < 10 ) ? '0' : '7');
    328              ch = *xad & 0x0F;
    329              lcd_buf[i++] = ch + (( ch < 10 ) ? '0' : '7');
    330            }
    331            lcd_buf[Z_EXTADDR_LEN*2] = '\0';
    332            HalLcdWriteString( "IEEE: ", HAL_LCD_DEBUG_LINE_1 );
    333            HalLcdWriteString( (char*)lcd_buf, HAL_LCD_DEBUG_LINE_2 );
    334          #endif
    335          }
    336          
    337          #ifdef LCD_SUPPORTED
    338          /*********************************************************************
    339           * @fn      zmain_lcd_init
    340           * @brief   Initialize LCD at start up.
    341           * @return  none
    342           *********************************************************************/
    343          static void zmain_lcd_init ( void )
    344          {
    345          #ifdef SERIAL_DEBUG_SUPPORTED
    346            {
    347              HalLcdWriteString( "TexasInstruments", HAL_LCD_DEBUG_LINE_1 );
    348          
    349          #if defined( MT_MAC_FUNC )
    350          #if defined( ZDO_COORDINATOR )
    351                HalLcdWriteString( "MAC-MT Coord", HAL_LCD_DEBUG_LINE_2 );
    352          #else
    353                HalLcdWriteString( "MAC-MT Device", HAL_LCD_DEBUG_LINE_2 );
    354          #endif // ZDO
    355          #elif defined( MT_NWK_FUNC )
    356          #if defined( ZDO_COORDINATOR )
    357                HalLcdWriteString( "NWK Coordinator", HAL_LCD_DEBUG_LINE_2 );
    358          #else
    359                HalLcdWriteString( "NWK Device", HAL_LCD_DEBUG_LINE_2 );
    360          #endif // ZDO
    361          #endif // MT_FUNC
    362            }
    363          #endif // SERIAL_DEBUG_SUPPORTED
    364          }
    365          #endif
    366          
    367          /*********************************************************************
    368          *********************************************************************/

   Maximum stack usage in bytes:

   ISTACK XSTACK Function
   ------ ------ --------
      1     17   main
        0     17   -> HalAdcCheckVdd
        0     17   -> HalDriverInit
        0     17   -> HalLcdWriteString
        0     17   -> InitBoard
        0     17   -> ZMacInit
        0     17   -> osal_init_system
        0     17   -> osal_int_disable
        0     17   -> osal_int_enable
        0     17   -> osal_nv_init
        0     17   -> osal_start_system
        0     17   -> zgInit
        0     17   -> zmain_ext_addr
      1     47   zmain_ext_addr
        0     28   -> HalFlashRead
        0     26   -> ZMacSetReq
        0     29   -> osal_memcmp
        0     29   -> osal_memcpy
        0     28   -> osal_nv_item_init
        0     30   -> osal_nv_read
        0     30   -> osal_nv_write
        0     26   -> osal_rand


   Segment part sizes:

   Bytes  Function/Label
   -----  --------------
       7  ?<Constant "IEEE: ">
      17  ?<Constant "TexasInstruments">
       8  ?<Constant {255, 255, 255, 255, 255, 255, 255,
      11  ?Subroutine0
       1  CLKCONCMD
       1  CLKCONSTA
       1  P0DIR
       1  SLEEPCMD
       1  SLEEPSTA
       1  _A_P0
     289  main
       6  main::?relay
     360  zmain_ext_addr
       6  zmain_ext_addr::?relay

 
 660 bytes in segment BANKED_CODE
  12 bytes in segment BANK_RELAYS
   6 bytes in segment SFR_AN
  32 bytes in segment XDATA_ROM_C
 
  12 bytes of CODE     memory
  32 bytes of CONST    memory
   0 bytes of DATA     memory (+ 6 bytes shared)
 660 bytes of HUGECODE memory

Errors: none
Warnings: none
